#
# A fatal error has been detected by the Java Runtime Environment:
#
#  SIGSEGV (0xb) at pc=0x00007fff8fee5d08, pid=21745, tid=775
#
# JRE version: Java(TM) SE Runtime Environment (8.0_71-b15) (build 1.8.0_71-b15)
# Java VM: Java HotSpot(TM) 64-Bit Server VM (25.71-b15 mixed mode bsd-amd64 compressed oops)
# Problematic frame:
# C  [libobjc.A.dylib+0xbd08]  objc_storeWeak+0x16e
#
# Failed to write core dump. Core dumps have been disabled. To enable core dumping, try "ulimit -c unlimited" before starting Java again
#
# If you would like to submit a bug report, please visit:
#   http://bugreport.java.com/bugreport/crash.jsp
# The crash happened outside the Java Virtual Machine in native code.
# See problematic frame for where to report the bug.
#

---------------  T H R E A D  ---------------

Current thread (0x00007ff7fc05c800):  JavaThread "AppKit Thread" daemon [_thread_in_native, id=775, stack(0x00007fff56248000,0x00007fff56a48000)]

siginfo: si_signo: 11 (SIGSEGV), si_code: 1 (SEGV_MAPERR), si_addr: 0x0000000000000000

Registers:
RAX=0x00007ff7fb806c00, RBX=0x00007fff99635480, RCX=0x0000000000000000, RDX=0x00007ffffffffff8
RSP=0x00007fff56a42680, RBP=0x00007fff56a42700, RSI=0x00007ff7fb807000, RDI=0x00007fff99635480
R8 =0x000000000000003f, R9 =0x00007ff7fa796970, R10=0x0000000000000002, R11=0x00007ff7fb931620
R12=0x00007fff99635940, R13=0x0000000000000000, R14=0x00007ff7fa766220, R15=0x0000000000000000
RIP=0x00007fff8fee5d08, EFLAGS=0x0000000000010206, ERR=0x0000000000000004
  TRAPNO=0x000000000000000e

Top of Stack: (sp=0x00007fff56a42680)
0x00007fff56a42680:   0000000000000000 00007ff7fa63e470
0x00007fff56a42690:   ffff800805869690 00000000000004c0
0x00007fff56a426a0:   00007fff9957f630 0000000000000000
0x00007fff56a426b0:   00007fff99635940 00007ff7fa766220
0x00007fff56a426c0:   0000000000000000 00007ff7fa63e4f0
0x00007fff56a426d0:   000000000000000e 00007ff7fa796970
0x00007fff56a426e0:   0000000000000000 00007ff7fa796970
0x00007fff56a426f0:   00007ff7fa63e2e0 00007ff7fa766220
0x00007fff56a42700:   00007fff56a42740 00007fff7ca5dacf
0x00007fff56a42710:   00007fff56a42740 0000000000000000
0x00007fff56a42720:   00007ff7fa766220 00007fff79792006
0x00007fff56a42730:   00007ff7fa796970 00007fff8fee1040
0x00007fff56a42740:   00007fff56a42770 00007fff78e2a6fb
0x00007fff56a42750:   00007fff8fee1040 00007fff56a427f8
0x00007fff56a42760:   00007fff797d5759 00007fff8fee1040
0x00007fff56a42770:   00007fff56a427b0 00007fff791f7c73
0x00007fff56a42780:   0000000000000000 0000000000000000
0x00007fff56a42790:   0000000000000094 00007fff797b817f
0x00007fff56a427a0:   00007fff56a427f8 0000000000000001
0x00007fff56a427b0:   00007fff56a427e0 00007fff78c81d48
0x00007fff56a427c0:   0000000000000000 00007ff7fa766220
0x00007fff56a427d0:   00007ff7fa796970 0000000000000000
0x00007fff56a427e0:   00007fff56a42840 00007fff78e2a538
0x00007fff56a427f0:   0000000000000000 00007fff996c8060
0x00007fff56a42800:   00000000c2000000 00007fff791f7b84
0x00007fff56a42810:   00007fff9579dcf0 0000000000000000
0x00007fff56a42820:   00007ff7fa766220 00007ff7fa796970
0x00007fff56a42830:   00007ff7fa796970 00007ff7fa766220
0x00007fff56a42840:   00007fff56a42870 00000001145ae586
0x00007fff56a42850:   00007ff7fa796970 00000001145e2c60
0x00007fff56a42860:   00007ff7fa74c3d0 00007ff7fa74c3d0
0x00007fff56a42870:   00007fff56a42de0 00007fff78ca4e7b 

Instructions: (pc=0x00007fff8fee5d08)
0x00007fff8fee5ce8:   eb 07 48 8b 45 a0 48 8b 30 48 8b 45 c0 48 39 c6
0x00007fff8fee5cf8:   74 2a 48 8b 46 20 48 89 c1 48 21 d1 48 8b 49 08
0x00007fff8fee5d08:   f6 01 01 75 0a 48 8b 06 48 21 d0 48 8b 40 20 48
0x00007fff8fee5d18:   21 d0 f6 40 03 20 0f 84 f8 fe ff ff 49 c1 e5 06 

Register to memory mapping:

RAX=0x00007ff7fb806c00 is an unknown value
RBX=0x00007fff99635480: _ZN12_GLOBAL__N_1L12SideTableBufE+0 in /usr/lib/libobjc.A.dylib at 0x00007fff8feda000
RCX=0x0000000000000000 is an unknown value
RDX=0x00007ffffffffff8 is an unknown value
RSP=0x00007fff56a42680 is pointing into the stack for thread: 0x00007ff7fc05c800
RBP=0x00007fff56a42700 is pointing into the stack for thread: 0x00007ff7fc05c800
RSI=0x00007ff7fb807000 is a thread
RDI=0x00007fff99635480: _ZN12_GLOBAL__N_1L12SideTableBufE+0 in /usr/lib/libobjc.A.dylib at 0x00007fff8feda000
R8 =0x000000000000003f is an unknown value
R9 =0x00007ff7fa796970 is an unknown value
R10=0x0000000000000002 is an unknown value
R11=0x00007ff7fb931620 is an unknown value
R12=0x00007fff99635940: _ZN12_GLOBAL__N_1L12SideTableBufE+0x4c0 in /usr/lib/libobjc.A.dylib at 0x00007fff8feda000
R13=0x0000000000000000 is an unknown value
R14=0x00007ff7fa766220 is an unknown value
R15=0x0000000000000000 is an unknown value


Stack: [0x00007fff56248000,0x00007fff56a48000],  sp=0x00007fff56a42680,  free space=8169k
Native frames: (J=compiled Java code, j=interpreted, Vv=VM code, C=native code)
C  [libobjc.A.dylib+0xbd08]  objc_storeWeak+0x16e
C  [Foundation+0x17acf]  -[NSConcreteMapTable setObject:forKey:]+0x6a
C  [AppKit+0x3226fb]  -[NSView(NSOpenGLContextAssociation) _setOpenGLContext:]+0x9b
C  [AppKit+0x6efc73]  __27-[NSOpenGLContext setView:]_block_invoke+0xef
C  [AppKit+0x179d48]  NSPerformVisuallyAtomicChange+0x93
C  [AppKit+0x322538]  -[NSOpenGLContext setView:]+0x69
C  [liblwjgl.dylib+0xa586]  -[MacOSXOpenGLView lockFocus]+0x76
C  [AppKit+0x19ce7b]  -[NSView _recursiveDisplayRectIfNeededIgnoringOpacity:isVisibleRect:rectIsVisibleRectForView:topView:]+0x6ee
C  [AppKit+0x19d6d1]  -[NSView _recursiveDisplayRectIfNeededIgnoringOpacity:isVisibleRect:rectIsVisibleRectForView:topView:]+0xf44
C  [AppKit+0x19c2af]  -[NSThemeFrame _recursiveDisplayRectIfNeededIgnoringOpacity:isVisibleRect:rectIsVisibleRectForView:topView:]+0x14e
C  [AppKit+0x19a6d8]  -[NSView _displayRectIgnoringOpacity:isVisibleRect:rectIsVisibleRectForView:]+0x994
C  [AppKit+0x195fca]  -[NSView displayIfNeeded]+0x6d4
C  [AppKit+0x1958db]  -[NSWindow displayIfNeeded]+0xe6
C  [AppKit+0x8f5cb4]  ___NSWindowGetDisplayCycleObserver_block_invoke.6228+0x115
C  [AppKit+0x1953b9]  __37+[NSDisplayCycle currentDisplayCycle]_block_invoke+0x1c6
C  [QuartzCore+0x11d06]  _ZN2CA11Transaction19run_commit_handlersE18CATransactionPhase+0x2e
C  [QuartzCore+0x11b8bc]  _ZN2CA7Context18commit_transactionEPNS_11TransactionE+0xa0
C  [QuartzCore+0x107e1]  _ZN2CA11Transaction6commitEv+0x1db
C  [AppKit+0x4788b1]  __37+[NSDisplayCycle currentDisplayCycle]_block_invoke.31+0x143
C  [CoreFoundation+0xa6d37]  __CFRUNLOOP_IS_CALLING_OUT_TO_AN_OBSERVER_CALLBACK_FUNCTION__+0x17
C  [CoreFoundation+0xa6ca7]  __CFRunLoopDoObservers+0x187
C  [CoreFoundation+0x876d9]  __CFRunLoopRun+0x369
C  [CoreFoundation+0x87114]  CFRunLoopRunSpecific+0x1a4
C  [HIToolbox+0x30ebc]  RunCurrentEventLoopInMode+0xf0
C  [HIToolbox+0x30bf9]  ReceiveNextEventCommon+0xb8
C  [HIToolbox+0x30b26]  _BlockUntilNextEventMatchingListInModeWithFilter+0x47
C  [AppKit+0x46a54]  _DPSNextEvent+0x460
C  [AppKit+0x7c27ee]  -[NSApplication(NSEvent) _nextEventMatchingEventMask:untilDate:inMode:dequeue:]+0xaec
C  [libosxapp.dylib+0x23aa]  -[NSApplicationAWT nextEventMatchingMask:untilDate:inMode:dequeue:]+0x7c
C  [AppKit+0x3b3db]  -[NSApplication run]+0x39e
C  [libosxapp.dylib+0x214d]  +[NSApplicationAWT runAWTLoopWithApp:]+0x9c
C  [libawt_lwawt.dylib+0x4455b]  -[AWTStarter starter:]+0x389
C  [Foundation+0x7152a]  __NSThreadPerformPerform+0x146
C  [CoreFoundation+0xa7321]  __CFRUNLOOP_IS_CALLING_OUT_TO_A_SOURCE0_PERFORM_FUNCTION__+0x11
C  [CoreFoundation+0x8821d]  __CFRunLoopDoSources0+0x22d
C  [CoreFoundation+0x87716]  __CFRunLoopRun+0x3a6
C  [CoreFoundation+0x87114]  CFRunLoopRunSpecific+0x1a4
C  [java+0x6463]  CreateExecutionEnvironment+0x367
C  [java+0x21ac]  JLI_Launch+0x7a0
C  [java+0x84c0]  main+0x65
C  [java+0x1a04]  start+0x34
C  0x0000000000000006


---------------  P R O C E S S  ---------------

Java Threads: ( => current thread )
  0x00007ff7fb8d8800 JavaThread "AWT-Shutdown" [_thread_blocked, id=29215, stack(0x0000700006f96000,0x0000700007096000)]
=>0x00007ff7fc05c800 JavaThread "AppKit Thread" daemon [_thread_in_native, id=775, stack(0x00007fff56248000,0x00007fff56a48000)]
  0x00007ff7fc03d000 JavaThread "Service Thread" daemon [_thread_blocked, id=18691, stack(0x0000700006d90000,0x0000700006e90000)]
  0x00007ff7fc034000 JavaThread "C1 CompilerThread2" daemon [_thread_blocked, id=18179, stack(0x0000700006c8d000,0x0000700006d8d000)]
  0x00007ff7fc033800 JavaThread "C2 CompilerThread1" daemon [_thread_blocked, id=17667, stack(0x0000700006b8a000,0x0000700006c8a000)]
  0x00007ff7fc02f800 JavaThread "C2 CompilerThread0" daemon [_thread_blocked, id=17155, stack(0x0000700006a87000,0x0000700006b87000)]
  0x00007ff7fc01f000 JavaThread "Signal Dispatcher" daemon [_thread_blocked, id=16643, stack(0x0000700006984000,0x0000700006a84000)]
  0x00007ff7fa80d000 JavaThread "Finalizer" daemon [_thread_blocked, id=12547, stack(0x0000700006881000,0x0000700006981000)]
  0x00007ff7fb817000 JavaThread "Reference Handler" daemon [_thread_blocked, id=12035, stack(0x000070000677e000,0x000070000687e000)]
  0x00007ff7fb807000 JavaThread "main" [_thread_in_native, id=7171, stack(0x000070000616c000,0x000070000626c000)]

Other Threads:
  0x00007ff7fc01b000 VMThread [stack: 0x000070000667b000,0x000070000677b000] [id=11523]
  0x00007ff7fa825000 WatcherThread [stack: 0x0000700006e93000,0x0000700006f93000] [id=19203]

VM state:not at safepoint (normal execution)

VM Mutex/Monitor currently owned by a thread: None

Heap:
 PSYoungGen      total 18944K, used 4933K [0x00000007aab00000, 0x00000007ad000000, 0x00000007c0000000)
  eden space 16384K, 14% used [0x00000007aab00000,0x00000007aad55340,0x00000007abb00000)
  from space 2560K, 99% used [0x00000007abb00000,0x00000007abd7c0d0,0x00000007abd80000)
  to   space 2560K, 0% used [0x00000007acd80000,0x00000007acd80000,0x00000007ad000000)
 ParOldGen       total 44032K, used 310K [0x0000000780000000, 0x0000000782b00000, 0x00000007aab00000)
  object space 44032K, 0% used [0x0000000780000000,0x000000078004d8d8,0x0000000782b00000)
 Metaspace       used 8370K, capacity 8557K, committed 8704K, reserved 1056768K
  class space    used 853K, capacity 923K, committed 1024K, reserved 1048576K

Card table byte_map: [0x000000010adf5000,0x000000010aff6000] byte_map_base: 0x00000001071f5000

Marking Bits: (ParMarkBitMap*) 0x0000000109b18ea0
 Begin Bits: [0x000000010b14c000, 0x000000010c14c000)
 End Bits:   [0x000000010c14c000, 0x000000010d14c000)

Polling page: 0x000000010a1d2000

CodeCache: size=245760Kb used=3066Kb max_used=3066Kb free=242693Kb
 bounds [0x0000000115886000, 0x0000000115b86000, 0x0000000124886000]
 total_blobs=1201 nmethods=791 adapters=324
 compilation: enabled

Compilation events (10 events):
Event: 2.209 Thread 0x00007ff7fc034000  785       3       org.lwjgl.opengl.GL11::glCallList (19 bytes)
Event: 2.210 Thread 0x00007ff7fc034000 nmethod 785 0x0000000115b826d0 code [0x0000000115b828c0, 0x0000000115b82ff8]
Event: 2.233 Thread 0x00007ff7fc034000  788       3       java.util.LinkedHashMap::afterNodeAccess (116 bytes)
Event: 2.234 Thread 0x00007ff7fc034000 nmethod 788 0x0000000115b83ad0 code [0x0000000115b83c60, 0x0000000115b84130]
Event: 2.284 Thread 0x00007ff7fc034000  789       3       com.mason.entities.Entity::draw (123 bytes)
Event: 2.285 Thread 0x00007ff7fc034000 nmethod 789 0x0000000115b84290 code [0x0000000115b84460, 0x0000000115b84cb8]
Event: 2.291 Thread 0x00007ff7fc034000  790       3       org.lwjgl.MemoryUtil::getAddress0 (10 bytes)
Event: 2.292 Thread 0x00007ff7fc034000 nmethod 790 0x0000000115b85190 code [0x0000000115b85300, 0x0000000115b854b0]
Event: 2.292 Thread 0x00007ff7fc034000  791       3       org.lwjgl.MemoryUtilSun$AccessorUnsafe::getAddress (13 bytes)
Event: 2.292 Thread 0x00007ff7fc034000 nmethod 791 0x0000000115b855d0 code [0x0000000115b85740, 0x0000000115b858b0]

GC Heap History (2 events):
Event: 1.572 GC heap before
{Heap before GC invocations=1 (full 0):
 PSYoungGen      total 18944K, used 16384K [0x00000007aab00000, 0x00000007ac000000, 0x00000007c0000000)
  eden space 16384K, 100% used [0x00000007aab00000,0x00000007abb00000,0x00000007abb00000)
  from space 2560K, 0% used [0x00000007abd80000,0x00000007abd80000,0x00000007ac000000)
  to   space 2560K, 0% used [0x00000007abb00000,0x00000007abb00000,0x00000007abd80000)
 ParOldGen       total 44032K, used 0K [0x0000000780000000, 0x0000000782b00000, 0x00000007aab00000)
  object space 44032K, 0% used [0x0000000780000000,0x0000000780000000,0x0000000782b00000)
 Metaspace       used 8212K, capacity 8425K, committed 8704K, reserved 1056768K
  class space    used 841K, capacity 921K, committed 1024K, reserved 1048576K
Event: 1.594 GC heap after
Heap after GC invocations=1 (full 0):
 PSYoungGen      total 18944K, used 2544K [0x00000007aab00000, 0x00000007ad000000, 0x00000007c0000000)
  eden space 16384K, 0% used [0x00000007aab00000,0x00000007aab00000,0x00000007abb00000)
  from space 2560K, 99% used [0x00000007abb00000,0x00000007abd7c0d0,0x00000007abd80000)
  to   space 2560K, 0% used [0x00000007acd80000,0x00000007acd80000,0x00000007ad000000)
 ParOldGen       total 44032K, used 310K [0x0000000780000000, 0x0000000782b00000, 0x00000007aab00000)
  object space 44032K, 0% used [0x0000000780000000,0x000000078004d8d8,0x0000000782b00000)
 Metaspace       used 8212K, capacity 8425K, committed 8704K, reserved 1056768K
  class space    used 841K, capacity 921K, committed 1024K, reserved 1048576K
}

Deoptimization events (2 events):
Event: 0.241 Thread 0x00007ff7fb807000 Uncommon trap: reason=unstable_if action=reinterpret pc=0x00000001159c1f40 method=java.lang.String.indexOf(II)I @ 49
Event: 0.560 Thread 0x00007ff7fb807000 Uncommon trap: reason=unstable_if action=reinterpret pc=0x0000000115a1949c method=java.lang.String.replace(CC)Ljava/lang/String; @ 26

Internal exceptions (10 events):
Event: 0.083 Thread 0x00007ff7fb807000 Exception <a 'java/lang/NoSuchMethodError': Method sun.misc.Unsafe.prefetchRead(Ljava/lang/Object;J)V name or signature does not match> (0x00000007aab13298) thrown at [/Users/java_re/workspace/8-2-build-macosx-x86_64/jdk8u71/5731/hotspot/src/share/vm/prim
Event: 0.200 Thread 0x00007ff7fb807000 Exception <a 'java/security/PrivilegedActionException'> (0x00000007aad1f668) thrown at [/Users/java_re/workspace/8-2-build-macosx-x86_64/jdk8u71/5731/hotspot/src/share/vm/prims/jvm.cpp, line 1386]
Event: 0.201 Thread 0x00007ff7fb807000 Exception <a 'java/security/PrivilegedActionException'> (0x00000007aad1f878) thrown at [/Users/java_re/workspace/8-2-build-macosx-x86_64/jdk8u71/5731/hotspot/src/share/vm/prims/jvm.cpp, line 1386]
Event: 0.202 Thread 0x00007ff7fb807000 Exception <a 'java/security/PrivilegedActionException'> (0x00000007aad22d00) thrown at [/Users/java_re/workspace/8-2-build-macosx-x86_64/jdk8u71/5731/hotspot/src/share/vm/prims/jvm.cpp, line 1386]
Event: 0.202 Thread 0x00007ff7fb807000 Exception <a 'java/security/PrivilegedActionException'> (0x00000007aad22f10) thrown at [/Users/java_re/workspace/8-2-build-macosx-x86_64/jdk8u71/5731/hotspot/src/share/vm/prims/jvm.cpp, line 1386]
Event: 0.284 Thread 0x00007ff7fb807000 Exception <a 'java/lang/NoSuchFieldError': method resolution failed> (0x00000007aadf4780) thrown at [/Users/java_re/workspace/8-2-build-macosx-x86_64/jdk8u71/5731/hotspot/src/share/vm/prims/methodHandles.cpp, line 1146]
Event: 0.292 Thread 0x00007ff7fb807000 Exception <a 'java/lang/NoSuchFieldError': method resolution failed> (0x00000007aae01ed0) thrown at [/Users/java_re/workspace/8-2-build-macosx-x86_64/jdk8u71/5731/hotspot/src/share/vm/prims/methodHandles.cpp, line 1146]
Event: 0.525 Thread 0x00007ff7fb807000 Exception <a 'java/io/FileNotFoundException'> (0x00000007aae7d188) thrown at [/Users/java_re/workspace/8-2-build-macosx-x86_64/jdk8u71/5731/hotspot/src/share/vm/prims/jni.cpp, line 709]
Event: 0.525 Thread 0x00007ff7fb807000 Exception <a 'java/io/FileNotFoundException'> (0x00000007aae7dcc8) thrown at [/Users/java_re/workspace/8-2-build-macosx-x86_64/jdk8u71/5731/hotspot/src/share/vm/prims/jni.cpp, line 709]
Event: 0.901 Thread 0x00007ff7fb807000 Exception <a 'java/lang/NoClassDefFoundError': net/java/games/input/ControllerEnvironment> (0x00000007ab2edfc8) thrown at [/Users/java_re/workspace/8-2-build-macosx-x86_64/jdk8u71/5731/hotspot/src/share/vm/classfile/systemDictionary.cpp, line 199]

Events (10 events):
Event: 1.698 loading class sun/misc/FloatingDecimal$ASCIIToBinaryConverter done
Event: 1.698 loading class sun/misc/FloatingDecimal$PreparedASCIIToBinaryBuffer done
Event: 1.698 loading class org/newdawn/slick/AngelCodeFont$DisplayList
Event: 1.698 loading class org/newdawn/slick/AngelCodeFont$DisplayList done
Event: 1.782 loading class org/newdawn/slick/geom/ShapeRenderer
Event: 1.782 loading class org/newdawn/slick/geom/ShapeRenderer done
Event: 1.783 loading class org/newdawn/slick/geom/ShapeRenderer$PointCallback
Event: 1.783 loading class org/newdawn/slick/geom/ShapeRenderer$PointCallback done
Event: 2.316 loading class org/lwjgl/opengl/CallbackUtil
Event: 2.316 loading class org/lwjgl/opengl/CallbackUtil done


Dynamic libraries:
0x0000000005c57000 	/System/Library/Frameworks/Cocoa.framework/Versions/A/Cocoa
0x0000000005c57000 	/System/Library/Frameworks/Security.framework/Versions/A/Security
0x0000000005c57000 	/System/Library/Frameworks/ApplicationServices.framework/Versions/A/ApplicationServices
0x0000000005c57000 	/usr/lib/libz.1.dylib
0x0000000005c57000 	/usr/lib/libSystem.B.dylib
0x0000000005c57000 	/usr/lib/libobjc.A.dylib
0x0000000005c57000 	/System/Library/Frameworks/CoreFoundation.framework/Versions/A/CoreFoundation
0x0000000005c57000 	/System/Library/Frameworks/Foundation.framework/Versions/C/Foundation
0x0000000005c57000 	/System/Library/Frameworks/AppKit.framework/Versions/C/AppKit
0x0000000005c57000 	/System/Library/Frameworks/CoreData.framework/Versions/A/CoreData
0x0000000005c57000 	/System/Library/PrivateFrameworks/RemoteViewServices.framework/Versions/A/RemoteViewServices
0x0000000005c57000 	/System/Library/PrivateFrameworks/UIFoundation.framework/Versions/A/UIFoundation
0x0000000005c57000 	/System/Library/PrivateFrameworks/DFRFoundation.framework/Versions/A/DFRFoundation
0x0000000005c57000 	/usr/lib/libenergytrace.dylib
0x0000000005c57000 	/System/Library/PrivateFrameworks/SkyLight.framework/Versions/A/SkyLight
0x0000000005c57000 	/System/Library/Frameworks/CoreGraphics.framework/Versions/A/CoreGraphics
0x0000000005c57000 	/usr/lib/libScreenReader.dylib
0x0000000005c57000 	/System/Library/Frameworks/Accelerate.framework/Versions/A/Accelerate
0x0000000005c57000 	/System/Library/Frameworks/IOSurface.framework/Versions/A/IOSurface
0x0000000005c57000 	/System/Library/Frameworks/AudioToolbox.framework/Versions/A/AudioToolbox
0x0000000005c57000 	/System/Library/Frameworks/AudioUnit.framework/Versions/A/AudioUnit
0x0000000005c57000 	/System/Library/PrivateFrameworks/DataDetectorsCore.framework/Versions/A/DataDetectorsCore
0x0000000005c57000 	/System/Library/PrivateFrameworks/DesktopServicesPriv.framework/Versions/A/DesktopServicesPriv
0x0000000005c57000 	/System/Library/Frameworks/Carbon.framework/Versions/A/Frameworks/HIToolbox.framework/Versions/A/HIToolbox
0x0000000005c57000 	/usr/lib/libicucore.A.dylib
0x0000000005c57000 	/System/Library/Frameworks/QuartzCore.framework/Versions/A/QuartzCore
0x0000000005c57000 	/System/Library/Frameworks/Carbon.framework/Versions/A/Frameworks/SpeechRecognition.framework/Versions/A/SpeechRecognition
0x0000000005c57000 	/usr/lib/libauto.dylib
0x0000000005c57000 	/usr/lib/libxml2.2.dylib
0x0000000005c57000 	/System/Library/PrivateFrameworks/CoreUI.framework/Versions/A/CoreUI
0x0000000005c57000 	/System/Library/Frameworks/CoreAudio.framework/Versions/A/CoreAudio
0x0000000005c57000 	/System/Library/Frameworks/DiskArbitration.framework/Versions/A/DiskArbitration
0x0000000005c57000 	/usr/lib/liblangid.dylib
0x0000000005c57000 	/System/Library/PrivateFrameworks/MultitouchSupport.framework/Versions/A/MultitouchSupport
0x0000000005c57000 	/System/Library/Frameworks/IOKit.framework/Versions/A/IOKit
0x0000000005c57000 	/usr/lib/libDiagnosticMessagesClient.dylib
0x0000000005c57000 	/System/Library/Frameworks/CoreServices.framework/Versions/A/CoreServices
0x0000000005c57000 	/System/Library/PrivateFrameworks/PerformanceAnalysis.framework/Versions/A/PerformanceAnalysis
0x0000000005c57000 	/System/Library/PrivateFrameworks/GenerationalStorage.framework/Versions/A/GenerationalStorage
0x0000000005c57000 	/System/Library/Frameworks/OpenGL.framework/Versions/A/OpenGL
0x0000000005c57000 	/System/Library/Frameworks/CoreImage.framework/Versions/A/CoreImage
0x0000000005c57000 	/System/Library/Frameworks/CoreText.framework/Versions/A/CoreText
0x0000000005c57000 	/System/Library/Frameworks/ImageIO.framework/Versions/A/ImageIO
0x0000000005c57000 	/System/Library/PrivateFrameworks/Backup.framework/Versions/A/Backup
0x0000000005c57000 	/usr/lib/libarchive.2.dylib
0x0000000005c57000 	/System/Library/Frameworks/CFNetwork.framework/Versions/A/CFNetwork
0x0000000005c57000 	/System/Library/Frameworks/SystemConfiguration.framework/Versions/A/SystemConfiguration
0x0000000005c57000 	/usr/lib/libCRFSuite.dylib
0x0000000005c57000 	/usr/lib/libc++.1.dylib
0x0000000005c57000 	/usr/lib/libc++abi.dylib
0x0000000005c57000 	/usr/lib/system/libcache.dylib
0x0000000005c57000 	/usr/lib/system/libcommonCrypto.dylib
0x0000000005c57000 	/usr/lib/system/libcompiler_rt.dylib
0x0000000005c57000 	/usr/lib/system/libcopyfile.dylib
0x0000000005c57000 	/usr/lib/system/libcorecrypto.dylib
0x0000000005c57000 	/usr/lib/system/libdispatch.dylib
0x0000000005c57000 	/usr/lib/system/libdyld.dylib
0x0000000005c57000 	/usr/lib/system/libkeymgr.dylib
0x0000000005c57000 	/usr/lib/system/liblaunch.dylib
0x0000000005c57000 	/usr/lib/system/libmacho.dylib
0x0000000005c57000 	/usr/lib/system/libquarantine.dylib
0x0000000005c57000 	/usr/lib/system/libremovefile.dylib
0x0000000005c57000 	/usr/lib/system/libsystem_asl.dylib
0x0000000005c57000 	/usr/lib/system/libsystem_blocks.dylib
0x0000000005c57000 	/usr/lib/system/libsystem_c.dylib
0x0000000005c57000 	/usr/lib/system/libsystem_configuration.dylib
0x0000000005c57000 	/usr/lib/system/libsystem_coreservices.dylib
0x0000000005c57000 	/usr/lib/system/libsystem_coretls.dylib
0x0000000005c57000 	/usr/lib/system/libsystem_dnssd.dylib
0x0000000005c57000 	/usr/lib/system/libsystem_info.dylib
0x0000000005c57000 	/usr/lib/system/libsystem_kernel.dylib
0x0000000005c57000 	/usr/lib/system/libsystem_m.dylib
0x0000000005c57000 	/usr/lib/system/libsystem_malloc.dylib
0x0000000005c57000 	/usr/lib/system/libsystem_network.dylib
0x0000000005c57000 	/usr/lib/system/libsystem_networkextension.dylib
0x0000000005c57000 	/usr/lib/system/libsystem_notify.dylib
0x0000000005c57000 	/usr/lib/system/libsystem_platform.dylib
0x0000000005c57000 	/usr/lib/system/libsystem_pthread.dylib
0x0000000005c57000 	/usr/lib/system/libsystem_sandbox.dylib
0x0000000005c57000 	/usr/lib/system/libsystem_secinit.dylib
0x0000000005c57000 	/usr/lib/system/libsystem_symptoms.dylib
0x0000000005c57000 	/usr/lib/system/libsystem_trace.dylib
0x0000000005c57000 	/usr/lib/system/libunwind.dylib
0x0000000005c57000 	/usr/lib/system/libxpc.dylib
0x0000000005c57000 	/usr/lib/libbsm.0.dylib
0x0000000005c57000 	/usr/lib/system/libkxld.dylib
0x0000000005c57000 	/usr/lib/libcoretls.dylib
0x0000000005c57000 	/usr/lib/libcoretls_cfhelpers.dylib
0x0000000005c57000 	/usr/lib/libOpenScriptingUtil.dylib
0x0000000005c57000 	/usr/lib/libpam.2.dylib
0x0000000005c57000 	/usr/lib/libsqlite3.dylib
0x0000000005c57000 	/usr/lib/libxar.1.dylib
0x0000000005c57000 	/usr/lib/libbz2.1.0.dylib
0x0000000005c57000 	/usr/lib/liblzma.5.dylib
0x0000000005c57000 	/usr/lib/libnetwork.dylib
0x0000000005c57000 	/usr/lib/libpcap.A.dylib
0x0000000005c57000 	/System/Library/Frameworks/CoreServices.framework/Versions/A/Frameworks/FSEvents.framework/Versions/A/FSEvents
0x0000000005c57000 	/System/Library/Frameworks/CoreServices.framework/Versions/A/Frameworks/CarbonCore.framework/Versions/A/CarbonCore
0x0000000005c57000 	/System/Library/Frameworks/CoreServices.framework/Versions/A/Frameworks/Metadata.framework/Versions/A/Metadata
0x0000000005c57000 	/System/Library/Frameworks/CoreServices.framework/Versions/A/Frameworks/OSServices.framework/Versions/A/OSServices
0x0000000005c57000 	/System/Library/Frameworks/CoreServices.framework/Versions/A/Frameworks/SearchKit.framework/Versions/A/SearchKit
0x0000000005c57000 	/System/Library/Frameworks/CoreServices.framework/Versions/A/Frameworks/AE.framework/Versions/A/AE
0x0000000005c57000 	/System/Library/Frameworks/CoreServices.framework/Versions/A/Frameworks/LaunchServices.framework/Versions/A/LaunchServices
0x0000000005c57000 	/System/Library/Frameworks/CoreServices.framework/Versions/A/Frameworks/DictionaryServices.framework/Versions/A/DictionaryServices
0x0000000005c57000 	/System/Library/Frameworks/CoreServices.framework/Versions/A/Frameworks/SharedFileList.framework/Versions/A/SharedFileList
0x0000000005c57000 	/System/Library/Frameworks/NetFS.framework/Versions/A/NetFS
0x0000000005c57000 	/System/Library/PrivateFrameworks/NetAuth.framework/Versions/A/NetAuth
0x0000000005c57000 	/System/Library/PrivateFrameworks/login.framework/Versions/A/Frameworks/loginsupport.framework/Versions/A/loginsupport
0x0000000005c57000 	/System/Library/PrivateFrameworks/TCC.framework/Versions/A/TCC
0x0000000005c57000 	/usr/lib/libmecabra.dylib
0x0000000005c57000 	/System/Library/Frameworks/ApplicationServices.framework/Versions/A/Frameworks/ATS.framework/Versions/A/ATS
0x0000000005c57000 	/System/Library/Frameworks/ApplicationServices.framework/Versions/A/Frameworks/ColorSync.framework/Versions/A/ColorSync
0x0000000005c57000 	/System/Library/Frameworks/ApplicationServices.framework/Versions/A/Frameworks/HIServices.framework/Versions/A/HIServices
0x0000000005c57000 	/System/Library/Frameworks/ApplicationServices.framework/Versions/A/Frameworks/LangAnalysis.framework/Versions/A/LangAnalysis
0x0000000005c57000 	/System/Library/Frameworks/ApplicationServices.framework/Versions/A/Frameworks/PrintCore.framework/Versions/A/PrintCore
0x0000000005c57000 	/System/Library/Frameworks/ApplicationServices.framework/Versions/A/Frameworks/QD.framework/Versions/A/QD
0x0000000005c57000 	/System/Library/Frameworks/ApplicationServices.framework/Versions/A/Frameworks/SpeechSynthesis.framework/Versions/A/SpeechSynthesis
0x0000000005c57000 	/System/Library/Frameworks/Accelerate.framework/Versions/A/Frameworks/vImage.framework/Versions/A/vImage
0x0000000005c57000 	/System/Library/Frameworks/Accelerate.framework/Versions/A/Frameworks/vecLib.framework/Versions/A/vecLib
0x0000000005c57000 	/System/Library/Frameworks/Accelerate.framework/Versions/A/Frameworks/vecLib.framework/Versions/A/libvDSP.dylib
0x0000000005c57000 	/System/Library/Frameworks/Accelerate.framework/Versions/A/Frameworks/vecLib.framework/Versions/A/libBNNS.dylib
0x0000000005c57000 	/System/Library/Frameworks/Accelerate.framework/Versions/A/Frameworks/vecLib.framework/Versions/A/libQuadrature.dylib
0x0000000005c57000 	/System/Library/Frameworks/Accelerate.framework/Versions/A/Frameworks/vecLib.framework/Versions/A/libvMisc.dylib
0x0000000005c57000 	/System/Library/Frameworks/Accelerate.framework/Versions/A/Frameworks/vecLib.framework/Versions/A/libLAPACK.dylib
0x0000000005c57000 	/System/Library/Frameworks/Accelerate.framework/Versions/A/Frameworks/vecLib.framework/Versions/A/libBLAS.dylib
0x0000000005c57000 	/System/Library/Frameworks/Accelerate.framework/Versions/A/Frameworks/vecLib.framework/Versions/A/libLinearAlgebra.dylib
0x0000000005c57000 	/System/Library/Frameworks/Accelerate.framework/Versions/A/Frameworks/vecLib.framework/Versions/A/libSparseBLAS.dylib
0x0000000005c57000 	/System/Library/Frameworks/ApplicationServices.framework/Versions/A/Frameworks/ATS.framework/Versions/A/Resources/libFontParser.dylib
0x0000000005c57000 	/System/Library/Frameworks/ApplicationServices.framework/Versions/A/Frameworks/ATS.framework/Versions/A/Resources/libFontRegistry.dylib
0x0000000005c57000 	/System/Library/Frameworks/ImageIO.framework/Versions/A/Resources/libJPEG.dylib
0x0000000005c57000 	/System/Library/Frameworks/ImageIO.framework/Versions/A/Resources/libTIFF.dylib
0x0000000005c57000 	/System/Library/Frameworks/ImageIO.framework/Versions/A/Resources/libPng.dylib
0x0000000005c57000 	/System/Library/Frameworks/ImageIO.framework/Versions/A/Resources/libGIF.dylib
0x0000000005c57000 	/System/Library/Frameworks/ImageIO.framework/Versions/A/Resources/libJP2.dylib
0x0000000005c57000 	/System/Library/Frameworks/ImageIO.framework/Versions/A/Resources/libRadiance.dylib
0x0000000005c57000 	/usr/lib/libcompression.dylib
0x0000000005c57000 	/System/Library/PrivateFrameworks/AppleJPEG.framework/Versions/A/AppleJPEG
0x0000000005c57000 	/usr/lib/libcups.2.dylib
0x0000000005c57000 	/System/Library/Frameworks/Kerberos.framework/Versions/A/Kerberos
0x0000000005c57000 	/System/Library/Frameworks/GSS.framework/Versions/A/GSS
0x0000000005c57000 	/usr/lib/libresolv.9.dylib
0x0000000005c57000 	/usr/lib/libiconv.2.dylib
0x0000000005c57000 	/System/Library/PrivateFrameworks/Heimdal.framework/Versions/A/Heimdal
0x0000000005c57000 	/usr/lib/libheimdal-asn1.dylib
0x0000000005c57000 	/System/Library/Frameworks/OpenDirectory.framework/Versions/A/OpenDirectory
0x0000000005c57000 	/System/Library/PrivateFrameworks/CommonAuth.framework/Versions/A/CommonAuth
0x0000000005c57000 	/System/Library/Frameworks/OpenDirectory.framework/Versions/A/Frameworks/CFOpenDirectory.framework/Versions/A/CFOpenDirectory
0x0000000005c57000 	/System/Library/Frameworks/SecurityFoundation.framework/Versions/A/SecurityFoundation
0x0000000005c57000 	/System/Library/PrivateFrameworks/LanguageModeling.framework/Versions/A/LanguageModeling
0x0000000005c57000 	/usr/lib/libmarisa.dylib
0x0000000005c57000 	/usr/lib/libChineseTokenizer.dylib
0x0000000005c57000 	/usr/lib/libcmph.dylib
0x0000000005c57000 	/System/Library/PrivateFrameworks/CoreEmoji.framework/Versions/A/CoreEmoji
0x0000000005c57000 	/System/Library/Frameworks/ServiceManagement.framework/Versions/A/ServiceManagement
0x0000000005c57000 	/usr/lib/libxslt.1.dylib
0x0000000005c57000 	/System/Library/Frameworks/Carbon.framework/Versions/A/Frameworks/Ink.framework/Versions/A/Ink
0x0000000005c57000 	/System/Library/PrivateFrameworks/TextureIO.framework/Versions/A/TextureIO
0x0000000005c57000 	/System/Library/Frameworks/Metal.framework/Versions/A/Metal
0x0000000005c57000 	/usr/lib/libate.dylib
0x0000000005c57000 	/System/Library/PrivateFrameworks/GPUCompiler.framework/libmetal_timestamp.dylib
0x0000000005c57000 	/System/Library/Frameworks/OpenGL.framework/Versions/A/Libraries/libCoreFSCache.dylib
0x0000000005c57000 	/System/Library/PrivateFrameworks/IOAccelerator.framework/Versions/A/IOAccelerator
0x0000000005c57000 	/System/Library/Frameworks/CoreVideo.framework/Versions/A/CoreVideo
0x0000000005c57000 	/usr/lib/libFosl_dynamic.dylib
0x0000000005c57000 	/System/Library/PrivateFrameworks/MetalPerformanceShaders.framework/Versions/A/MetalPerformanceShaders
0x0000000005c57000 	/System/Library/PrivateFrameworks/FaceCore.framework/Versions/A/FaceCore
0x0000000005c57000 	/System/Library/Frameworks/OpenCL.framework/Versions/A/OpenCL
0x0000000005c57000 	/System/Library/Frameworks/OpenGL.framework/Versions/A/Libraries/libGLU.dylib
0x0000000005c57000 	/System/Library/Frameworks/OpenGL.framework/Versions/A/Libraries/libGFXShared.dylib
0x0000000005c57000 	/System/Library/Frameworks/OpenGL.framework/Versions/A/Libraries/libGL.dylib
0x0000000005c57000 	/System/Library/Frameworks/OpenGL.framework/Versions/A/Libraries/libGLImage.dylib
0x0000000005c57000 	/System/Library/Frameworks/OpenGL.framework/Versions/A/Libraries/libCVMSPluginSupport.dylib
0x0000000005c57000 	/System/Library/Frameworks/OpenGL.framework/Versions/A/Libraries/libCoreVMClient.dylib
0x0000000005c57000 	/System/Library/PrivateFrameworks/CrashReporterSupport.framework/Versions/A/CrashReporterSupport
0x0000000005c57000 	/System/Library/PrivateFrameworks/Sharing.framework/Versions/A/Sharing
0x0000000005c57000 	/System/Library/PrivateFrameworks/IconServices.framework/Versions/A/IconServices
0x0000000005c57000 	/System/Library/PrivateFrameworks/ProtocolBuffer.framework/Versions/A/ProtocolBuffer
0x0000000005c57000 	/System/Library/PrivateFrameworks/Apple80211.framework/Versions/A/Apple80211
0x0000000005c57000 	/System/Library/Frameworks/CoreWLAN.framework/Versions/A/CoreWLAN
0x0000000005c57000 	/System/Library/PrivateFrameworks/CoreUtils.framework/Versions/A/CoreUtils
0x0000000005c57000 	/System/Library/Frameworks/IOBluetooth.framework/Versions/A/IOBluetooth
0x0000000005c57000 	/System/Library/PrivateFrameworks/CoreWiFi.framework/Versions/A/CoreWiFi
0x0000000005c57000 	/System/Library/Frameworks/CoreBluetooth.framework/Versions/A/CoreBluetooth
0x0000000005c57000 	/System/Library/Frameworks/CoreDisplay.framework/Versions/A/CoreDisplay
0x0000000005c57000 	/System/Library/PrivateFrameworks/IOPresentment.framework/Versions/A/IOPresentment
0x0000000005c57000 	/System/Library/PrivateFrameworks/DSExternalDisplay.framework/Versions/A/DSExternalDisplay
0x0000000005c57000 	/System/Library/PrivateFrameworks/DebugSymbols.framework/Versions/A/DebugSymbols
0x0000000005c57000 	/System/Library/PrivateFrameworks/CoreSymbolication.framework/Versions/A/CoreSymbolication
0x0000000005c57000 	/System/Library/PrivateFrameworks/Symbolication.framework/Versions/A/Symbolication
0x0000000005c57000 	/System/Library/PrivateFrameworks/AppleFSCompression.framework/Versions/A/AppleFSCompression
0x0000000005c57000 	/System/Library/PrivateFrameworks/SpeechRecognitionCore.framework/Versions/A/SpeechRecognitionCore
0x0000000005c57000 	/System/Library/PrivateFrameworks/ChunkingLibrary.framework/Versions/A/ChunkingLibrary
0x0000000109235000 	/Library/Java/JavaVirtualMachines/jdk1.8.0_71.jdk/Contents/Home/jre/lib/server/libjvm.dylib
0x0000000005c57000 	/usr/lib/libstdc++.6.dylib
0x000000010a1c4000 	/Library/Java/JavaVirtualMachines/jdk1.8.0_71.jdk/Contents/Home/jre/lib/libverify.dylib
0x000000010aa00000 	/Library/Java/JavaVirtualMachines/jdk1.8.0_71.jdk/Contents/Home/jre/lib/libjava.dylib
0x000000010a1dc000 	/Library/Java/JavaVirtualMachines/jdk1.8.0_71.jdk/Contents/Home/jre/lib/libzip.dylib
0x000000010ee1a000 	/System/Library/Frameworks/JavaVM.framework/Frameworks/JavaRuntimeSupport.framework/JavaRuntimeSupport
0x000000010ee34000 	/System/Library/Frameworks/JavaVM.framework/Versions/A/Frameworks/JavaNativeFoundation.framework/Versions/A/JavaNativeFoundation
0x000000010ee49000 	/System/Library/Frameworks/JavaVM.framework/Versions/A/JavaVM
0x0000000005c57000 	/System/Library/Frameworks/Carbon.framework/Versions/A/Carbon
0x000000010ee56000 	/System/Library/PrivateFrameworks/JavaLaunching.framework/Versions/A/JavaLaunching
0x0000000005c57000 	/System/Library/Frameworks/Carbon.framework/Versions/A/Frameworks/CommonPanels.framework/Versions/A/CommonPanels
0x0000000005c57000 	/System/Library/Frameworks/Carbon.framework/Versions/A/Frameworks/Help.framework/Versions/A/Help
0x0000000005c57000 	/System/Library/Frameworks/Carbon.framework/Versions/A/Frameworks/ImageCapture.framework/Versions/A/ImageCapture
0x0000000005c57000 	/System/Library/Frameworks/Carbon.framework/Versions/A/Frameworks/OpenScripting.framework/Versions/A/OpenScripting
0x0000000005c57000 	/System/Library/Frameworks/Carbon.framework/Versions/A/Frameworks/Print.framework/Versions/A/Print
0x0000000005c57000 	/System/Library/Frameworks/Carbon.framework/Versions/A/Frameworks/SecurityHI.framework/Versions/A/SecurityHI
0x000000011077e000 	/Library/Java/JavaVirtualMachines/jdk1.8.0_71.jdk/Contents/Home/jre/lib/libawt.dylib
0x0000000110826000 	/Library/Java/JavaVirtualMachines/jdk1.8.0_71.jdk/Contents/Home/jre/lib/./libmlib_image.dylib
0x00000001108f2000 	/Library/Java/JavaVirtualMachines/jdk1.8.0_71.jdk/Contents/Home/jre/lib/libawt_lwawt.dylib
0x00000001109a7000 	/Library/Java/JavaVirtualMachines/jdk1.8.0_71.jdk/Contents/Home/jre/lib/./libosxapp.dylib
0x0000000005c57000 	/System/Library/Frameworks/ExceptionHandling.framework/Versions/A/ExceptionHandling
0x0000000005c57000 	/System/Library/PrivateFrameworks/CoreServicesInternal.framework/Versions/A/CoreServicesInternal
0x0000000005c57000 	/System/Library/CoreServices/RawCamera.bundle/Contents/MacOS/RawCamera
0x0000000110e27000 	/System/Library/Frameworks/Accelerate.framework/Frameworks/vImage.framework/Versions/A/Libraries/libCGInterfaces.dylib
0x0000000005c57000 	/System/Library/Frameworks/ApplicationServices.framework/Versions/A/Frameworks/ATS.framework/Versions/A/Resources/libTrueTypeScaler.dylib
0x00000001124dd000 	/System/Library/Frameworks/OpenGL.framework/Resources/GLEngine.bundle/GLEngine
0x0000000005c57000 	/System/Library/Frameworks/OpenGL.framework/Versions/A/Libraries/libGLProgrammability.dylib
0x00000001126c2000 	/System/Library/Extensions/AppleIntelBDWGraphicsGLDriver.bundle/Contents/MacOS/AppleIntelBDWGraphicsGLDriver
0x0000000005c57000 	/System/Library/PrivateFrameworks/GPUSupport.framework/Versions/A/Libraries/libGPUSupportMercury.dylib
0x0000000112e2f000 	/System/Library/Frameworks/OpenGL.framework/Resources//GLRendererFloat.bundle/GLRendererFloat
0x0000000005c57000 	/System/Library/Frameworks/OpenCL.framework/Versions/A/Libraries/libcldcpuengine.dylib
0x0000000005c57000 	/usr/lib/libcrypto.0.9.8.dylib
0x0000000005c57000 	/System/Library/PrivateFrameworks/TrustEvaluationAgent.framework/Versions/A/TrustEvaluationAgent
0x0000000112e63000 	/System/Library/Extensions/AppleIntelBDWGraphicsMTLDriver.bundle/Contents/MacOS/AppleIntelBDWGraphicsMTLDriver
0x0000000005c57000 	/System/Library/PrivateFrameworks/FamilyControls.framework/Versions/A/FamilyControls
0x0000000005c57000 	/System/Library/PrivateFrameworks/CommerceKit.framework/Versions/A/Frameworks/CommerceCore.framework/Versions/A/CommerceCore
0x0000000005c57000 	/System/Library/PrivateFrameworks/SystemAdministration.framework/Versions/A/SystemAdministration
0x0000000005c57000 	/System/Library/PrivateFrameworks/AppContainer.framework/Versions/A/AppContainer
0x0000000005c57000 	/System/Library/PrivateFrameworks/SecCodeWrapper.framework/Versions/A/SecCodeWrapper
0x0000000005c57000 	/System/Library/Frameworks/DirectoryService.framework/Versions/A/DirectoryService
0x0000000005c57000 	/System/Library/PrivateFrameworks/DiskImages.framework/Versions/A/DiskImages
0x0000000005c57000 	/System/Library/PrivateFrameworks/LoginUIKit.framework/Versions/A/Frameworks/LoginUICore.framework/Versions/A/LoginUICore
0x0000000005c57000 	/usr/lib/libCoreStorage.dylib
0x0000000005c57000 	/usr/lib/libcsfde.dylib
0x0000000005c57000 	/usr/lib/libodfde.dylib
0x0000000005c57000 	/System/Library/Frameworks/DiscRecording.framework/Versions/A/DiscRecording
0x0000000005c57000 	/usr/lib/libcurl.4.dylib
0x0000000005c57000 	/System/Library/PrivateFrameworks/MediaKit.framework/Versions/A/MediaKit
0x0000000005c57000 	/System/Library/PrivateFrameworks/ProtectedCloudStorage.framework/Versions/A/ProtectedCloudStorage
0x0000000005c57000 	/System/Library/PrivateFrameworks/EFILogin.framework/Versions/A/EFILogin
0x0000000005c57000 	/usr/lib/libutil.dylib
0x0000000005c57000 	/System/Library/Frameworks/LDAP.framework/Versions/A/LDAP
0x0000000005c57000 	/usr/lib/libsasl2.2.dylib
0x0000000005c57000 	/System/Library/PrivateFrameworks/CoreDaemon.framework/Versions/B/CoreDaemon
0x0000000005c57000 	/System/Library/PrivateFrameworks/AppleSRP.framework/Versions/A/AppleSRP
0x0000000005c57000 	/System/Library/PrivateFrameworks/APFS.framework/Versions/A/APFS
0x000000011453d000 	/Library/Java/JavaVirtualMachines/jdk1.8.0_71.jdk/Contents/Home/jre/lib/libfontmanager.dylib
0x00000001145a4000 	/Users/song/Code/Java_workspace/Adventures-of-Mason/lib/natives/liblwjgl.dylib
0x0000000111930000 	/Library/Java/JavaVirtualMachines/jdk1.8.0_71.jdk/Contents/Home/jre/lib/libjawt.dylib
0x0000000005c57000 	/System/Library/PrivateFrameworks/ViewBridge.framework/Versions/A/ViewBridge
0x0000000005c57000 	/System/Library/PrivateFrameworks/XPCService.framework/Versions/A/XPCService
0x0000000005c57000 	/System/Library/PrivateFrameworks/AppSandbox.framework/Versions/A/AppSandbox
0x0000000005c57000 	/usr/lib/libsandbox.1.dylib
0x0000000005c57000 	/usr/lib/libMatch.1.dylib

VM Arguments:
jvm_args: -Djava.library.path=/Users/song/Code/Java_workspace/Adventures-of-Mason/lib/natives -Dfile.encoding=UTF-8 
java_command: com.mason.main.Main
java_class_path (initial): /Users/song/Code/Java_workspace/Adventures-of-Mason/bin:/Users/song/Code/Java_workspace/Adventures-of-Mason/lib/jars/lwjgl.jar:/Users/song/Code/Java_workspace/Adventures-of-Mason/lib/jars/slick.jar
Launcher Type: SUN_STANDARD

Environment Variables:
PATH=/usr/bin:/bin:/usr/sbin:/sbin
SHELL=/bin/bash
DISPLAY=/private/tmp/com.apple.launchd.Awcooqj8Fp/org.macosforge.xquartz:0

Signal Handlers:
SIGSEGV: [libjvm.dylib+0x5a68c5], sa_mask[0]=11111111011111110111111111111111, sa_flags=SA_ONSTACK|SA_RESTART|SA_SIGINFO
SIGBUS: [libjvm.dylib+0x5a68c5], sa_mask[0]=11111111011111110111111111111111, sa_flags=SA_RESTART|SA_SIGINFO
SIGFPE: [libjvm.dylib+0x4805d4], sa_mask[0]=11111111011111110111111111111111, sa_flags=SA_RESTART|SA_SIGINFO
SIGPIPE: [libjvm.dylib+0x4805d4], sa_mask[0]=11111111011111110111111111111111, sa_flags=SA_RESTART|SA_SIGINFO
SIGXFSZ: [libjvm.dylib+0x4805d4], sa_mask[0]=11111111011111110111111111111111, sa_flags=SA_RESTART|SA_SIGINFO
SIGILL: [libjvm.dylib+0x4805d4], sa_mask[0]=11111111011111110111111111111111, sa_flags=SA_RESTART|SA_SIGINFO
SIGUSR1: SIG_DFL, sa_mask[0]=00000000000000000000000000000000, sa_flags=none
SIGUSR2: [libjvm.dylib+0x4800f2], sa_mask[0]=00100000000000000000000000000000, sa_flags=SA_RESTART|SA_SIGINFO
SIGHUP: [libjvm.dylib+0x47e6c9], sa_mask[0]=11111111011111110111111111111111, sa_flags=SA_RESTART|SA_SIGINFO
SIGINT: [libjvm.dylib+0x47e6c9], sa_mask[0]=11111111011111110111111111111111, sa_flags=SA_RESTART|SA_SIGINFO
SIGTERM: [libjvm.dylib+0x47e6c9], sa_mask[0]=11111111011111110111111111111111, sa_flags=SA_RESTART|SA_SIGINFO
SIGQUIT: [libjvm.dylib+0x47e6c9], sa_mask[0]=11111111011111110111111111111111, sa_flags=SA_RESTART|SA_SIGINFO


---------------  S Y S T E M  ---------------

OS:Bsduname:Darwin 16.7.0 Darwin Kernel Version 16.7.0: Thu Jun 15 17:36:27 PDT 2017; root:xnu-3789.70.16~2/RELEASE_X86_64 x86_64
rlimit: STACK 8192k, CORE 0k, NPROC 709, NOFILE 10240, AS infinity
load average:1.82 1.86 2.02

CPU:total 4 (2 cores per cpu, 2 threads per core) family 6 model 61 stepping 4, cmov, cx8, fxsr, mmx, sse, sse2, sse3, ssse3, sse4.1, sse4.2, popcnt, avx, avx2, aes, clmul, erms, 3dnowpref, lzcnt, ht, tsc, tscinvbit, bmi1, bmi2, adx

Memory: 4k page, physical 4194304k(62556k free)

/proc/meminfo:


vm_info: Java HotSpot(TM) 64-Bit Server VM (25.71-b15) for bsd-amd64 JRE (1.8.0_71-b15), built on Dec 22 2015 15:11:44 by "java_re" with gcc 4.2.1 (Based on Apple Inc. build 5658) (LLVM build 2336.11.00)

time: Fri Aug 18 16:44:33 2017
elapsed time: 2 seconds (0d 0h 0m 2s)

