#
# A fatal error has been detected by the Java Runtime Environment:
#
#  SIGILL (0x4) at pc=0x00007fff9dea744e, pid=31180, tid=775
#
# JRE version: Java(TM) SE Runtime Environment (8.0_71-b15) (build 1.8.0_71-b15)
# Java VM: Java HotSpot(TM) 64-Bit Server VM (25.71-b15 mixed mode bsd-amd64 compressed oops)
# Problematic frame:
# C  [AppKit+0x3a544e]  -[NSApplication _crashOnException:]+0x6d
#
# Failed to write core dump. Core dumps have been disabled. To enable core dumping, try "ulimit -c unlimited" before starting Java again
#
# If you would like to submit a bug report, please visit:
#   http://bugreport.java.com/bugreport/crash.jsp
# The crash happened outside the Java Virtual Machine in native code.
# See problematic frame for where to report the bug.
#

---------------  T H R E A D  ---------------

Current thread (0x00007f87528e0800):  JavaThread "AppKit Thread" daemon [_thread_in_native, id=775, stack(0x00007fff59c49000,0x00007fff5a449000)]

siginfo: si_signo: 4 (SIGILL), si_code: 1 (ILL_ILLOPC), si_addr: 0x00007fff9dea744e

Registers:
RAX=0x00007f87522a6600, RBX=0x00007f8751dc4770, RCX=0x0000000000000001, RDX=0x0000000000000000
RSP=0x00007fff5a444d40, RBP=0x00007fff5a444d50, RSI=0x0000000000001091, RDI=0x00007f8751c40550
R8 =0x0000000008000100, R9 =0x0000000000000000, R10=0x00007fffbb071190, R11=0x00000000002475ff
R12=0x00007fff9e77200c, R13=0x2214ee21a4b10006, R14=0x00007fffb4edb040, R15=0x00007f8751de2470
RIP=0x00007fff9dea744e, EFLAGS=0x0000000000010206, ERR=0x0000000000000000
  TRAPNO=0x0000000000000006

Top of Stack: (sp=0x00007fff5a444d40)
0x00007fff5a444d40:   00007f8751f4f4b8 00007f87528de060
0x00007fff5a444d50:   00007fff5a444e30 00007fff9df7aa32
0x00007fff5a444d60:   00007fff5a445300 0000000000000001
0x00007fff5a444d70:   00007fff5a444db0 00007fffb595291f
0x00007fff5a444d80:   0000000000000000 0000000000000002
0x00007fff5a444d90:   00000001057d3000 0000000000000002
0x00007fff5a444da0:   00000001057d6a00 00000001057d7e00
0x00007fff5a444db0:   00007fff5a444e90 00007fffb5951472
0x00007fff5a444dc0:   0000000000000000 0000000000000001
0x00007fff5a444dd0:   00007fff5a444df0 00007fff9f597677
0x00007fff5a444de0:   0000000000000000 0000000000000001
0x00007fff5a444df0:   00007fff5a444e10 00007fffb595291f
0x00007fff5a444e00:   2214ee21a4b10006 00007f8751de2470
0x00007fff5a444e10:   0000000000000002 00007f8751f0188a
0x00007fff5a444e20:   00007f8751de2480 00007fff5a444e50
0x00007fff5a444e30:   00007fff5a444e40 00007fffa006ed37
0x00007fff5a444e40:   00007fff5a444ee0 00007fffa006eca7
0x00007fff5a444e50:   00007f8751de2470 00007f8751ee3190
0x00007fff5a444e60:   00007fffbb07d644 0000000000000001
0x00007fff5a444e70:   00007fff5a444ee0 00007fffa006eb76
0x00007fff5a444e80:   00007fff5a444e50 00007fff5a444e80
0x00007fff5a444e90:   00007f8751f01850 00007f8751f01570
0x00007fff5a444ea0:   00007fff5a444e50 0000000000000002
0x00007fff5a444eb0:   2214ee21a4b10006 0000000000000001
0x00007fff5a444ec0:   00007f8751f01840 00007f8751f01560
0x00007fff5a444ed0:   0000000000000e03 00007f8751f01801
0x00007fff5a444ee0:   00007fff5a445bd0 00007fffa004f6d9
0x00007fff5a444ef0:   00007fff5a444f10 0000000105c7f2ae
0x00007fff5a444f00:   00007fffbb073da0 00007f8751edbe10
0x00007fff5a444f10:   0000000000000000 00007f8751edbe20
0x00007fff5a444f20:   00007fff5a444f68 000000010a0a8790
0x00007fff5a444f30:   000000015a444f50 00007fff9e76705a 

Instructions: (pc=0x00007fff9dea744e)
0x00007fff9dea742e:   48 89 c7 ff 15 21 3d 8d 1c 48 8b 35 9a 6a ba 1c
0x00007fff9dea743e:   48 89 c7 ff 15 11 3d 8d 1c 48 89 05 72 63 c1 1c
0x00007fff9dea744e:   0f 0b 48 89 c7 e8 2e f8 7f 00 31 ff 31 f6 31 c0
0x00007fff9dea745e:   e8 18 c5 e2 ff e8 42 f8 7f 00 48 89 c3 e8 2e f8 

Register to memory mapping:

RAX=0x00007f87522a6600 is an unknown value
RBX=0x00007f8751dc4770 is an unknown value
RCX=0x0000000000000001 is an unknown value
RDX=0x0000000000000000 is an unknown value
RSP=0x00007fff5a444d40 is pointing into the stack for thread: 0x00007f87528e0800
RBP=0x00007fff5a444d50 is pointing into the stack for thread: 0x00007f87528e0800
RSI=0x0000000000001091 is an unknown value
RDI=0x00007f8751c40550 is an unknown value
R8 =0x0000000008000100 is an unknown value
R9 =0x0000000000000000 is an unknown value
R10=0x00007fffbb071190: OBJC_CLASS_$___NSCFString+0 in /System/Library/Frameworks/CoreFoundation.framework/Versions/A/CoreFoundation at 0x00007fff9ffc8000
R11=0x00000000002475ff is an unknown value
R12=0x00007fff9e77200c: __NSStyleNameIndexTable+0x82c54 in /System/Library/Frameworks/AppKit.framework/Versions/C/AppKit at 0x00007fff9db02000
R13=0x2214ee21a4b10006 is an unknown value
R14=0x00007fffb4edb040: objc_msgSend+0 in /usr/lib/libobjc.A.dylib at 0x00007fffb4ed4000
R15=0x00007f8751de2470 is an unknown value


Stack: [0x00007fff59c49000,0x00007fff5a449000],  sp=0x00007fff5a444d40,  free space=8175k
Native frames: (J=compiled Java code, j=interpreted, Vv=VM code, C=native code)
C  [AppKit+0x3a544e]  -[NSApplication _crashOnException:]+0x6d
C  [AppKit+0x478a32]  __37+[NSDisplayCycle currentDisplayCycle]_block_invoke.31+0x2c4
C  [CoreFoundation+0xa6d37]  __CFRUNLOOP_IS_CALLING_OUT_TO_AN_OBSERVER_CALLBACK_FUNCTION__+0x17
C  [CoreFoundation+0xa6ca7]  __CFRunLoopDoObservers+0x187
C  [CoreFoundation+0x876d9]  __CFRunLoopRun+0x369
C  [CoreFoundation+0x87114]  CFRunLoopRunSpecific+0x1a4
C  [HIToolbox+0x30ebc]  RunCurrentEventLoopInMode+0xf0
C  [HIToolbox+0x30bf9]  ReceiveNextEventCommon+0xb8
C  [HIToolbox+0x30b26]  _BlockUntilNextEventMatchingListInModeWithFilter+0x47
C  [AppKit+0x46a54]  _DPSNextEvent+0x460
C  [AppKit+0x7c27ee]  -[NSApplication(NSEvent) _nextEventMatchingEventMask:untilDate:inMode:dequeue:]+0xaec
C  [libosxapp.dylib+0x23aa]  -[NSApplicationAWT nextEventMatchingMask:untilDate:inMode:dequeue:]+0x7c
C  [AppKit+0x3b3db]  -[NSApplication run]+0x39e
C  [libosxapp.dylib+0x214d]  +[NSApplicationAWT runAWTLoopWithApp:]+0x9c
C  [libawt_lwawt.dylib+0x4455b]  -[AWTStarter starter:]+0x389
C  [Foundation+0x7152a]  __NSThreadPerformPerform+0x146
C  [CoreFoundation+0xa7321]  __CFRUNLOOP_IS_CALLING_OUT_TO_A_SOURCE0_PERFORM_FUNCTION__+0x11
C  [CoreFoundation+0x8821d]  __CFRunLoopDoSources0+0x22d
C  [CoreFoundation+0x87716]  __CFRunLoopRun+0x3a6
C  [CoreFoundation+0x87114]  CFRunLoopRunSpecific+0x1a4
C  [java+0x6463]  CreateExecutionEnvironment+0x367
C  [java+0x21ac]  JLI_Launch+0x7a0
C  [java+0x84c0]  main+0x65
C  [java+0x1a04]  start+0x34
C  0x0000000000000006


---------------  P R O C E S S  ---------------

Java Threads: ( => current thread )
  0x00007f8753a34800 JavaThread "AWT-Shutdown" [_thread_blocked, id=29959, stack(0x0000700010624000,0x0000700010724000)]
=>0x00007f87528e0800 JavaThread "AppKit Thread" daemon [_thread_in_native, id=775, stack(0x00007fff59c49000,0x00007fff5a449000)]
  0x00007f8752030800 JavaThread "Service Thread" daemon [_thread_blocked, id=18691, stack(0x000070001039b000,0x000070001049b000)]
  0x00007f8752024800 JavaThread "C1 CompilerThread2" daemon [_thread_blocked, id=18179, stack(0x0000700010298000,0x0000700010398000)]
  0x00007f875301b000 JavaThread "C2 CompilerThread1" daemon [_thread_blocked, id=17667, stack(0x0000700010195000,0x0000700010295000)]
  0x00007f8753027800 JavaThread "C2 CompilerThread0" daemon [_thread_blocked, id=17155, stack(0x0000700010092000,0x0000700010192000)]
  0x00007f8752830000 JavaThread "Signal Dispatcher" daemon [_thread_blocked, id=16643, stack(0x000070000ff8f000,0x000070001008f000)]
  0x00007f875381d800 JavaThread "Finalizer" daemon [_thread_blocked, id=12547, stack(0x000070000fe8c000,0x000070000ff8c000)]
  0x00007f875381d000 JavaThread "Reference Handler" daemon [_thread_blocked, id=12035, stack(0x000070000fd89000,0x000070000fe89000)]
  0x00007f8752806800 JavaThread "main" [_thread_in_native, id=7171, stack(0x000070000f777000,0x000070000f877000)]

Other Threads:
  0x00007f875381a800 VMThread [stack: 0x000070000fc86000,0x000070000fd86000] [id=11523]
  0x00007f8752024000 WatcherThread [stack: 0x000070001049e000,0x000070001059e000] [id=19203]

VM state:not at safepoint (normal execution)

VM Mutex/Monitor currently owned by a thread: None

Heap:
 PSYoungGen      total 18944K, used 6362K [0x00000007aab00000, 0x00000007ad000000, 0x00000007c0000000)
  eden space 16384K, 23% used [0x00000007aab00000,0x00000007aaebe928,0x00000007abb00000)
  from space 2560K, 98% used [0x00000007abb00000,0x00000007abd78020,0x00000007abd80000)
  to   space 2560K, 0% used [0x00000007acd80000,0x00000007acd80000,0x00000007ad000000)
 ParOldGen       total 44032K, used 1167K [0x0000000780000000, 0x0000000782b00000, 0x00000007aab00000)
  object space 44032K, 2% used [0x0000000780000000,0x0000000780123fe8,0x0000000782b00000)
 Metaspace       used 8375K, capacity 8559K, committed 8704K, reserved 1056768K
  class space    used 841K, capacity 922K, committed 1024K, reserved 1048576K

Card table byte_map: [0x00000001073f5000,0x00000001075f6000] byte_map_base: 0x00000001037f5000

Marking Bits: (ParMarkBitMap*) 0x0000000106117ea0
 Begin Bits: [0x000000010774c000, 0x000000010874c000)
 End Bits:   [0x000000010874c000, 0x000000010974c000)

Polling page: 0x00000001067d1000

CodeCache: size=245760Kb used=3627Kb max_used=3633Kb free=242132Kb
 bounds [0x0000000111719000, 0x0000000111aa9000, 0x0000000120719000]
 total_blobs=1354 nmethods=947 adapters=321
 compilation: enabled

Compilation events (10 events):
Event: 23.149 Thread 0x00007f8752024800  944  s    3       org.lwjgl.opengl.MacOSXNativeMouse::mouseMoved (138 bytes)
Event: 23.149 Thread 0x00007f8752024800 nmethod 944 0x0000000111a96f90 code [0x0000000111a971a0, 0x0000000111a97a28]
Event: 23.181 Thread 0x00007f8753027800  945       4       java.nio.Bits::makeInt (29 bytes)
Event: 23.182 Thread 0x00007f8753027800 nmethod 945 0x00000001119fd850 code [0x00000001119fd980, 0x00000001119fd9d8]
Event: 23.707 Thread 0x00007f8752024800  946   !   3       org.lwjgl.input.Mouse::isButtonDown (61 bytes)
Event: 23.708 Thread 0x00007f8752024800 nmethod 946 0x0000000111aa71d0 code [0x0000000111aa7380, 0x0000000111aa7998]
Event: 23.858 Thread 0x00007f8752024800  948       3       org.newdawn.slick.state.StateBasedGame::transitioning (20 bytes)
Event: 23.859 Thread 0x00007f8752024800 nmethod 948 0x0000000111a96b90 code [0x0000000111a96d00, 0x0000000111a96ef0]
Event: 23.859 Thread 0x00007f8752024800  947       1       org.newdawn.slick.state.BasicGameState::isAcceptingInput (2 bytes)
Event: 23.859 Thread 0x00007f8752024800 nmethod 947 0x0000000111a968d0 code [0x0000000111a96a20, 0x0000000111a96b30]

GC Heap History (2 events):
Event: 1.473 GC heap before
{Heap before GC invocations=1 (full 0):
 PSYoungGen      total 18944K, used 16384K [0x00000007aab00000, 0x00000007ac000000, 0x00000007c0000000)
  eden space 16384K, 100% used [0x00000007aab00000,0x00000007abb00000,0x00000007abb00000)
  from space 2560K, 0% used [0x00000007abd80000,0x00000007abd80000,0x00000007ac000000)
  to   space 2560K, 0% used [0x00000007abb00000,0x00000007abb00000,0x00000007abd80000)
 ParOldGen       total 44032K, used 0K [0x0000000780000000, 0x0000000782b00000, 0x00000007aab00000)
  object space 44032K, 0% used [0x0000000780000000,0x0000000780000000,0x0000000782b00000)
 Metaspace       used 8029K, capacity 8195K, committed 8320K, reserved 1056768K
  class space    used 826K, capacity 888K, committed 896K, reserved 1048576K
Event: 1.498 GC heap after
Heap after GC invocations=1 (full 0):
 PSYoungGen      total 18944K, used 2528K [0x00000007aab00000, 0x00000007ad000000, 0x00000007c0000000)
  eden space 16384K, 0% used [0x00000007aab00000,0x00000007aab00000,0x00000007abb00000)
  from space 2560K, 98% used [0x00000007abb00000,0x00000007abd78020,0x00000007abd80000)
  to   space 2560K, 0% used [0x00000007acd80000,0x00000007acd80000,0x00000007ad000000)
 ParOldGen       total 44032K, used 1167K [0x0000000780000000, 0x0000000782b00000, 0x00000007aab00000)
  object space 44032K, 2% used [0x0000000780000000,0x0000000780123fe8,0x0000000782b00000)
 Metaspace       used 8029K, capacity 8195K, committed 8320K, reserved 1056768K
  class space    used 826K, capacity 888K, committed 896K, reserved 1048576K
}

Deoptimization events (3 events):
Event: 0.262 Thread 0x00007f8752806800 Uncommon trap: reason=unstable_if action=reinterpret pc=0x0000000111850200 method=java.lang.String.indexOf(II)I @ 49
Event: 0.584 Thread 0x00007f8752806800 Uncommon trap: reason=unstable_if action=reinterpret pc=0x000000011189e81c method=java.lang.String.replace(CC)Ljava/lang/String; @ 26
Event: 20.062 Thread 0x00007f8752806800 Uncommon trap: reason=unstable_if action=reinterpret pc=0x0000000111a9c180 method=sun.misc.FloatingDecimal$BinaryToASCIIBuffer.estimateDecExp(JI)I @ 117

Internal exceptions (10 events):
Event: 0.106 Thread 0x00007f8752806800 Exception <a 'java/lang/NoSuchMethodError': Method sun.misc.Unsafe.prefetchRead(Ljava/lang/Object;J)V name or signature does not match> (0x00000007aab13160) thrown at [/Users/java_re/workspace/8-2-build-macosx-x86_64/jdk8u71/5731/hotspot/src/share/vm/prim
Event: 0.235 Thread 0x00007f8752806800 Exception <a 'java/security/PrivilegedActionException'> (0x00000007aad1f3b0) thrown at [/Users/java_re/workspace/8-2-build-macosx-x86_64/jdk8u71/5731/hotspot/src/share/vm/prims/jvm.cpp, line 1386]
Event: 0.235 Thread 0x00007f8752806800 Exception <a 'java/security/PrivilegedActionException'> (0x00000007aad1f5c0) thrown at [/Users/java_re/workspace/8-2-build-macosx-x86_64/jdk8u71/5731/hotspot/src/share/vm/prims/jvm.cpp, line 1386]
Event: 0.236 Thread 0x00007f8752806800 Exception <a 'java/security/PrivilegedActionException'> (0x00000007aad22a48) thrown at [/Users/java_re/workspace/8-2-build-macosx-x86_64/jdk8u71/5731/hotspot/src/share/vm/prims/jvm.cpp, line 1386]
Event: 0.236 Thread 0x00007f8752806800 Exception <a 'java/security/PrivilegedActionException'> (0x00000007aad22c58) thrown at [/Users/java_re/workspace/8-2-build-macosx-x86_64/jdk8u71/5731/hotspot/src/share/vm/prims/jvm.cpp, line 1386]
Event: 0.293 Thread 0x00007f8752806800 Exception <a 'java/lang/NoSuchFieldError': method resolution failed> (0x00000007aadf4640) thrown at [/Users/java_re/workspace/8-2-build-macosx-x86_64/jdk8u71/5731/hotspot/src/share/vm/prims/methodHandles.cpp, line 1146]
Event: 0.295 Thread 0x00007f8752806800 Exception <a 'java/lang/NoSuchFieldError': method resolution failed> (0x00000007aae01d90) thrown at [/Users/java_re/workspace/8-2-build-macosx-x86_64/jdk8u71/5731/hotspot/src/share/vm/prims/methodHandles.cpp, line 1146]
Event: 0.542 Thread 0x00007f8752806800 Exception <a 'java/io/FileNotFoundException'> (0x00000007aae7d048) thrown at [/Users/java_re/workspace/8-2-build-macosx-x86_64/jdk8u71/5731/hotspot/src/share/vm/prims/jni.cpp, line 709]
Event: 0.543 Thread 0x00007f8752806800 Exception <a 'java/io/FileNotFoundException'> (0x00000007aae7db88) thrown at [/Users/java_re/workspace/8-2-build-macosx-x86_64/jdk8u71/5731/hotspot/src/share/vm/prims/jni.cpp, line 709]
Event: 0.880 Thread 0x00007f8752806800 Exception <a 'java/lang/NoClassDefFoundError': net/java/games/input/ControllerEnvironment> (0x00000007ab2db078) thrown at [/Users/java_re/workspace/8-2-build-macosx-x86_64/jdk8u71/5731/hotspot/src/share/vm/classfile/systemDictionary.cpp, line 199]

Events (10 events):
Event: 4.790 Thread 0x00007f8753a34800 Thread added: 0x00007f8753a34800
Event: 4.805 loading class sun/misc/FDBigInteger
Event: 4.805 loading class sun/misc/FDBigInteger done
Event: 5.754 Thread 0x00007f8752806800 DEOPT PACKING pc=0x00000001119f9c52 sp=0x000070000f876590
Event: 5.754 Thread 0x00007f8752806800 DEOPT UNPACKING pc=0x0000000111760633 sp=0x000070000f8763a0 mode 0
Event: 20.062 Thread 0x00007f8752806800 Uncommon trap: trap_request=0xffffff65 fr.pc=0x0000000111a9c180
Event: 20.062 Thread 0x00007f8752806800 DEOPT PACKING pc=0x0000000111a9c180 sp=0x000070000f8763d0
Event: 20.062 Thread 0x00007f8752806800 DEOPT UNPACKING pc=0x000000011171e229 sp=0x000070000f876200 mode 2
Event: 24.793 loading class org/lwjgl/opengl/CallbackUtil
Event: 24.793 loading class org/lwjgl/opengl/CallbackUtil done


Dynamic libraries:
0x000000002ac51000 	/System/Library/Frameworks/Cocoa.framework/Versions/A/Cocoa
0x000000002ac51000 	/System/Library/Frameworks/Security.framework/Versions/A/Security
0x000000002ac51000 	/System/Library/Frameworks/ApplicationServices.framework/Versions/A/ApplicationServices
0x000000002ac51000 	/usr/lib/libz.1.dylib
0x000000002ac51000 	/usr/lib/libSystem.B.dylib
0x000000002ac51000 	/usr/lib/libobjc.A.dylib
0x000000002ac51000 	/System/Library/Frameworks/CoreFoundation.framework/Versions/A/CoreFoundation
0x000000002ac51000 	/System/Library/Frameworks/Foundation.framework/Versions/C/Foundation
0x000000002ac51000 	/System/Library/Frameworks/AppKit.framework/Versions/C/AppKit
0x000000002ac51000 	/System/Library/Frameworks/CoreData.framework/Versions/A/CoreData
0x000000002ac51000 	/System/Library/PrivateFrameworks/RemoteViewServices.framework/Versions/A/RemoteViewServices
0x000000002ac51000 	/System/Library/PrivateFrameworks/UIFoundation.framework/Versions/A/UIFoundation
0x000000002ac51000 	/System/Library/PrivateFrameworks/DFRFoundation.framework/Versions/A/DFRFoundation
0x000000002ac51000 	/usr/lib/libenergytrace.dylib
0x000000002ac51000 	/System/Library/PrivateFrameworks/SkyLight.framework/Versions/A/SkyLight
0x000000002ac51000 	/System/Library/Frameworks/CoreGraphics.framework/Versions/A/CoreGraphics
0x000000002ac51000 	/usr/lib/libScreenReader.dylib
0x000000002ac51000 	/System/Library/Frameworks/Accelerate.framework/Versions/A/Accelerate
0x000000002ac51000 	/System/Library/Frameworks/IOSurface.framework/Versions/A/IOSurface
0x000000002ac51000 	/System/Library/Frameworks/AudioToolbox.framework/Versions/A/AudioToolbox
0x000000002ac51000 	/System/Library/Frameworks/AudioUnit.framework/Versions/A/AudioUnit
0x000000002ac51000 	/System/Library/PrivateFrameworks/DataDetectorsCore.framework/Versions/A/DataDetectorsCore
0x000000002ac51000 	/System/Library/PrivateFrameworks/DesktopServicesPriv.framework/Versions/A/DesktopServicesPriv
0x000000002ac51000 	/System/Library/Frameworks/Carbon.framework/Versions/A/Frameworks/HIToolbox.framework/Versions/A/HIToolbox
0x000000002ac51000 	/usr/lib/libicucore.A.dylib
0x000000002ac51000 	/System/Library/Frameworks/QuartzCore.framework/Versions/A/QuartzCore
0x000000002ac51000 	/System/Library/Frameworks/Carbon.framework/Versions/A/Frameworks/SpeechRecognition.framework/Versions/A/SpeechRecognition
0x000000002ac51000 	/usr/lib/libauto.dylib
0x000000002ac51000 	/usr/lib/libxml2.2.dylib
0x000000002ac51000 	/System/Library/PrivateFrameworks/CoreUI.framework/Versions/A/CoreUI
0x000000002ac51000 	/System/Library/Frameworks/CoreAudio.framework/Versions/A/CoreAudio
0x000000002ac51000 	/System/Library/Frameworks/DiskArbitration.framework/Versions/A/DiskArbitration
0x000000002ac51000 	/usr/lib/liblangid.dylib
0x000000002ac51000 	/System/Library/PrivateFrameworks/MultitouchSupport.framework/Versions/A/MultitouchSupport
0x000000002ac51000 	/System/Library/Frameworks/IOKit.framework/Versions/A/IOKit
0x000000002ac51000 	/usr/lib/libDiagnosticMessagesClient.dylib
0x000000002ac51000 	/System/Library/Frameworks/CoreServices.framework/Versions/A/CoreServices
0x000000002ac51000 	/System/Library/PrivateFrameworks/PerformanceAnalysis.framework/Versions/A/PerformanceAnalysis
0x000000002ac51000 	/System/Library/PrivateFrameworks/GenerationalStorage.framework/Versions/A/GenerationalStorage
0x000000002ac51000 	/System/Library/Frameworks/OpenGL.framework/Versions/A/OpenGL
0x000000002ac51000 	/System/Library/Frameworks/CoreImage.framework/Versions/A/CoreImage
0x000000002ac51000 	/System/Library/Frameworks/CoreText.framework/Versions/A/CoreText
0x000000002ac51000 	/System/Library/Frameworks/ImageIO.framework/Versions/A/ImageIO
0x000000002ac51000 	/System/Library/PrivateFrameworks/Backup.framework/Versions/A/Backup
0x000000002ac51000 	/usr/lib/libarchive.2.dylib
0x000000002ac51000 	/System/Library/Frameworks/CFNetwork.framework/Versions/A/CFNetwork
0x000000002ac51000 	/System/Library/Frameworks/SystemConfiguration.framework/Versions/A/SystemConfiguration
0x000000002ac51000 	/usr/lib/libCRFSuite.dylib
0x000000002ac51000 	/usr/lib/libc++.1.dylib
0x000000002ac51000 	/usr/lib/libc++abi.dylib
0x000000002ac51000 	/usr/lib/system/libcache.dylib
0x000000002ac51000 	/usr/lib/system/libcommonCrypto.dylib
0x000000002ac51000 	/usr/lib/system/libcompiler_rt.dylib
0x000000002ac51000 	/usr/lib/system/libcopyfile.dylib
0x000000002ac51000 	/usr/lib/system/libcorecrypto.dylib
0x000000002ac51000 	/usr/lib/system/libdispatch.dylib
0x000000002ac51000 	/usr/lib/system/libdyld.dylib
0x000000002ac51000 	/usr/lib/system/libkeymgr.dylib
0x000000002ac51000 	/usr/lib/system/liblaunch.dylib
0x000000002ac51000 	/usr/lib/system/libmacho.dylib
0x000000002ac51000 	/usr/lib/system/libquarantine.dylib
0x000000002ac51000 	/usr/lib/system/libremovefile.dylib
0x000000002ac51000 	/usr/lib/system/libsystem_asl.dylib
0x000000002ac51000 	/usr/lib/system/libsystem_blocks.dylib
0x000000002ac51000 	/usr/lib/system/libsystem_c.dylib
0x000000002ac51000 	/usr/lib/system/libsystem_configuration.dylib
0x000000002ac51000 	/usr/lib/system/libsystem_coreservices.dylib
0x000000002ac51000 	/usr/lib/system/libsystem_coretls.dylib
0x000000002ac51000 	/usr/lib/system/libsystem_dnssd.dylib
0x000000002ac51000 	/usr/lib/system/libsystem_info.dylib
0x000000002ac51000 	/usr/lib/system/libsystem_kernel.dylib
0x000000002ac51000 	/usr/lib/system/libsystem_m.dylib
0x000000002ac51000 	/usr/lib/system/libsystem_malloc.dylib
0x000000002ac51000 	/usr/lib/system/libsystem_network.dylib
0x000000002ac51000 	/usr/lib/system/libsystem_networkextension.dylib
0x000000002ac51000 	/usr/lib/system/libsystem_notify.dylib
0x000000002ac51000 	/usr/lib/system/libsystem_platform.dylib
0x000000002ac51000 	/usr/lib/system/libsystem_pthread.dylib
0x000000002ac51000 	/usr/lib/system/libsystem_sandbox.dylib
0x000000002ac51000 	/usr/lib/system/libsystem_secinit.dylib
0x000000002ac51000 	/usr/lib/system/libsystem_symptoms.dylib
0x000000002ac51000 	/usr/lib/system/libsystem_trace.dylib
0x000000002ac51000 	/usr/lib/system/libunwind.dylib
0x000000002ac51000 	/usr/lib/system/libxpc.dylib
0x000000002ac51000 	/usr/lib/libbsm.0.dylib
0x000000002ac51000 	/usr/lib/system/libkxld.dylib
0x000000002ac51000 	/usr/lib/libcoretls.dylib
0x000000002ac51000 	/usr/lib/libcoretls_cfhelpers.dylib
0x000000002ac51000 	/usr/lib/libOpenScriptingUtil.dylib
0x000000002ac51000 	/usr/lib/libpam.2.dylib
0x000000002ac51000 	/usr/lib/libsqlite3.dylib
0x000000002ac51000 	/usr/lib/libxar.1.dylib
0x000000002ac51000 	/usr/lib/libbz2.1.0.dylib
0x000000002ac51000 	/usr/lib/liblzma.5.dylib
0x000000002ac51000 	/usr/lib/libnetwork.dylib
0x000000002ac51000 	/usr/lib/libpcap.A.dylib
0x000000002ac51000 	/System/Library/Frameworks/CoreServices.framework/Versions/A/Frameworks/FSEvents.framework/Versions/A/FSEvents
0x000000002ac51000 	/System/Library/Frameworks/CoreServices.framework/Versions/A/Frameworks/CarbonCore.framework/Versions/A/CarbonCore
0x000000002ac51000 	/System/Library/Frameworks/CoreServices.framework/Versions/A/Frameworks/Metadata.framework/Versions/A/Metadata
0x000000002ac51000 	/System/Library/Frameworks/CoreServices.framework/Versions/A/Frameworks/OSServices.framework/Versions/A/OSServices
0x000000002ac51000 	/System/Library/Frameworks/CoreServices.framework/Versions/A/Frameworks/SearchKit.framework/Versions/A/SearchKit
0x000000002ac51000 	/System/Library/Frameworks/CoreServices.framework/Versions/A/Frameworks/AE.framework/Versions/A/AE
0x000000002ac51000 	/System/Library/Frameworks/CoreServices.framework/Versions/A/Frameworks/LaunchServices.framework/Versions/A/LaunchServices
0x000000002ac51000 	/System/Library/Frameworks/CoreServices.framework/Versions/A/Frameworks/DictionaryServices.framework/Versions/A/DictionaryServices
0x000000002ac51000 	/System/Library/Frameworks/CoreServices.framework/Versions/A/Frameworks/SharedFileList.framework/Versions/A/SharedFileList
0x000000002ac51000 	/System/Library/Frameworks/NetFS.framework/Versions/A/NetFS
0x000000002ac51000 	/System/Library/PrivateFrameworks/NetAuth.framework/Versions/A/NetAuth
0x000000002ac51000 	/System/Library/PrivateFrameworks/login.framework/Versions/A/Frameworks/loginsupport.framework/Versions/A/loginsupport
0x000000002ac51000 	/System/Library/PrivateFrameworks/TCC.framework/Versions/A/TCC
0x000000002ac51000 	/usr/lib/libmecabra.dylib
0x000000002ac51000 	/System/Library/Frameworks/ApplicationServices.framework/Versions/A/Frameworks/ATS.framework/Versions/A/ATS
0x000000002ac51000 	/System/Library/Frameworks/ApplicationServices.framework/Versions/A/Frameworks/ColorSync.framework/Versions/A/ColorSync
0x000000002ac51000 	/System/Library/Frameworks/ApplicationServices.framework/Versions/A/Frameworks/HIServices.framework/Versions/A/HIServices
0x000000002ac51000 	/System/Library/Frameworks/ApplicationServices.framework/Versions/A/Frameworks/LangAnalysis.framework/Versions/A/LangAnalysis
0x000000002ac51000 	/System/Library/Frameworks/ApplicationServices.framework/Versions/A/Frameworks/PrintCore.framework/Versions/A/PrintCore
0x000000002ac51000 	/System/Library/Frameworks/ApplicationServices.framework/Versions/A/Frameworks/QD.framework/Versions/A/QD
0x000000002ac51000 	/System/Library/Frameworks/ApplicationServices.framework/Versions/A/Frameworks/SpeechSynthesis.framework/Versions/A/SpeechSynthesis
0x000000002ac51000 	/System/Library/Frameworks/Accelerate.framework/Versions/A/Frameworks/vImage.framework/Versions/A/vImage
0x000000002ac51000 	/System/Library/Frameworks/Accelerate.framework/Versions/A/Frameworks/vecLib.framework/Versions/A/vecLib
0x000000002ac51000 	/System/Library/Frameworks/Accelerate.framework/Versions/A/Frameworks/vecLib.framework/Versions/A/libvDSP.dylib
0x000000002ac51000 	/System/Library/Frameworks/Accelerate.framework/Versions/A/Frameworks/vecLib.framework/Versions/A/libBNNS.dylib
0x000000002ac51000 	/System/Library/Frameworks/Accelerate.framework/Versions/A/Frameworks/vecLib.framework/Versions/A/libQuadrature.dylib
0x000000002ac51000 	/System/Library/Frameworks/Accelerate.framework/Versions/A/Frameworks/vecLib.framework/Versions/A/libvMisc.dylib
0x000000002ac51000 	/System/Library/Frameworks/Accelerate.framework/Versions/A/Frameworks/vecLib.framework/Versions/A/libLAPACK.dylib
0x000000002ac51000 	/System/Library/Frameworks/Accelerate.framework/Versions/A/Frameworks/vecLib.framework/Versions/A/libBLAS.dylib
0x000000002ac51000 	/System/Library/Frameworks/Accelerate.framework/Versions/A/Frameworks/vecLib.framework/Versions/A/libLinearAlgebra.dylib
0x000000002ac51000 	/System/Library/Frameworks/Accelerate.framework/Versions/A/Frameworks/vecLib.framework/Versions/A/libSparseBLAS.dylib
0x000000002ac51000 	/System/Library/Frameworks/ApplicationServices.framework/Versions/A/Frameworks/ATS.framework/Versions/A/Resources/libFontParser.dylib
0x000000002ac51000 	/System/Library/Frameworks/ApplicationServices.framework/Versions/A/Frameworks/ATS.framework/Versions/A/Resources/libFontRegistry.dylib
0x000000002ac51000 	/System/Library/Frameworks/ImageIO.framework/Versions/A/Resources/libJPEG.dylib
0x000000002ac51000 	/System/Library/Frameworks/ImageIO.framework/Versions/A/Resources/libTIFF.dylib
0x000000002ac51000 	/System/Library/Frameworks/ImageIO.framework/Versions/A/Resources/libPng.dylib
0x000000002ac51000 	/System/Library/Frameworks/ImageIO.framework/Versions/A/Resources/libGIF.dylib
0x000000002ac51000 	/System/Library/Frameworks/ImageIO.framework/Versions/A/Resources/libJP2.dylib
0x000000002ac51000 	/System/Library/Frameworks/ImageIO.framework/Versions/A/Resources/libRadiance.dylib
0x000000002ac51000 	/usr/lib/libcompression.dylib
0x000000002ac51000 	/System/Library/PrivateFrameworks/AppleJPEG.framework/Versions/A/AppleJPEG
0x000000002ac51000 	/usr/lib/libcups.2.dylib
0x000000002ac51000 	/System/Library/Frameworks/Kerberos.framework/Versions/A/Kerberos
0x000000002ac51000 	/System/Library/Frameworks/GSS.framework/Versions/A/GSS
0x000000002ac51000 	/usr/lib/libresolv.9.dylib
0x000000002ac51000 	/usr/lib/libiconv.2.dylib
0x000000002ac51000 	/System/Library/PrivateFrameworks/Heimdal.framework/Versions/A/Heimdal
0x000000002ac51000 	/usr/lib/libheimdal-asn1.dylib
0x000000002ac51000 	/System/Library/Frameworks/OpenDirectory.framework/Versions/A/OpenDirectory
0x000000002ac51000 	/System/Library/PrivateFrameworks/CommonAuth.framework/Versions/A/CommonAuth
0x000000002ac51000 	/System/Library/Frameworks/OpenDirectory.framework/Versions/A/Frameworks/CFOpenDirectory.framework/Versions/A/CFOpenDirectory
0x000000002ac51000 	/System/Library/Frameworks/SecurityFoundation.framework/Versions/A/SecurityFoundation
0x000000002ac51000 	/System/Library/PrivateFrameworks/LanguageModeling.framework/Versions/A/LanguageModeling
0x000000002ac51000 	/usr/lib/libmarisa.dylib
0x000000002ac51000 	/usr/lib/libChineseTokenizer.dylib
0x000000002ac51000 	/usr/lib/libcmph.dylib
0x000000002ac51000 	/System/Library/PrivateFrameworks/CoreEmoji.framework/Versions/A/CoreEmoji
0x000000002ac51000 	/System/Library/Frameworks/ServiceManagement.framework/Versions/A/ServiceManagement
0x000000002ac51000 	/usr/lib/libxslt.1.dylib
0x000000002ac51000 	/System/Library/Frameworks/Carbon.framework/Versions/A/Frameworks/Ink.framework/Versions/A/Ink
0x000000002ac51000 	/System/Library/PrivateFrameworks/TextureIO.framework/Versions/A/TextureIO
0x000000002ac51000 	/System/Library/Frameworks/Metal.framework/Versions/A/Metal
0x000000002ac51000 	/usr/lib/libate.dylib
0x000000002ac51000 	/System/Library/PrivateFrameworks/GPUCompiler.framework/libmetal_timestamp.dylib
0x000000002ac51000 	/System/Library/Frameworks/OpenGL.framework/Versions/A/Libraries/libCoreFSCache.dylib
0x000000002ac51000 	/System/Library/PrivateFrameworks/IOAccelerator.framework/Versions/A/IOAccelerator
0x000000002ac51000 	/System/Library/Frameworks/CoreVideo.framework/Versions/A/CoreVideo
0x000000002ac51000 	/usr/lib/libFosl_dynamic.dylib
0x000000002ac51000 	/System/Library/PrivateFrameworks/MetalPerformanceShaders.framework/Versions/A/MetalPerformanceShaders
0x000000002ac51000 	/System/Library/PrivateFrameworks/FaceCore.framework/Versions/A/FaceCore
0x000000002ac51000 	/System/Library/Frameworks/OpenCL.framework/Versions/A/OpenCL
0x000000002ac51000 	/System/Library/Frameworks/OpenGL.framework/Versions/A/Libraries/libGLU.dylib
0x000000002ac51000 	/System/Library/Frameworks/OpenGL.framework/Versions/A/Libraries/libGFXShared.dylib
0x000000002ac51000 	/System/Library/Frameworks/OpenGL.framework/Versions/A/Libraries/libGL.dylib
0x000000002ac51000 	/System/Library/Frameworks/OpenGL.framework/Versions/A/Libraries/libGLImage.dylib
0x000000002ac51000 	/System/Library/Frameworks/OpenGL.framework/Versions/A/Libraries/libCVMSPluginSupport.dylib
0x000000002ac51000 	/System/Library/Frameworks/OpenGL.framework/Versions/A/Libraries/libCoreVMClient.dylib
0x000000002ac51000 	/System/Library/PrivateFrameworks/CrashReporterSupport.framework/Versions/A/CrashReporterSupport
0x000000002ac51000 	/System/Library/PrivateFrameworks/Sharing.framework/Versions/A/Sharing
0x000000002ac51000 	/System/Library/PrivateFrameworks/IconServices.framework/Versions/A/IconServices
0x000000002ac51000 	/System/Library/PrivateFrameworks/ProtocolBuffer.framework/Versions/A/ProtocolBuffer
0x000000002ac51000 	/System/Library/PrivateFrameworks/Apple80211.framework/Versions/A/Apple80211
0x000000002ac51000 	/System/Library/Frameworks/CoreWLAN.framework/Versions/A/CoreWLAN
0x000000002ac51000 	/System/Library/PrivateFrameworks/CoreUtils.framework/Versions/A/CoreUtils
0x000000002ac51000 	/System/Library/Frameworks/IOBluetooth.framework/Versions/A/IOBluetooth
0x000000002ac51000 	/System/Library/PrivateFrameworks/CoreWiFi.framework/Versions/A/CoreWiFi
0x000000002ac51000 	/System/Library/Frameworks/CoreBluetooth.framework/Versions/A/CoreBluetooth
0x000000002ac51000 	/System/Library/Frameworks/CoreDisplay.framework/Versions/A/CoreDisplay
0x000000002ac51000 	/System/Library/PrivateFrameworks/IOPresentment.framework/Versions/A/IOPresentment
0x000000002ac51000 	/System/Library/PrivateFrameworks/DSExternalDisplay.framework/Versions/A/DSExternalDisplay
0x000000002ac51000 	/System/Library/PrivateFrameworks/DebugSymbols.framework/Versions/A/DebugSymbols
0x000000002ac51000 	/System/Library/PrivateFrameworks/CoreSymbolication.framework/Versions/A/CoreSymbolication
0x000000002ac51000 	/System/Library/PrivateFrameworks/Symbolication.framework/Versions/A/Symbolication
0x000000002ac51000 	/System/Library/PrivateFrameworks/AppleFSCompression.framework/Versions/A/AppleFSCompression
0x000000002ac51000 	/System/Library/PrivateFrameworks/SpeechRecognitionCore.framework/Versions/A/SpeechRecognitionCore
0x000000002ac51000 	/System/Library/PrivateFrameworks/ChunkingLibrary.framework/Versions/A/ChunkingLibrary
0x0000000105834000 	/Library/Java/JavaVirtualMachines/jdk1.8.0_71.jdk/Contents/Home/jre/lib/server/libjvm.dylib
0x000000002ac51000 	/usr/lib/libstdc++.6.dylib
0x00000001067c3000 	/Library/Java/JavaVirtualMachines/jdk1.8.0_71.jdk/Contents/Home/jre/lib/libverify.dylib
0x0000000107000000 	/Library/Java/JavaVirtualMachines/jdk1.8.0_71.jdk/Contents/Home/jre/lib/libjava.dylib
0x00000001067db000 	/Library/Java/JavaVirtualMachines/jdk1.8.0_71.jdk/Contents/Home/jre/lib/libzip.dylib
0x000000010b41a000 	/System/Library/Frameworks/JavaVM.framework/Frameworks/JavaRuntimeSupport.framework/JavaRuntimeSupport
0x000000010b434000 	/System/Library/Frameworks/JavaVM.framework/Versions/A/Frameworks/JavaNativeFoundation.framework/Versions/A/JavaNativeFoundation
0x000000010b449000 	/System/Library/Frameworks/JavaVM.framework/Versions/A/JavaVM
0x000000002ac51000 	/System/Library/Frameworks/Carbon.framework/Versions/A/Carbon
0x000000010b456000 	/System/Library/PrivateFrameworks/JavaLaunching.framework/Versions/A/JavaLaunching
0x000000002ac51000 	/System/Library/Frameworks/Carbon.framework/Versions/A/Frameworks/CommonPanels.framework/Versions/A/CommonPanels
0x000000002ac51000 	/System/Library/Frameworks/Carbon.framework/Versions/A/Frameworks/Help.framework/Versions/A/Help
0x000000002ac51000 	/System/Library/Frameworks/Carbon.framework/Versions/A/Frameworks/ImageCapture.framework/Versions/A/ImageCapture
0x000000002ac51000 	/System/Library/Frameworks/Carbon.framework/Versions/A/Frameworks/OpenScripting.framework/Versions/A/OpenScripting
0x000000002ac51000 	/System/Library/Frameworks/Carbon.framework/Versions/A/Frameworks/Print.framework/Versions/A/Print
0x000000002ac51000 	/System/Library/Frameworks/Carbon.framework/Versions/A/Frameworks/SecurityHI.framework/Versions/A/SecurityHI
0x000000010cd7e000 	/Library/Java/JavaVirtualMachines/jdk1.8.0_71.jdk/Contents/Home/jre/lib/libawt.dylib
0x000000010ce26000 	/Library/Java/JavaVirtualMachines/jdk1.8.0_71.jdk/Contents/Home/jre/lib/./libmlib_image.dylib
0x000000010cef2000 	/Library/Java/JavaVirtualMachines/jdk1.8.0_71.jdk/Contents/Home/jre/lib/libawt_lwawt.dylib
0x000000010cfa7000 	/Library/Java/JavaVirtualMachines/jdk1.8.0_71.jdk/Contents/Home/jre/lib/./libosxapp.dylib
0x000000002ac51000 	/System/Library/Frameworks/ExceptionHandling.framework/Versions/A/ExceptionHandling
0x000000002ac51000 	/System/Library/PrivateFrameworks/CoreServicesInternal.framework/Versions/A/CoreServicesInternal
0x000000002ac51000 	/System/Library/CoreServices/RawCamera.bundle/Contents/MacOS/RawCamera
0x000000010dc5a000 	/System/Library/Frameworks/Accelerate.framework/Frameworks/vImage.framework/Versions/A/Libraries/libCGInterfaces.dylib
0x000000002ac51000 	/System/Library/Frameworks/ApplicationServices.framework/Versions/A/Frameworks/ATS.framework/Versions/A/Resources/libTrueTypeScaler.dylib
0x000000010ea6b000 	/System/Library/Frameworks/OpenGL.framework/Resources/GLEngine.bundle/GLEngine
0x000000002ac51000 	/System/Library/Frameworks/OpenGL.framework/Versions/A/Libraries/libGLProgrammability.dylib
0x000000010ec50000 	/System/Library/Extensions/AppleIntelBDWGraphicsGLDriver.bundle/Contents/MacOS/AppleIntelBDWGraphicsGLDriver
0x000000002ac51000 	/System/Library/PrivateFrameworks/GPUSupport.framework/Versions/A/Libraries/libGPUSupportMercury.dylib
0x000000010f3ba000 	/System/Library/Frameworks/OpenGL.framework/Resources//GLRendererFloat.bundle/GLRendererFloat
0x000000002ac51000 	/System/Library/Frameworks/OpenCL.framework/Versions/A/Libraries/libcldcpuengine.dylib
0x000000002ac51000 	/usr/lib/libcrypto.0.9.8.dylib
0x000000002ac51000 	/System/Library/PrivateFrameworks/TrustEvaluationAgent.framework/Versions/A/TrustEvaluationAgent
0x000000010f3ee000 	/System/Library/Extensions/AppleIntelBDWGraphicsMTLDriver.bundle/Contents/MacOS/AppleIntelBDWGraphicsMTLDriver
0x000000002ac51000 	/System/Library/PrivateFrameworks/FamilyControls.framework/Versions/A/FamilyControls
0x000000002ac51000 	/System/Library/PrivateFrameworks/CommerceKit.framework/Versions/A/Frameworks/CommerceCore.framework/Versions/A/CommerceCore
0x000000002ac51000 	/System/Library/PrivateFrameworks/SystemAdministration.framework/Versions/A/SystemAdministration
0x000000002ac51000 	/System/Library/PrivateFrameworks/AppContainer.framework/Versions/A/AppContainer
0x000000002ac51000 	/System/Library/PrivateFrameworks/SecCodeWrapper.framework/Versions/A/SecCodeWrapper
0x000000002ac51000 	/System/Library/Frameworks/DirectoryService.framework/Versions/A/DirectoryService
0x000000002ac51000 	/System/Library/PrivateFrameworks/DiskImages.framework/Versions/A/DiskImages
0x000000002ac51000 	/System/Library/PrivateFrameworks/LoginUIKit.framework/Versions/A/Frameworks/LoginUICore.framework/Versions/A/LoginUICore
0x000000002ac51000 	/usr/lib/libCoreStorage.dylib
0x000000002ac51000 	/usr/lib/libcsfde.dylib
0x000000002ac51000 	/usr/lib/libodfde.dylib
0x000000002ac51000 	/System/Library/Frameworks/DiscRecording.framework/Versions/A/DiscRecording
0x000000002ac51000 	/usr/lib/libcurl.4.dylib
0x000000002ac51000 	/System/Library/PrivateFrameworks/MediaKit.framework/Versions/A/MediaKit
0x000000002ac51000 	/System/Library/PrivateFrameworks/ProtectedCloudStorage.framework/Versions/A/ProtectedCloudStorage
0x000000002ac51000 	/System/Library/PrivateFrameworks/EFILogin.framework/Versions/A/EFILogin
0x000000002ac51000 	/usr/lib/libutil.dylib
0x000000002ac51000 	/System/Library/Frameworks/LDAP.framework/Versions/A/LDAP
0x000000002ac51000 	/usr/lib/libsasl2.2.dylib
0x000000002ac51000 	/System/Library/PrivateFrameworks/CoreDaemon.framework/Versions/B/CoreDaemon
0x000000002ac51000 	/System/Library/PrivateFrameworks/AppleSRP.framework/Versions/A/AppleSRP
0x000000002ac51000 	/System/Library/PrivateFrameworks/APFS.framework/Versions/A/APFS
0x0000000110ae4000 	/Library/Java/JavaVirtualMachines/jdk1.8.0_71.jdk/Contents/Home/jre/lib/libfontmanager.dylib
0x0000000110b4b000 	/Users/song/Code/Java_workspace/Adventures-of-Mason/lib/natives/liblwjgl.dylib
0x000000010de73000 	/Library/Java/JavaVirtualMachines/jdk1.8.0_71.jdk/Contents/Home/jre/lib/libjawt.dylib
0x000000002ac51000 	/System/Library/PrivateFrameworks/ViewBridge.framework/Versions/A/ViewBridge
0x000000002ac51000 	/System/Library/PrivateFrameworks/XPCService.framework/Versions/A/XPCService
0x000000002ac51000 	/System/Library/PrivateFrameworks/AppSandbox.framework/Versions/A/AppSandbox
0x000000002ac51000 	/usr/lib/libsandbox.1.dylib
0x000000002ac51000 	/usr/lib/libMatch.1.dylib

VM Arguments:
jvm_args: -Djava.library.path=/Users/song/Code/Java_workspace/Adventures-of-Mason/lib/natives -Dfile.encoding=UTF-8 
java_command: com.mason.main.Main
java_class_path (initial): /Users/song/Code/Java_workspace/Adventures-of-Mason/bin:/Users/song/Code/Java_workspace/Adventures-of-Mason/lib/jars/lwjgl.jar:/Users/song/Code/Java_workspace/Adventures-of-Mason/lib/jars/slick.jar
Launcher Type: SUN_STANDARD

Environment Variables:
PATH=/usr/bin:/bin:/usr/sbin:/sbin
SHELL=/bin/bash
DISPLAY=/private/tmp/com.apple.launchd.iPFkqnfW5e/org.macosforge.xquartz:0

Signal Handlers:
SIGSEGV: [libjvm.dylib+0x5a68c5], sa_mask[0]=11111111011111110111111111111111, sa_flags=SA_ONSTACK|SA_RESTART|SA_SIGINFO
SIGBUS: [libjvm.dylib+0x5a68c5], sa_mask[0]=11111111011111110111111111111111, sa_flags=SA_RESTART|SA_SIGINFO
SIGFPE: [libjvm.dylib+0x4805d4], sa_mask[0]=11111111011111110111111111111111, sa_flags=SA_RESTART|SA_SIGINFO
SIGPIPE: [libjvm.dylib+0x4805d4], sa_mask[0]=11111111011111110111111111111111, sa_flags=SA_RESTART|SA_SIGINFO
SIGXFSZ: [libjvm.dylib+0x4805d4], sa_mask[0]=11111111011111110111111111111111, sa_flags=SA_RESTART|SA_SIGINFO
SIGILL: [libjvm.dylib+0x4805d4], sa_mask[0]=11111111011111110111111111111111, sa_flags=SA_RESTART|SA_SIGINFO
SIGUSR1: SIG_DFL, sa_mask[0]=00000000000000000000000000000000, sa_flags=none
SIGUSR2: [libjvm.dylib+0x4800f2], sa_mask[0]=00100000000000000000000000000000, sa_flags=SA_RESTART|SA_SIGINFO
SIGHUP: [libjvm.dylib+0x47e6c9], sa_mask[0]=11111111011111110111111111111111, sa_flags=SA_RESTART|SA_SIGINFO
SIGINT: [libjvm.dylib+0x47e6c9], sa_mask[0]=11111111011111110111111111111111, sa_flags=SA_RESTART|SA_SIGINFO
SIGTERM: [libjvm.dylib+0x47e6c9], sa_mask[0]=11111111011111110111111111111111, sa_flags=SA_RESTART|SA_SIGINFO
SIGQUIT: [libjvm.dylib+0x47e6c9], sa_mask[0]=11111111011111110111111111111111, sa_flags=SA_RESTART|SA_SIGINFO


---------------  S Y S T E M  ---------------

OS:Bsduname:Darwin 16.7.0 Darwin Kernel Version 16.7.0: Thu Jun 15 17:36:27 PDT 2017; root:xnu-3789.70.16~2/RELEASE_X86_64 x86_64
rlimit: STACK 8192k, CORE 0k, NPROC 709, NOFILE 10240, AS infinity
load average:1.62 2.14 2.54

CPU:total 4 (2 cores per cpu, 2 threads per core) family 6 model 61 stepping 4, cmov, cx8, fxsr, mmx, sse, sse2, sse3, ssse3, sse4.1, sse4.2, popcnt, avx, avx2, aes, clmul, erms, 3dnowpref, lzcnt, ht, tsc, tscinvbit, bmi1, bmi2, adx

Memory: 4k page, physical 4194304k(173324k free)

/proc/meminfo:


vm_info: Java HotSpot(TM) 64-Bit Server VM (25.71-b15) for bsd-amd64 JRE (1.8.0_71-b15), built on Dec 22 2015 15:11:44 by "java_re" with gcc 4.2.1 (Based on Apple Inc. build 5658) (LLVM build 2336.11.00)

time: Fri Aug 11 14:32:39 2017
elapsed time: 24 seconds (0d 0h 0m 24s)

