#
# A fatal error has been detected by the Java Runtime Environment:
#
#  SIGSEGV (0xb) at pc=0x00007fff8fee5d08, pid=22447, tid=775
#
# JRE version: Java(TM) SE Runtime Environment (8.0_71-b15) (build 1.8.0_71-b15)
# Java VM: Java HotSpot(TM) 64-Bit Server VM (25.71-b15 mixed mode bsd-amd64 compressed oops)
# Problematic frame:
# C  [libobjc.A.dylib+0xbd08]  objc_storeWeak+0x16e
#
# Failed to write core dump. Core dumps have been disabled. To enable core dumping, try "ulimit -c unlimited" before starting Java again
#
# If you would like to submit a bug report, please visit:
#   http://bugreport.java.com/bugreport/crash.jsp
# The crash happened outside the Java Virtual Machine in native code.
# See problematic frame for where to report the bug.
#

---------------  T H R E A D  ---------------

Current thread (0x00007fc9c611b800):  JavaThread "AppKit Thread" daemon [_thread_in_native, id=775, stack(0x00007fff4fd02000,0x00007fff50502000)]

siginfo: si_signo: 11 (SIGSEGV), si_code: 1 (SEGV_MAPERR), si_addr: 0x0000000000000000

Registers:
RAX=0x00007fc9c5006c00, RBX=0x00007fff99635480, RCX=0x0000000000000000, RDX=0x00007ffffffffff8
RSP=0x00007fff504fc680, RBP=0x00007fff504fc700, RSI=0x00007fc9c5007000, RDI=0x00007fff99635480
R8 =0x000000000000003f, R9 =0x00007fc9c44aee70, R10=0x000000000000003e, R11=0x00007fc9c6041be0
R12=0x00007fff99636000, R13=0x0000000000000000, R14=0x00007fc9c44c0e90, R15=0x0000000000000000
RIP=0x00007fff8fee5d08, EFLAGS=0x0000000000010206, ERR=0x0000000000000004
  TRAPNO=0x000000000000000e

Top of Stack: (sp=0x00007fff504fc680)
0x00007fff504fc680:   0000000000000000 00007fc9c44c7638
0x00007fff504fc690:   ffff80363bb51190 0000000000000b80
0x00007fff504fc6a0:   00007fff9957f630 0000000000000000
0x00007fff504fc6b0:   00007fff99636000 00007fc9c44c0e90
0x00007fff504fc6c0:   0000000000000000 00007fc9c44c76b8
0x00007fff504fc6d0:   000000000000000d 00007fc9c44aee70
0x00007fff504fc6e0:   0000000000000000 00007fc9c44aee70
0x00007fff504fc6f0:   00007fc9c44c74b0 00007fc9c44c0e90
0x00007fff504fc700:   00007fff504fc740 00007fff7ca5dacf
0x00007fff504fc710:   00007fff504fc740 0000000000000000
0x00007fff504fc720:   00007fc9c44c0e90 00007fff79792006
0x00007fff504fc730:   00007fc9c44aee70 00007fff8fee1040
0x00007fff504fc740:   00007fff504fc770 00007fff78e2a6fb
0x00007fff504fc750:   00007fff8fee1040 00007fff504fc7f8
0x00007fff504fc760:   00007fff797d5759 00007fff8fee1040
0x00007fff504fc770:   00007fff504fc7b0 00007fff791f7c73
0x00007fff504fc780:   0000000000000000 0000000000000000
0x00007fff504fc790:   0000000000000094 00007fff797b817f
0x00007fff504fc7a0:   00007fff504fc7f8 0000000000000001
0x00007fff504fc7b0:   00007fff504fc7e0 00007fff78c81d48
0x00007fff504fc7c0:   0000000000000000 00007fc9c44c0e90
0x00007fff504fc7d0:   00007fc9c44aee70 0000000000000000
0x00007fff504fc7e0:   00007fff504fc840 00007fff78e2a538
0x00007fff504fc7f0:   0000000000000000 00007fff996c8060
0x00007fff504fc800:   00000000c2000000 00007fff791f7b84
0x00007fff504fc810:   00007fff9579dcf0 0000000000000000
0x00007fff504fc820:   00007fc9c44c0e90 00007fc9c44aee70
0x00007fff504fc830:   00007fc9c44aee70 00007fc9c44c0e90
0x00007fff504fc840:   00007fff504fc870 000000011aaf3586
0x00007fff504fc850:   00007fc9c44aee70 000000011ab27c60
0x00007fff504fc860:   00007fc9c44468e0 00007fc9c44468e0
0x00007fff504fc870:   00007fff504fcde0 00007fff78ca4e7b 

Instructions: (pc=0x00007fff8fee5d08)
0x00007fff8fee5ce8:   eb 07 48 8b 45 a0 48 8b 30 48 8b 45 c0 48 39 c6
0x00007fff8fee5cf8:   74 2a 48 8b 46 20 48 89 c1 48 21 d1 48 8b 49 08
0x00007fff8fee5d08:   f6 01 01 75 0a 48 8b 06 48 21 d0 48 8b 40 20 48
0x00007fff8fee5d18:   21 d0 f6 40 03 20 0f 84 f8 fe ff ff 49 c1 e5 06 

Register to memory mapping:

RAX=0x00007fc9c5006c00 is an unknown value
RBX=0x00007fff99635480: _ZN12_GLOBAL__N_1L12SideTableBufE+0 in /usr/lib/libobjc.A.dylib at 0x00007fff8feda000
RCX=0x0000000000000000 is an unknown value
RDX=0x00007ffffffffff8 is an unknown value
RSP=0x00007fff504fc680 is pointing into the stack for thread: 0x00007fc9c611b800
RBP=0x00007fff504fc700 is pointing into the stack for thread: 0x00007fc9c611b800
RSI=0x00007fc9c5007000 is a thread
RDI=0x00007fff99635480: _ZN12_GLOBAL__N_1L12SideTableBufE+0 in /usr/lib/libobjc.A.dylib at 0x00007fff8feda000
R8 =0x000000000000003f is an unknown value
R9 =0x00007fc9c44aee70 is an unknown value
R10=0x000000000000003e is an unknown value
R11=0x00007fc9c6041be0 is an unknown value
R12=0x00007fff99636000: _ZN12_GLOBAL__N_1L12SideTableBufE+0xb80 in /usr/lib/libobjc.A.dylib at 0x00007fff8feda000
R13=0x0000000000000000 is an unknown value
R14=0x00007fc9c44c0e90 is an unknown value
R15=0x0000000000000000 is an unknown value


Stack: [0x00007fff4fd02000,0x00007fff50502000],  sp=0x00007fff504fc680,  free space=8169k
Native frames: (J=compiled Java code, j=interpreted, Vv=VM code, C=native code)
C  [libobjc.A.dylib+0xbd08]  objc_storeWeak+0x16e
C  [Foundation+0x17acf]  -[NSConcreteMapTable setObject:forKey:]+0x6a
C  [AppKit+0x3226fb]  -[NSView(NSOpenGLContextAssociation) _setOpenGLContext:]+0x9b
C  [AppKit+0x6efc73]  __27-[NSOpenGLContext setView:]_block_invoke+0xef
C  [AppKit+0x179d48]  NSPerformVisuallyAtomicChange+0x93
C  [AppKit+0x322538]  -[NSOpenGLContext setView:]+0x69
C  [liblwjgl.dylib+0xa586]  -[MacOSXOpenGLView lockFocus]+0x76
C  [AppKit+0x19ce7b]  -[NSView _recursiveDisplayRectIfNeededIgnoringOpacity:isVisibleRect:rectIsVisibleRectForView:topView:]+0x6ee
C  [AppKit+0x19d6d1]  -[NSView _recursiveDisplayRectIfNeededIgnoringOpacity:isVisibleRect:rectIsVisibleRectForView:topView:]+0xf44
C  [AppKit+0x19c2af]  -[NSThemeFrame _recursiveDisplayRectIfNeededIgnoringOpacity:isVisibleRect:rectIsVisibleRectForView:topView:]+0x14e
C  [AppKit+0x19a6d8]  -[NSView _displayRectIgnoringOpacity:isVisibleRect:rectIsVisibleRectForView:]+0x994
C  [AppKit+0x195fca]  -[NSView displayIfNeeded]+0x6d4
C  [AppKit+0x1958db]  -[NSWindow displayIfNeeded]+0xe6
C  [AppKit+0x8f5cb4]  ___NSWindowGetDisplayCycleObserver_block_invoke.6228+0x115
C  [AppKit+0x1953b9]  __37+[NSDisplayCycle currentDisplayCycle]_block_invoke+0x1c6
C  [QuartzCore+0x11d06]  _ZN2CA11Transaction19run_commit_handlersE18CATransactionPhase+0x2e
C  [QuartzCore+0x11b8bc]  _ZN2CA7Context18commit_transactionEPNS_11TransactionE+0xa0
C  [QuartzCore+0x107e1]  _ZN2CA11Transaction6commitEv+0x1db
C  [AppKit+0x4788b1]  __37+[NSDisplayCycle currentDisplayCycle]_block_invoke.31+0x143
C  [CoreFoundation+0xa6d37]  __CFRUNLOOP_IS_CALLING_OUT_TO_AN_OBSERVER_CALLBACK_FUNCTION__+0x17
C  [CoreFoundation+0xa6ca7]  __CFRunLoopDoObservers+0x187
C  [CoreFoundation+0x876d9]  __CFRunLoopRun+0x369
C  [CoreFoundation+0x87114]  CFRunLoopRunSpecific+0x1a4
C  [HIToolbox+0x30ebc]  RunCurrentEventLoopInMode+0xf0
C  [HIToolbox+0x30bf9]  ReceiveNextEventCommon+0xb8
C  [HIToolbox+0x30b26]  _BlockUntilNextEventMatchingListInModeWithFilter+0x47
C  [AppKit+0x46a54]  _DPSNextEvent+0x460
C  [AppKit+0x7c27ee]  -[NSApplication(NSEvent) _nextEventMatchingEventMask:untilDate:inMode:dequeue:]+0xaec
C  [libosxapp.dylib+0x23aa]  -[NSApplicationAWT nextEventMatchingMask:untilDate:inMode:dequeue:]+0x7c
C  [AppKit+0x3b3db]  -[NSApplication run]+0x39e
C  [libosxapp.dylib+0x214d]  +[NSApplicationAWT runAWTLoopWithApp:]+0x9c
C  [libawt_lwawt.dylib+0x4455b]  -[AWTStarter starter:]+0x389
C  [Foundation+0x7152a]  __NSThreadPerformPerform+0x146
C  [CoreFoundation+0xa7321]  __CFRUNLOOP_IS_CALLING_OUT_TO_A_SOURCE0_PERFORM_FUNCTION__+0x11
C  [CoreFoundation+0x8821d]  __CFRunLoopDoSources0+0x22d
C  [CoreFoundation+0x87716]  __CFRunLoopRun+0x3a6
C  [CoreFoundation+0x87114]  CFRunLoopRunSpecific+0x1a4
C  [java+0x6463]  CreateExecutionEnvironment+0x367
C  [java+0x21ac]  JLI_Launch+0x7a0
C  [java+0x84c0]  main+0x65
C  [java+0x1a04]  start+0x34
C  0x0000000000000006


---------------  P R O C E S S  ---------------

Java Threads: ( => current thread )
  0x00007fc9c49fd000 JavaThread "AWT-Shutdown" [_thread_blocked, id=25815, stack(0x000070000c69c000,0x000070000c79c000)]
=>0x00007fc9c611b800 JavaThread "AppKit Thread" daemon [_thread_in_native, id=775, stack(0x00007fff4fd02000,0x00007fff50502000)]
  0x00007fc9c508c000 JavaThread "Service Thread" daemon [_thread_blocked, id=18179, stack(0x000070000d3c6000,0x000070000d4c6000)]
  0x00007fc9c6010000 JavaThread "C1 CompilerThread2" daemon [_thread_blocked, id=17667, stack(0x000070000d2c3000,0x000070000d3c3000)]
  0x00007fc9c505b000 JavaThread "C2 CompilerThread1" daemon [_thread_blocked, id=17155, stack(0x000070000d1c0000,0x000070000d2c0000)]
  0x00007fc9c504d800 JavaThread "C2 CompilerThread0" daemon [_thread_blocked, id=16643, stack(0x000070000d0bd000,0x000070000d1bd000)]
  0x00007fc9c6020000 JavaThread "Signal Dispatcher" daemon [_thread_blocked, id=16131, stack(0x000070000cfba000,0x000070000d0ba000)]
  0x00007fc9c503e000 JavaThread "Finalizer" daemon [_thread_blocked, id=12291, stack(0x000070000ceb7000,0x000070000cfb7000)]
  0x00007fc9c503d800 JavaThread "Reference Handler" daemon [_thread_blocked, id=11779, stack(0x000070000cdb4000,0x000070000ceb4000)]
  0x00007fc9c5007000 JavaThread "main" [_thread_in_native, id=6915, stack(0x000070000c7a2000,0x000070000c8a2000)]

Other Threads:
  0x00007fc9c503b000 VMThread [stack: 0x000070000ccb1000,0x000070000cdb1000] [id=11267]
  0x00007fc9c5827000 WatcherThread [stack: 0x000070000d4c9000,0x000070000d5c9000] [id=18691]

VM state:not at safepoint (normal execution)

VM Mutex/Monitor currently owned by a thread: None

Heap:
 PSYoungGen      total 18944K, used 14048K [0x00000007aab00000, 0x00000007ac000000, 0x00000007c0000000)
  eden space 16384K, 70% used [0x00000007aab00000,0x00000007ab638b20,0x00000007abb00000)
  from space 2560K, 99% used [0x00000007abb00000,0x00000007abd7f800,0x00000007abd80000)
  to   space 2560K, 0% used [0x00000007abd80000,0x00000007abd80000,0x00000007ac000000)
 ParOldGen       total 44032K, used 255K [0x0000000780000000, 0x0000000782b00000, 0x00000007aab00000)
  object space 44032K, 0% used [0x0000000780000000,0x000000078003fd38,0x0000000782b00000)
 Metaspace       used 8572K, capacity 8685K, committed 8960K, reserved 1056768K
  class space    used 859K, capacity 923K, committed 1024K, reserved 1048576K

Card table byte_map: [0x000000011134f000,0x0000000111550000] byte_map_base: 0x000000010d74f000

Marking Bits: (ParMarkBitMap*) 0x00000001108e3ea0
 Begin Bits: [0x00000001116a6000, 0x00000001126a6000)
 End Bits:   [0x00000001126a6000, 0x00000001136a6000)

Polling page: 0x000000010f7be000

CodeCache: size=245760Kb used=4369Kb max_used=4381Kb free=241390Kb
 bounds [0x000000011bade000, 0x000000011bf2e000, 0x000000012aade000]
 total_blobs=1488 nmethods=1077 adapters=325
 compilation: enabled

Compilation events (10 events):
Event: 81.353 Thread 0x00007fc9c505b000 1073       4       java.util.LinkedList::node (65 bytes)
Event: 81.355 Thread 0x00007fc9c505b000 nmethod 1073 0x000000011bf1ef90 code [0x000000011bf1f0e0, 0x000000011bf1f1b8]
Event: 82.963 Thread 0x00007fc9c6010000 1074   !   3       org.lwjgl.opengl.Display::update (154 bytes)
Event: 82.964 Thread 0x00007fc9c6010000 nmethod 1074 0x000000011bf1d1d0 code [0x000000011bf1d480, 0x000000011bf1e5f8]
Event: 84.013 Thread 0x00007fc9c6010000 1075   !   3       org.lwjgl.opengl.Display::processMessages (44 bytes)
Event: 84.014 Thread 0x00007fc9c6010000 nmethod 1075 0x000000011bf1f290 code [0x000000011bf1f520, 0x000000011bf20548]
Event: 84.500 Thread 0x00007fc9c6010000 1076   !   3       org.lwjgl.opengl.MacOSXDisplay::update (114 bytes)
Event: 84.501 Thread 0x00007fc9c504d800 1077  s    4       org.lwjgl.opengl.ContextGL::update (30 bytes)
Event: 84.503 Thread 0x00007fc9c504d800 nmethod 1077 0x000000011bf1cc50 code [0x000000011bf1cda0, 0x000000011bf1d0c8]
Event: 84.504 Thread 0x00007fc9c6010000 nmethod 1076 0x000000011bf23c90 code [0x000000011bf240a0, 0x000000011bf264e8]

GC Heap History (2 events):
Event: 1.638 GC heap before
{Heap before GC invocations=1 (full 0):
 PSYoungGen      total 18944K, used 16384K [0x00000007aab00000, 0x00000007ac000000, 0x00000007c0000000)
  eden space 16384K, 100% used [0x00000007aab00000,0x00000007abb00000,0x00000007abb00000)
  from space 2560K, 0% used [0x00000007abd80000,0x00000007abd80000,0x00000007ac000000)
  to   space 2560K, 0% used [0x00000007abb00000,0x00000007abb00000,0x00000007abd80000)
 ParOldGen       total 44032K, used 0K [0x0000000780000000, 0x0000000782b00000, 0x00000007aab00000)
  object space 44032K, 0% used [0x0000000780000000,0x0000000780000000,0x0000000782b00000)
 Metaspace       used 8209K, capacity 8425K, committed 8704K, reserved 1056768K
  class space    used 841K, capacity 921K, committed 1024K, reserved 1048576K
Event: 1.655 GC heap after
Heap after GC invocations=1 (full 0):
 PSYoungGen      total 18944K, used 2558K [0x00000007aab00000, 0x00000007ac000000, 0x00000007c0000000)
  eden space 16384K, 0% used [0x00000007aab00000,0x00000007aab00000,0x00000007abb00000)
  from space 2560K, 99% used [0x00000007abb00000,0x00000007abd7f800,0x00000007abd80000)
  to   space 2560K, 0% used [0x00000007abd80000,0x00000007abd80000,0x00000007ac000000)
 ParOldGen       total 44032K, used 255K [0x0000000780000000, 0x0000000782b00000, 0x00000007aab00000)
  object space 44032K, 0% used [0x0000000780000000,0x000000078003fd38,0x0000000782b00000)
 Metaspace       used 8209K, capacity 8425K, committed 8704K, reserved 1056768K
  class space    used 841K, capacity 921K, committed 1024K, reserved 1048576K
}

Deoptimization events (10 events):
Event: 28.916 Thread 0x00007fc9c5007000 Uncommon trap: reason=unstable_if action=reinterpret pc=0x000000011be78334 method=org.lwjgl.opengl.MacOSXNativeKeyboard.flushDeferredEvent()V @ 4
Event: 29.633 Thread 0x00007fc9c5007000 Uncommon trap: reason=unstable_if action=reinterpret pc=0x000000011bea7f34 method=com.mason.states.CollisionEditor.printSelected(Lorg/newdawn/slick/Graphics;)V @ 12
Event: 29.636 Thread 0x00007fc9c5007000 Uncommon trap: reason=unstable_if action=reinterpret pc=0x000000011be9e98c method=com.mason.states.CollisionEditor.printSelected(Lorg/newdawn/slick/Graphics;)V @ 12
Event: 33.158 Thread 0x00007fc9c5007000 Uncommon trap: reason=unstable_if action=reinterpret pc=0x000000011be87ae0 method=java.util.LinkedList.node(I)Ljava/util/LinkedList$Node; @ 7
Event: 44.645 Thread 0x00007fc9c5007000 Uncommon trap: reason=unstable_if action=reinterpret pc=0x000000011bee1e14 method=java.util.LinkedList.node(I)Ljava/util/LinkedList$Node; @ 19
Event: 79.469 Thread 0x00007fc9c5007000 Uncommon trap: reason=unstable_if action=reinterpret pc=0x000000011beef820 method=com.mason.states.CollisionEditor.printSelected(Lorg/newdawn/slick/Graphics;)V @ 116
Event: 81.900 Thread 0x00007fc9c5007000 Uncommon trap: reason=unstable_if action=reinterpret pc=0x000000011bef87dc method=org.lwjgl.opengl.MacOSXDisplay.update()V @ 86
Event: 83.475 Thread 0x00007fc9c5007000 Uncommon trap: reason=unstable_if action=reinterpret pc=0x000000011bf06ab8 method=org.lwjgl.opengl.MacOSXDisplay.update()V @ 86
Event: 83.683 Thread 0x00007fc9c5007000 Uncommon trap: reason=unstable_if action=reinterpret pc=0x000000011bedd54c method=org.lwjgl.opengl.MacOSXDisplay.update()V @ 86
Event: 84.966 Thread 0x00007fc9c5007000 Uncommon trap: reason=unstable_if action=reinterpret pc=0x000000011be83a60 method=org.newdawn.slick.AppGameContainer.gameLoop()V @ 60

Internal exceptions (10 events):
Event: 0.242 Thread 0x00007fc9c5007000 Exception <a 'java/security/PrivilegedActionException'> (0x00000007aad1f498) thrown at [/Users/java_re/workspace/8-2-build-macosx-x86_64/jdk8u71/5731/hotspot/src/share/vm/prims/jvm.cpp, line 1386]
Event: 0.242 Thread 0x00007fc9c5007000 Exception <a 'java/security/PrivilegedActionException'> (0x00000007aad1f6a8) thrown at [/Users/java_re/workspace/8-2-build-macosx-x86_64/jdk8u71/5731/hotspot/src/share/vm/prims/jvm.cpp, line 1386]
Event: 0.242 Thread 0x00007fc9c5007000 Exception <a 'java/security/PrivilegedActionException'> (0x00000007aad22b30) thrown at [/Users/java_re/workspace/8-2-build-macosx-x86_64/jdk8u71/5731/hotspot/src/share/vm/prims/jvm.cpp, line 1386]
Event: 0.242 Thread 0x00007fc9c5007000 Exception <a 'java/security/PrivilegedActionException'> (0x00000007aad22d40) thrown at [/Users/java_re/workspace/8-2-build-macosx-x86_64/jdk8u71/5731/hotspot/src/share/vm/prims/jvm.cpp, line 1386]
Event: 0.315 Thread 0x00007fc9c5007000 Exception <a 'java/lang/NoSuchFieldError': method resolution failed> (0x00000007aadf4728) thrown at [/Users/java_re/workspace/8-2-build-macosx-x86_64/jdk8u71/5731/hotspot/src/share/vm/prims/methodHandles.cpp, line 1146]
Event: 0.319 Thread 0x00007fc9c5007000 Exception <a 'java/lang/NoSuchFieldError': method resolution failed> (0x00000007aae01e78) thrown at [/Users/java_re/workspace/8-2-build-macosx-x86_64/jdk8u71/5731/hotspot/src/share/vm/prims/methodHandles.cpp, line 1146]
Event: 0.606 Thread 0x00007fc9c5007000 Exception <a 'java/io/FileNotFoundException'> (0x00000007aae7d130) thrown at [/Users/java_re/workspace/8-2-build-macosx-x86_64/jdk8u71/5731/hotspot/src/share/vm/prims/jni.cpp, line 709]
Event: 0.606 Thread 0x00007fc9c5007000 Exception <a 'java/io/FileNotFoundException'> (0x00000007aae7dc70) thrown at [/Users/java_re/workspace/8-2-build-macosx-x86_64/jdk8u71/5731/hotspot/src/share/vm/prims/jni.cpp, line 709]
Event: 0.988 Thread 0x00007fc9c5007000 Exception <a 'java/lang/NoClassDefFoundError': net/java/games/input/ControllerEnvironment> (0x00000007ab2edfb0) thrown at [/Users/java_re/workspace/8-2-build-macosx-x86_64/jdk8u71/5731/hotspot/src/share/vm/classfile/systemDictionary.cpp, line 199]
Event: 8.833 Thread 0x00007fc9c5176800 Implicit null exception at 0x000000011be4f746 to 0x000000011be4f98d

Events (10 events):
Event: 83.475 Thread 0x00007fc9c5007000 DEOPT PACKING pc=0x000000011bf06ab8 sp=0x000070000c8a1710
Event: 83.475 Thread 0x00007fc9c5007000 DEOPT UNPACKING pc=0x000000011bae3229 sp=0x000070000c8a1678 mode 2
Event: 83.683 Thread 0x00007fc9c5007000 Uncommon trap: trap_request=0xffffff65 fr.pc=0x000000011bedd54c
Event: 83.683 Thread 0x00007fc9c5007000 DEOPT PACKING pc=0x000000011bedd54c sp=0x000070000c8a16a0
Event: 83.684 Thread 0x00007fc9c5007000 DEOPT UNPACKING pc=0x000000011bae3229 sp=0x000070000c8a1660 mode 2
Event: 84.966 Thread 0x00007fc9c5007000 Uncommon trap: trap_request=0xffffff65 fr.pc=0x000000011be83a60
Event: 84.966 Thread 0x00007fc9c5007000 DEOPT PACKING pc=0x000000011be83a60 sp=0x000070000c8a1840
Event: 84.966 Thread 0x00007fc9c5007000 DEOPT UNPACKING pc=0x000000011bae3229 sp=0x000070000c8a1808 mode 2
Event: 84.971 loading class org/lwjgl/opengl/CallbackUtil
Event: 84.971 loading class org/lwjgl/opengl/CallbackUtil done


Dynamic libraries:
0x0000000005c57000 	/System/Library/Frameworks/Cocoa.framework/Versions/A/Cocoa
0x0000000005c57000 	/System/Library/Frameworks/Security.framework/Versions/A/Security
0x0000000005c57000 	/System/Library/Frameworks/ApplicationServices.framework/Versions/A/ApplicationServices
0x0000000005c57000 	/usr/lib/libz.1.dylib
0x0000000005c57000 	/usr/lib/libSystem.B.dylib
0x0000000005c57000 	/usr/lib/libobjc.A.dylib
0x0000000005c57000 	/System/Library/Frameworks/CoreFoundation.framework/Versions/A/CoreFoundation
0x0000000005c57000 	/System/Library/Frameworks/Foundation.framework/Versions/C/Foundation
0x0000000005c57000 	/System/Library/Frameworks/AppKit.framework/Versions/C/AppKit
0x0000000005c57000 	/System/Library/Frameworks/CoreData.framework/Versions/A/CoreData
0x0000000005c57000 	/System/Library/PrivateFrameworks/RemoteViewServices.framework/Versions/A/RemoteViewServices
0x0000000005c57000 	/System/Library/PrivateFrameworks/UIFoundation.framework/Versions/A/UIFoundation
0x0000000005c57000 	/System/Library/PrivateFrameworks/DFRFoundation.framework/Versions/A/DFRFoundation
0x0000000005c57000 	/usr/lib/libenergytrace.dylib
0x0000000005c57000 	/System/Library/PrivateFrameworks/SkyLight.framework/Versions/A/SkyLight
0x0000000005c57000 	/System/Library/Frameworks/CoreGraphics.framework/Versions/A/CoreGraphics
0x0000000005c57000 	/usr/lib/libScreenReader.dylib
0x0000000005c57000 	/System/Library/Frameworks/Accelerate.framework/Versions/A/Accelerate
0x0000000005c57000 	/System/Library/Frameworks/IOSurface.framework/Versions/A/IOSurface
0x0000000005c57000 	/System/Library/Frameworks/AudioToolbox.framework/Versions/A/AudioToolbox
0x0000000005c57000 	/System/Library/Frameworks/AudioUnit.framework/Versions/A/AudioUnit
0x0000000005c57000 	/System/Library/PrivateFrameworks/DataDetectorsCore.framework/Versions/A/DataDetectorsCore
0x0000000005c57000 	/System/Library/PrivateFrameworks/DesktopServicesPriv.framework/Versions/A/DesktopServicesPriv
0x0000000005c57000 	/System/Library/Frameworks/Carbon.framework/Versions/A/Frameworks/HIToolbox.framework/Versions/A/HIToolbox
0x0000000005c57000 	/usr/lib/libicucore.A.dylib
0x0000000005c57000 	/System/Library/Frameworks/QuartzCore.framework/Versions/A/QuartzCore
0x0000000005c57000 	/System/Library/Frameworks/Carbon.framework/Versions/A/Frameworks/SpeechRecognition.framework/Versions/A/SpeechRecognition
0x0000000005c57000 	/usr/lib/libauto.dylib
0x0000000005c57000 	/usr/lib/libxml2.2.dylib
0x0000000005c57000 	/System/Library/PrivateFrameworks/CoreUI.framework/Versions/A/CoreUI
0x0000000005c57000 	/System/Library/Frameworks/CoreAudio.framework/Versions/A/CoreAudio
0x0000000005c57000 	/System/Library/Frameworks/DiskArbitration.framework/Versions/A/DiskArbitration
0x0000000005c57000 	/usr/lib/liblangid.dylib
0x0000000005c57000 	/System/Library/PrivateFrameworks/MultitouchSupport.framework/Versions/A/MultitouchSupport
0x0000000005c57000 	/System/Library/Frameworks/IOKit.framework/Versions/A/IOKit
0x0000000005c57000 	/usr/lib/libDiagnosticMessagesClient.dylib
0x0000000005c57000 	/System/Library/Frameworks/CoreServices.framework/Versions/A/CoreServices
0x0000000005c57000 	/System/Library/PrivateFrameworks/PerformanceAnalysis.framework/Versions/A/PerformanceAnalysis
0x0000000005c57000 	/System/Library/PrivateFrameworks/GenerationalStorage.framework/Versions/A/GenerationalStorage
0x0000000005c57000 	/System/Library/Frameworks/OpenGL.framework/Versions/A/OpenGL
0x0000000005c57000 	/System/Library/Frameworks/CoreImage.framework/Versions/A/CoreImage
0x0000000005c57000 	/System/Library/Frameworks/CoreText.framework/Versions/A/CoreText
0x0000000005c57000 	/System/Library/Frameworks/ImageIO.framework/Versions/A/ImageIO
0x0000000005c57000 	/System/Library/PrivateFrameworks/Backup.framework/Versions/A/Backup
0x0000000005c57000 	/usr/lib/libarchive.2.dylib
0x0000000005c57000 	/System/Library/Frameworks/CFNetwork.framework/Versions/A/CFNetwork
0x0000000005c57000 	/System/Library/Frameworks/SystemConfiguration.framework/Versions/A/SystemConfiguration
0x0000000005c57000 	/usr/lib/libCRFSuite.dylib
0x0000000005c57000 	/usr/lib/libc++.1.dylib
0x0000000005c57000 	/usr/lib/libc++abi.dylib
0x0000000005c57000 	/usr/lib/system/libcache.dylib
0x0000000005c57000 	/usr/lib/system/libcommonCrypto.dylib
0x0000000005c57000 	/usr/lib/system/libcompiler_rt.dylib
0x0000000005c57000 	/usr/lib/system/libcopyfile.dylib
0x0000000005c57000 	/usr/lib/system/libcorecrypto.dylib
0x0000000005c57000 	/usr/lib/system/libdispatch.dylib
0x0000000005c57000 	/usr/lib/system/libdyld.dylib
0x0000000005c57000 	/usr/lib/system/libkeymgr.dylib
0x0000000005c57000 	/usr/lib/system/liblaunch.dylib
0x0000000005c57000 	/usr/lib/system/libmacho.dylib
0x0000000005c57000 	/usr/lib/system/libquarantine.dylib
0x0000000005c57000 	/usr/lib/system/libremovefile.dylib
0x0000000005c57000 	/usr/lib/system/libsystem_asl.dylib
0x0000000005c57000 	/usr/lib/system/libsystem_blocks.dylib
0x0000000005c57000 	/usr/lib/system/libsystem_c.dylib
0x0000000005c57000 	/usr/lib/system/libsystem_configuration.dylib
0x0000000005c57000 	/usr/lib/system/libsystem_coreservices.dylib
0x0000000005c57000 	/usr/lib/system/libsystem_coretls.dylib
0x0000000005c57000 	/usr/lib/system/libsystem_dnssd.dylib
0x0000000005c57000 	/usr/lib/system/libsystem_info.dylib
0x0000000005c57000 	/usr/lib/system/libsystem_kernel.dylib
0x0000000005c57000 	/usr/lib/system/libsystem_m.dylib
0x0000000005c57000 	/usr/lib/system/libsystem_malloc.dylib
0x0000000005c57000 	/usr/lib/system/libsystem_network.dylib
0x0000000005c57000 	/usr/lib/system/libsystem_networkextension.dylib
0x0000000005c57000 	/usr/lib/system/libsystem_notify.dylib
0x0000000005c57000 	/usr/lib/system/libsystem_platform.dylib
0x0000000005c57000 	/usr/lib/system/libsystem_pthread.dylib
0x0000000005c57000 	/usr/lib/system/libsystem_sandbox.dylib
0x0000000005c57000 	/usr/lib/system/libsystem_secinit.dylib
0x0000000005c57000 	/usr/lib/system/libsystem_symptoms.dylib
0x0000000005c57000 	/usr/lib/system/libsystem_trace.dylib
0x0000000005c57000 	/usr/lib/system/libunwind.dylib
0x0000000005c57000 	/usr/lib/system/libxpc.dylib
0x0000000005c57000 	/usr/lib/libbsm.0.dylib
0x0000000005c57000 	/usr/lib/system/libkxld.dylib
0x0000000005c57000 	/usr/lib/libcoretls.dylib
0x0000000005c57000 	/usr/lib/libcoretls_cfhelpers.dylib
0x0000000005c57000 	/usr/lib/libOpenScriptingUtil.dylib
0x0000000005c57000 	/usr/lib/libpam.2.dylib
0x0000000005c57000 	/usr/lib/libsqlite3.dylib
0x0000000005c57000 	/usr/lib/libxar.1.dylib
0x0000000005c57000 	/usr/lib/libbz2.1.0.dylib
0x0000000005c57000 	/usr/lib/liblzma.5.dylib
0x0000000005c57000 	/usr/lib/libnetwork.dylib
0x0000000005c57000 	/usr/lib/libpcap.A.dylib
0x0000000005c57000 	/System/Library/Frameworks/CoreServices.framework/Versions/A/Frameworks/FSEvents.framework/Versions/A/FSEvents
0x0000000005c57000 	/System/Library/Frameworks/CoreServices.framework/Versions/A/Frameworks/CarbonCore.framework/Versions/A/CarbonCore
0x0000000005c57000 	/System/Library/Frameworks/CoreServices.framework/Versions/A/Frameworks/Metadata.framework/Versions/A/Metadata
0x0000000005c57000 	/System/Library/Frameworks/CoreServices.framework/Versions/A/Frameworks/OSServices.framework/Versions/A/OSServices
0x0000000005c57000 	/System/Library/Frameworks/CoreServices.framework/Versions/A/Frameworks/SearchKit.framework/Versions/A/SearchKit
0x0000000005c57000 	/System/Library/Frameworks/CoreServices.framework/Versions/A/Frameworks/AE.framework/Versions/A/AE
0x0000000005c57000 	/System/Library/Frameworks/CoreServices.framework/Versions/A/Frameworks/LaunchServices.framework/Versions/A/LaunchServices
0x0000000005c57000 	/System/Library/Frameworks/CoreServices.framework/Versions/A/Frameworks/DictionaryServices.framework/Versions/A/DictionaryServices
0x0000000005c57000 	/System/Library/Frameworks/CoreServices.framework/Versions/A/Frameworks/SharedFileList.framework/Versions/A/SharedFileList
0x0000000005c57000 	/System/Library/Frameworks/NetFS.framework/Versions/A/NetFS
0x0000000005c57000 	/System/Library/PrivateFrameworks/NetAuth.framework/Versions/A/NetAuth
0x0000000005c57000 	/System/Library/PrivateFrameworks/login.framework/Versions/A/Frameworks/loginsupport.framework/Versions/A/loginsupport
0x0000000005c57000 	/System/Library/PrivateFrameworks/TCC.framework/Versions/A/TCC
0x0000000005c57000 	/usr/lib/libmecabra.dylib
0x0000000005c57000 	/System/Library/Frameworks/ApplicationServices.framework/Versions/A/Frameworks/ATS.framework/Versions/A/ATS
0x0000000005c57000 	/System/Library/Frameworks/ApplicationServices.framework/Versions/A/Frameworks/ColorSync.framework/Versions/A/ColorSync
0x0000000005c57000 	/System/Library/Frameworks/ApplicationServices.framework/Versions/A/Frameworks/HIServices.framework/Versions/A/HIServices
0x0000000005c57000 	/System/Library/Frameworks/ApplicationServices.framework/Versions/A/Frameworks/LangAnalysis.framework/Versions/A/LangAnalysis
0x0000000005c57000 	/System/Library/Frameworks/ApplicationServices.framework/Versions/A/Frameworks/PrintCore.framework/Versions/A/PrintCore
0x0000000005c57000 	/System/Library/Frameworks/ApplicationServices.framework/Versions/A/Frameworks/QD.framework/Versions/A/QD
0x0000000005c57000 	/System/Library/Frameworks/ApplicationServices.framework/Versions/A/Frameworks/SpeechSynthesis.framework/Versions/A/SpeechSynthesis
0x0000000005c57000 	/System/Library/Frameworks/Accelerate.framework/Versions/A/Frameworks/vImage.framework/Versions/A/vImage
0x0000000005c57000 	/System/Library/Frameworks/Accelerate.framework/Versions/A/Frameworks/vecLib.framework/Versions/A/vecLib
0x0000000005c57000 	/System/Library/Frameworks/Accelerate.framework/Versions/A/Frameworks/vecLib.framework/Versions/A/libvDSP.dylib
0x0000000005c57000 	/System/Library/Frameworks/Accelerate.framework/Versions/A/Frameworks/vecLib.framework/Versions/A/libBNNS.dylib
0x0000000005c57000 	/System/Library/Frameworks/Accelerate.framework/Versions/A/Frameworks/vecLib.framework/Versions/A/libQuadrature.dylib
0x0000000005c57000 	/System/Library/Frameworks/Accelerate.framework/Versions/A/Frameworks/vecLib.framework/Versions/A/libvMisc.dylib
0x0000000005c57000 	/System/Library/Frameworks/Accelerate.framework/Versions/A/Frameworks/vecLib.framework/Versions/A/libLAPACK.dylib
0x0000000005c57000 	/System/Library/Frameworks/Accelerate.framework/Versions/A/Frameworks/vecLib.framework/Versions/A/libBLAS.dylib
0x0000000005c57000 	/System/Library/Frameworks/Accelerate.framework/Versions/A/Frameworks/vecLib.framework/Versions/A/libLinearAlgebra.dylib
0x0000000005c57000 	/System/Library/Frameworks/Accelerate.framework/Versions/A/Frameworks/vecLib.framework/Versions/A/libSparseBLAS.dylib
0x0000000005c57000 	/System/Library/Frameworks/ApplicationServices.framework/Versions/A/Frameworks/ATS.framework/Versions/A/Resources/libFontParser.dylib
0x0000000005c57000 	/System/Library/Frameworks/ApplicationServices.framework/Versions/A/Frameworks/ATS.framework/Versions/A/Resources/libFontRegistry.dylib
0x0000000005c57000 	/System/Library/Frameworks/ImageIO.framework/Versions/A/Resources/libJPEG.dylib
0x0000000005c57000 	/System/Library/Frameworks/ImageIO.framework/Versions/A/Resources/libTIFF.dylib
0x0000000005c57000 	/System/Library/Frameworks/ImageIO.framework/Versions/A/Resources/libPng.dylib
0x0000000005c57000 	/System/Library/Frameworks/ImageIO.framework/Versions/A/Resources/libGIF.dylib
0x0000000005c57000 	/System/Library/Frameworks/ImageIO.framework/Versions/A/Resources/libJP2.dylib
0x0000000005c57000 	/System/Library/Frameworks/ImageIO.framework/Versions/A/Resources/libRadiance.dylib
0x0000000005c57000 	/usr/lib/libcompression.dylib
0x0000000005c57000 	/System/Library/PrivateFrameworks/AppleJPEG.framework/Versions/A/AppleJPEG
0x0000000005c57000 	/usr/lib/libcups.2.dylib
0x0000000005c57000 	/System/Library/Frameworks/Kerberos.framework/Versions/A/Kerberos
0x0000000005c57000 	/System/Library/Frameworks/GSS.framework/Versions/A/GSS
0x0000000005c57000 	/usr/lib/libresolv.9.dylib
0x0000000005c57000 	/usr/lib/libiconv.2.dylib
0x0000000005c57000 	/System/Library/PrivateFrameworks/Heimdal.framework/Versions/A/Heimdal
0x0000000005c57000 	/usr/lib/libheimdal-asn1.dylib
0x0000000005c57000 	/System/Library/Frameworks/OpenDirectory.framework/Versions/A/OpenDirectory
0x0000000005c57000 	/System/Library/PrivateFrameworks/CommonAuth.framework/Versions/A/CommonAuth
0x0000000005c57000 	/System/Library/Frameworks/OpenDirectory.framework/Versions/A/Frameworks/CFOpenDirectory.framework/Versions/A/CFOpenDirectory
0x0000000005c57000 	/System/Library/Frameworks/SecurityFoundation.framework/Versions/A/SecurityFoundation
0x0000000005c57000 	/System/Library/PrivateFrameworks/LanguageModeling.framework/Versions/A/LanguageModeling
0x0000000005c57000 	/usr/lib/libmarisa.dylib
0x0000000005c57000 	/usr/lib/libChineseTokenizer.dylib
0x0000000005c57000 	/usr/lib/libcmph.dylib
0x0000000005c57000 	/System/Library/PrivateFrameworks/CoreEmoji.framework/Versions/A/CoreEmoji
0x0000000005c57000 	/System/Library/Frameworks/ServiceManagement.framework/Versions/A/ServiceManagement
0x0000000005c57000 	/usr/lib/libxslt.1.dylib
0x0000000005c57000 	/System/Library/Frameworks/Carbon.framework/Versions/A/Frameworks/Ink.framework/Versions/A/Ink
0x0000000005c57000 	/System/Library/PrivateFrameworks/TextureIO.framework/Versions/A/TextureIO
0x0000000005c57000 	/System/Library/Frameworks/Metal.framework/Versions/A/Metal
0x0000000005c57000 	/usr/lib/libate.dylib
0x0000000005c57000 	/System/Library/PrivateFrameworks/GPUCompiler.framework/libmetal_timestamp.dylib
0x0000000005c57000 	/System/Library/Frameworks/OpenGL.framework/Versions/A/Libraries/libCoreFSCache.dylib
0x0000000005c57000 	/System/Library/PrivateFrameworks/IOAccelerator.framework/Versions/A/IOAccelerator
0x0000000005c57000 	/System/Library/Frameworks/CoreVideo.framework/Versions/A/CoreVideo
0x0000000005c57000 	/usr/lib/libFosl_dynamic.dylib
0x0000000005c57000 	/System/Library/PrivateFrameworks/MetalPerformanceShaders.framework/Versions/A/MetalPerformanceShaders
0x0000000005c57000 	/System/Library/PrivateFrameworks/FaceCore.framework/Versions/A/FaceCore
0x0000000005c57000 	/System/Library/Frameworks/OpenCL.framework/Versions/A/OpenCL
0x0000000005c57000 	/System/Library/Frameworks/OpenGL.framework/Versions/A/Libraries/libGLU.dylib
0x0000000005c57000 	/System/Library/Frameworks/OpenGL.framework/Versions/A/Libraries/libGFXShared.dylib
0x0000000005c57000 	/System/Library/Frameworks/OpenGL.framework/Versions/A/Libraries/libGL.dylib
0x0000000005c57000 	/System/Library/Frameworks/OpenGL.framework/Versions/A/Libraries/libGLImage.dylib
0x0000000005c57000 	/System/Library/Frameworks/OpenGL.framework/Versions/A/Libraries/libCVMSPluginSupport.dylib
0x0000000005c57000 	/System/Library/Frameworks/OpenGL.framework/Versions/A/Libraries/libCoreVMClient.dylib
0x0000000005c57000 	/System/Library/PrivateFrameworks/CrashReporterSupport.framework/Versions/A/CrashReporterSupport
0x0000000005c57000 	/System/Library/PrivateFrameworks/Sharing.framework/Versions/A/Sharing
0x0000000005c57000 	/System/Library/PrivateFrameworks/IconServices.framework/Versions/A/IconServices
0x0000000005c57000 	/System/Library/PrivateFrameworks/ProtocolBuffer.framework/Versions/A/ProtocolBuffer
0x0000000005c57000 	/System/Library/PrivateFrameworks/Apple80211.framework/Versions/A/Apple80211
0x0000000005c57000 	/System/Library/Frameworks/CoreWLAN.framework/Versions/A/CoreWLAN
0x0000000005c57000 	/System/Library/PrivateFrameworks/CoreUtils.framework/Versions/A/CoreUtils
0x0000000005c57000 	/System/Library/Frameworks/IOBluetooth.framework/Versions/A/IOBluetooth
0x0000000005c57000 	/System/Library/PrivateFrameworks/CoreWiFi.framework/Versions/A/CoreWiFi
0x0000000005c57000 	/System/Library/Frameworks/CoreBluetooth.framework/Versions/A/CoreBluetooth
0x0000000005c57000 	/System/Library/Frameworks/CoreDisplay.framework/Versions/A/CoreDisplay
0x0000000005c57000 	/System/Library/PrivateFrameworks/IOPresentment.framework/Versions/A/IOPresentment
0x0000000005c57000 	/System/Library/PrivateFrameworks/DSExternalDisplay.framework/Versions/A/DSExternalDisplay
0x0000000005c57000 	/System/Library/PrivateFrameworks/DebugSymbols.framework/Versions/A/DebugSymbols
0x0000000005c57000 	/System/Library/PrivateFrameworks/CoreSymbolication.framework/Versions/A/CoreSymbolication
0x0000000005c57000 	/System/Library/PrivateFrameworks/Symbolication.framework/Versions/A/Symbolication
0x0000000005c57000 	/System/Library/PrivateFrameworks/AppleFSCompression.framework/Versions/A/AppleFSCompression
0x0000000005c57000 	/System/Library/PrivateFrameworks/SpeechRecognitionCore.framework/Versions/A/SpeechRecognitionCore
0x0000000005c57000 	/System/Library/PrivateFrameworks/ChunkingLibrary.framework/Versions/A/ChunkingLibrary
0x0000000110000000 	/Library/Java/JavaVirtualMachines/jdk1.8.0_71.jdk/Contents/Home/jre/lib/server/libjvm.dylib
0x0000000005c57000 	/usr/lib/libstdc++.6.dylib
0x000000010f77b000 	/Library/Java/JavaVirtualMachines/jdk1.8.0_71.jdk/Contents/Home/jre/lib/libverify.dylib
0x000000010f789000 	/Library/Java/JavaVirtualMachines/jdk1.8.0_71.jdk/Contents/Home/jre/lib/libjava.dylib
0x000000010f7c8000 	/Library/Java/JavaVirtualMachines/jdk1.8.0_71.jdk/Contents/Home/jre/lib/libzip.dylib
0x000000010f7e6000 	/System/Library/Frameworks/JavaVM.framework/Frameworks/JavaRuntimeSupport.framework/JavaRuntimeSupport
0x0000000115374000 	/System/Library/Frameworks/JavaVM.framework/Versions/A/Frameworks/JavaNativeFoundation.framework/Versions/A/JavaNativeFoundation
0x0000000115389000 	/System/Library/Frameworks/JavaVM.framework/Versions/A/JavaVM
0x0000000005c57000 	/System/Library/Frameworks/Carbon.framework/Versions/A/Carbon
0x0000000115396000 	/System/Library/PrivateFrameworks/JavaLaunching.framework/Versions/A/JavaLaunching
0x0000000005c57000 	/System/Library/Frameworks/Carbon.framework/Versions/A/Frameworks/CommonPanels.framework/Versions/A/CommonPanels
0x0000000005c57000 	/System/Library/Frameworks/Carbon.framework/Versions/A/Frameworks/Help.framework/Versions/A/Help
0x0000000005c57000 	/System/Library/Frameworks/Carbon.framework/Versions/A/Frameworks/ImageCapture.framework/Versions/A/ImageCapture
0x0000000005c57000 	/System/Library/Frameworks/Carbon.framework/Versions/A/Frameworks/OpenScripting.framework/Versions/A/OpenScripting
0x0000000005c57000 	/System/Library/Frameworks/Carbon.framework/Versions/A/Frameworks/Print.framework/Versions/A/Print
0x0000000005c57000 	/System/Library/Frameworks/Carbon.framework/Versions/A/Frameworks/SecurityHI.framework/Versions/A/SecurityHI
0x0000000116cc4000 	/Library/Java/JavaVirtualMachines/jdk1.8.0_71.jdk/Contents/Home/jre/lib/libawt.dylib
0x0000000116d6c000 	/Library/Java/JavaVirtualMachines/jdk1.8.0_71.jdk/Contents/Home/jre/lib/./libmlib_image.dylib
0x0000000116e38000 	/Library/Java/JavaVirtualMachines/jdk1.8.0_71.jdk/Contents/Home/jre/lib/libawt_lwawt.dylib
0x0000000116eed000 	/Library/Java/JavaVirtualMachines/jdk1.8.0_71.jdk/Contents/Home/jre/lib/./libosxapp.dylib
0x0000000005c57000 	/System/Library/Frameworks/ExceptionHandling.framework/Versions/A/ExceptionHandling
0x0000000005c57000 	/System/Library/PrivateFrameworks/CoreServicesInternal.framework/Versions/A/CoreServicesInternal
0x0000000005c57000 	/System/Library/CoreServices/RawCamera.bundle/Contents/MacOS/RawCamera
0x0000000117365000 	/System/Library/Frameworks/Accelerate.framework/Frameworks/vImage.framework/Versions/A/Libraries/libCGInterfaces.dylib
0x0000000005c57000 	/System/Library/Frameworks/ApplicationServices.framework/Versions/A/Frameworks/ATS.framework/Versions/A/Resources/libTrueTypeScaler.dylib
0x0000000118a2e000 	/System/Library/Frameworks/OpenGL.framework/Resources/GLEngine.bundle/GLEngine
0x0000000005c57000 	/System/Library/Frameworks/OpenGL.framework/Versions/A/Libraries/libGLProgrammability.dylib
0x0000000118c13000 	/System/Library/Extensions/AppleIntelBDWGraphicsGLDriver.bundle/Contents/MacOS/AppleIntelBDWGraphicsGLDriver
0x0000000005c57000 	/System/Library/PrivateFrameworks/GPUSupport.framework/Versions/A/Libraries/libGPUSupportMercury.dylib
0x000000011937d000 	/System/Library/Frameworks/OpenGL.framework/Resources//GLRendererFloat.bundle/GLRendererFloat
0x0000000005c57000 	/System/Library/Frameworks/OpenCL.framework/Versions/A/Libraries/libcldcpuengine.dylib
0x0000000005c57000 	/usr/lib/libcrypto.0.9.8.dylib
0x0000000005c57000 	/System/Library/PrivateFrameworks/TrustEvaluationAgent.framework/Versions/A/TrustEvaluationAgent
0x00000001193b1000 	/System/Library/Extensions/AppleIntelBDWGraphicsMTLDriver.bundle/Contents/MacOS/AppleIntelBDWGraphicsMTLDriver
0x0000000005c57000 	/System/Library/PrivateFrameworks/FamilyControls.framework/Versions/A/FamilyControls
0x0000000005c57000 	/System/Library/PrivateFrameworks/CommerceKit.framework/Versions/A/Frameworks/CommerceCore.framework/Versions/A/CommerceCore
0x0000000005c57000 	/System/Library/PrivateFrameworks/SystemAdministration.framework/Versions/A/SystemAdministration
0x0000000005c57000 	/System/Library/PrivateFrameworks/AppContainer.framework/Versions/A/AppContainer
0x0000000005c57000 	/System/Library/PrivateFrameworks/SecCodeWrapper.framework/Versions/A/SecCodeWrapper
0x0000000005c57000 	/System/Library/Frameworks/DirectoryService.framework/Versions/A/DirectoryService
0x0000000005c57000 	/System/Library/PrivateFrameworks/DiskImages.framework/Versions/A/DiskImages
0x0000000005c57000 	/System/Library/PrivateFrameworks/LoginUIKit.framework/Versions/A/Frameworks/LoginUICore.framework/Versions/A/LoginUICore
0x0000000005c57000 	/usr/lib/libCoreStorage.dylib
0x0000000005c57000 	/usr/lib/libcsfde.dylib
0x0000000005c57000 	/usr/lib/libodfde.dylib
0x0000000005c57000 	/System/Library/Frameworks/DiscRecording.framework/Versions/A/DiscRecording
0x0000000005c57000 	/usr/lib/libcurl.4.dylib
0x0000000005c57000 	/System/Library/PrivateFrameworks/MediaKit.framework/Versions/A/MediaKit
0x0000000005c57000 	/System/Library/PrivateFrameworks/ProtectedCloudStorage.framework/Versions/A/ProtectedCloudStorage
0x0000000005c57000 	/System/Library/PrivateFrameworks/EFILogin.framework/Versions/A/EFILogin
0x0000000005c57000 	/usr/lib/libutil.dylib
0x0000000005c57000 	/System/Library/Frameworks/LDAP.framework/Versions/A/LDAP
0x0000000005c57000 	/usr/lib/libsasl2.2.dylib
0x0000000005c57000 	/System/Library/PrivateFrameworks/CoreDaemon.framework/Versions/B/CoreDaemon
0x0000000005c57000 	/System/Library/PrivateFrameworks/AppleSRP.framework/Versions/A/AppleSRP
0x0000000005c57000 	/System/Library/PrivateFrameworks/APFS.framework/Versions/A/APFS
0x000000011aa82000 	/Library/Java/JavaVirtualMachines/jdk1.8.0_71.jdk/Contents/Home/jre/lib/libfontmanager.dylib
0x000000011aae9000 	/Users/song/Code/Java_workspace/Adventures-of-Mason/lib/natives/liblwjgl.dylib
0x0000000117cd9000 	/Library/Java/JavaVirtualMachines/jdk1.8.0_71.jdk/Contents/Home/jre/lib/libjawt.dylib
0x0000000005c57000 	/System/Library/PrivateFrameworks/ViewBridge.framework/Versions/A/ViewBridge
0x0000000005c57000 	/System/Library/PrivateFrameworks/XPCService.framework/Versions/A/XPCService
0x0000000005c57000 	/System/Library/PrivateFrameworks/AppSandbox.framework/Versions/A/AppSandbox
0x0000000005c57000 	/usr/lib/libsandbox.1.dylib
0x0000000005c57000 	/usr/lib/libMatch.1.dylib

VM Arguments:
jvm_args: -Djava.library.path=/Users/song/Code/Java_workspace/Adventures-of-Mason/lib/natives -Dfile.encoding=UTF-8 
java_command: com.mason.main.Main
java_class_path (initial): /Users/song/Code/Java_workspace/Adventures-of-Mason/bin:/Users/song/Code/Java_workspace/Adventures-of-Mason/lib/jars/lwjgl.jar:/Users/song/Code/Java_workspace/Adventures-of-Mason/lib/jars/slick.jar
Launcher Type: SUN_STANDARD

Environment Variables:
PATH=/usr/bin:/bin:/usr/sbin:/sbin
SHELL=/bin/bash
DISPLAY=/private/tmp/com.apple.launchd.Awcooqj8Fp/org.macosforge.xquartz:0

Signal Handlers:
SIGSEGV: [libjvm.dylib+0x5a68c5], sa_mask[0]=11111111011111110111111111111111, sa_flags=SA_ONSTACK|SA_RESTART|SA_SIGINFO
SIGBUS: [libjvm.dylib+0x5a68c5], sa_mask[0]=11111111011111110111111111111111, sa_flags=SA_RESTART|SA_SIGINFO
SIGFPE: [libjvm.dylib+0x4805d4], sa_mask[0]=11111111011111110111111111111111, sa_flags=SA_RESTART|SA_SIGINFO
SIGPIPE: [libjvm.dylib+0x4805d4], sa_mask[0]=11111111011111110111111111111111, sa_flags=SA_RESTART|SA_SIGINFO
SIGXFSZ: [libjvm.dylib+0x4805d4], sa_mask[0]=11111111011111110111111111111111, sa_flags=SA_RESTART|SA_SIGINFO
SIGILL: [libjvm.dylib+0x4805d4], sa_mask[0]=11111111011111110111111111111111, sa_flags=SA_RESTART|SA_SIGINFO
SIGUSR1: SIG_DFL, sa_mask[0]=00000000000000000000000000000000, sa_flags=none
SIGUSR2: [libjvm.dylib+0x4800f2], sa_mask[0]=00100000000000000000000000000000, sa_flags=SA_RESTART|SA_SIGINFO
SIGHUP: [libjvm.dylib+0x47e6c9], sa_mask[0]=11111111011111110111111111111111, sa_flags=SA_RESTART|SA_SIGINFO
SIGINT: [libjvm.dylib+0x47e6c9], sa_mask[0]=11111111011111110111111111111111, sa_flags=SA_RESTART|SA_SIGINFO
SIGTERM: [libjvm.dylib+0x47e6c9], sa_mask[0]=11111111011111110111111111111111, sa_flags=SA_RESTART|SA_SIGINFO
SIGQUIT: [libjvm.dylib+0x47e6c9], sa_mask[0]=11111111011111110111111111111111, sa_flags=SA_RESTART|SA_SIGINFO


---------------  S Y S T E M  ---------------

OS:Bsduname:Darwin 16.7.0 Darwin Kernel Version 16.7.0: Thu Jun 15 17:36:27 PDT 2017; root:xnu-3789.70.16~2/RELEASE_X86_64 x86_64
rlimit: STACK 8192k, CORE 0k, NPROC 709, NOFILE 10240, AS infinity
load average:2.00 2.25 2.29

CPU:total 4 (2 cores per cpu, 2 threads per core) family 6 model 61 stepping 4, cmov, cx8, fxsr, mmx, sse, sse2, sse3, ssse3, sse4.1, sse4.2, popcnt, avx, avx2, aes, clmul, erms, 3dnowpref, lzcnt, ht, tsc, tscinvbit, bmi1, bmi2, adx

Memory: 4k page, physical 4194304k(18128k free)

/proc/meminfo:


vm_info: Java HotSpot(TM) 64-Bit Server VM (25.71-b15) for bsd-amd64 JRE (1.8.0_71-b15), built on Dec 22 2015 15:11:44 by "java_re" with gcc 4.2.1 (Based on Apple Inc. build 5658) (LLVM build 2336.11.00)

time: Fri Aug 18 18:17:44 2017
elapsed time: 85 seconds (0d 0h 1m 25s)

