#
# A fatal error has been detected by the Java Runtime Environment:
#
#  SIGSEGV (0xb) at pc=0x00007fff8fee105d, pid=22878, tid=775
#
# JRE version: Java(TM) SE Runtime Environment (8.0_71-b15) (build 1.8.0_71-b15)
# Java VM: Java HotSpot(TM) 64-Bit Server VM (25.71-b15 mixed mode bsd-amd64 compressed oops)
# Problematic frame:
# C  [libobjc.A.dylib+0x705d]  objc_msgSend+0x1d
#
# Failed to write core dump. Core dumps have been disabled. To enable core dumping, try "ulimit -c unlimited" before starting Java again
#
# If you would like to submit a bug report, please visit:
#   http://bugreport.java.com/bugreport/crash.jsp
# The crash happened outside the Java Virtual Machine in native code.
# See problematic frame for where to report the bug.
#

---------------  T H R E A D  ---------------

Current thread (0x00007fc99a985000):  JavaThread "AppKit Thread" daemon [_thread_in_native, id=775, stack(0x00007fff51b28000,0x00007fff52328000)]

siginfo: si_signo: 11 (SIGSEGV), si_code: 1 (SEGV_MAPERR), si_addr: 0x000007fc99976938

Registers:
RAX=0x00007fc9997c19d0, RBX=0x00007fc99959ab90, RCX=0x00007fc9997637e0, RDX=0x00007fc9997c19d0
RSP=0x00007fff52323018, RBP=0x00007fff52323020, RSI=0x00007fff797d5843, RDI=0x00007fc9997637e0
R8 =0x000000000000001f, R9 =0x00007fc99959c170, R10=0x000007fc99976920, R11=0x00007fff797d5843
R12=0x0000000000000000, R13=0x00007fc99959c170, R14=0x00007fc9997c19d0, R15=0x0000000000000000
RIP=0x00007fff8fee105d, EFLAGS=0x0000000000010202, ERR=0x0000000000000004
  TRAPNO=0x000000000000000e

Top of Stack: (sp=0x00007fff52323018)
0x00007fff52323018:   00007fff7b06b45c 00007fff52323090
0x00007fff52323028:   00007fff7b06b35b 0000000000000000
0x00007fff52323038:   00007fff996c8060 00000000c2000000
0x00007fff52323048:   00007fff7b06b3b0 00007fff95f46680
0x00007fff52323058:   00007fc99959c170 00007fc9997c19d0
0x00007fff52323068:   00007fff52323858 00007fff8fee1040
0x00007fff52323078:   00007fff52323160 00007fc99959c170
0x00007fff52323088:   00007fff7976d05a 00007fff523230d0
0x00007fff52323098:   00007fff7b06b0c2 00007fff523236a0
0x00007fff523230a8:   0000000000000001 00007fff8fee1040
0x00007fff523230b8:   00007fff52323160 00007fff52323858
0x00007fff523230c8:   00007fff7976d05a 00007fff523237f0
0x00007fff523230d8:   00007fff7b028523 00007fc999400000
0x00007fff523230e8:   0000000000000001 000000010d8f8400
0x00007fff523230f8:   0000000000000004 00007fc999601c60
0x00007fff52323108:   00007fff95f47cb0 0000000000000000
0x00007fff52323118:   00007fc99a9820d0 00007fc999601c01
0x00007fff52323128:   00007fc9997a5980 00007fff9607a0e0
0x00007fff52323138:   0000000000000000 0000000000000000
0x00007fff52323148:   0000000000000000 00007fc999445930
0x00007fff52323158:   00007fff95f86900 00007fff523236a0
0x00007fff52323168:   0000000000000002 0000000000000100
0x00007fff52323178:   00007fff99635400 00007fff523235a0
0x00007fff52323188:   0000000000000000 0000000000000100
0x00007fff52323198:   00007fc999454a00 00007fff523231d0
0x00007fff523231a8:   00007fff7b06bd0c ffff803666bab5b0
0x00007fff523231b8:   00007fc999454a50 00007fff96077640
0x00007fff523231c8:   00007fc999454a50 00007fff52323200
0x00007fff523231d8:   00007fff7b06bd58 ffff803666bab5b0
0x00007fff523231e8:   00007fc999454a50 00007fff960778c0
0x00007fff523231f8:   00007fc999454a50 00007fff52323230
0x00007fff52323208:   00007fff7b06be3b 0000000000000800 

Instructions: (pc=0x00007fff8fee105d)
0x00007fff8fee103d:   0f 1f 00 48 85 ff 2e 74 62 40 f6 c7 01 2e 75 66
0x00007fff8fee104d:   49 ba f8 ff ff ff ff 7f 00 00 4c 23 17 49 89 f3
0x00007fff8fee105d:   45 23 5a 18 49 c1 e3 04 4d 03 5a 10 49 3b 33 75
0x00007fff8fee106d:   04 41 ff 63 08 49 83 3b 01 76 0d 49 83 c3 10 49 

Register to memory mapping:

RAX=0x00007fc9997c19d0 is an unknown value
RBX=0x00007fc99959ab90 is an unknown value
RCX=0x00007fc9997637e0 is an unknown value
RDX=0x00007fc9997c19d0 is an unknown value
RSP=0x00007fff52323018 is pointing into the stack for thread: 0x00007fc99a985000
RBP=0x00007fff52323020 is pointing into the stack for thread: 0x00007fc99a985000
RSI=0x00007fff797d5843: __NSStyleNameIndexTable+0xe048b in /System/Library/Frameworks/AppKit.framework/Versions/C/AppKit at 0x00007fff78b08000
RDI=0x00007fc9997637e0 is an unknown value
R8 =0x000000000000001f is an unknown value
R9 =0x00007fc99959c170 is an unknown value
R10=0x000007fc99976920 is an unknown value
R11=0x00007fff797d5843: __NSStyleNameIndexTable+0xe048b in /System/Library/Frameworks/AppKit.framework/Versions/C/AppKit at 0x00007fff78b08000
R12=0x0000000000000000 is an unknown value
R13=0x00007fc99959c170 is an unknown value
R14=0x00007fc9997c19d0 is an unknown value
R15=0x0000000000000000 is an unknown value


Stack: [0x00007fff51b28000,0x00007fff52328000],  sp=0x00007fff52323018,  free space=8172k
Native frames: (J=compiled Java code, j=interpreted, Vv=VM code, C=native code)
C  [libobjc.A.dylib+0x705d]  objc_msgSend+0x1d
C  [CoreFoundation+0x9d35b]  _CFXRegistrationPost+0x1ab
C  [CoreFoundation+0x9d0c2]  ___CFXNotificationPost_block_invoke+0x32
C  [CoreFoundation+0x5a523]  -[_CFXNotificationRegistrar find:object:observer:enumerator:]+0x723
C  [CoreFoundation+0x5955c]  _CFXNotificationPost+0x25c
C  [Foundation+0x6677]  -[NSNotificationCenter postNotificationName:object:userInfo:]+0x42
C  [AppKit+0x24ee3b]  -[NSSurface _disposeSurface]+0x98
C  [AppKit+0x24e9ea]  -[NSSurface setWindow:]+0x35
C  [AppKit+0x28960]  -[NSView _setWindow:]+0xa0f
C  [AppKit+0x2b587]  -[NSView removeFromSuperview]+0x1d1
C  [AppKit+0x14cd60]  -[NSView removeFromSuperviewWithoutNeedingDisplay]+0x26
C  [liblwjgl.dylib+0xa205]  +[MacOSXKeyableWindow destroyWindow]+0xb5
C  [Foundation+0x7152a]  __NSThreadPerformPerform+0x146
C  [CoreFoundation+0xa7321]  __CFRUNLOOP_IS_CALLING_OUT_TO_A_SOURCE0_PERFORM_FUNCTION__+0x11
C  [CoreFoundation+0x8821d]  __CFRunLoopDoSources0+0x22d
C  [CoreFoundation+0x87716]  __CFRunLoopRun+0x3a6
C  [CoreFoundation+0x87114]  CFRunLoopRunSpecific+0x1a4
C  [HIToolbox+0x30ebc]  RunCurrentEventLoopInMode+0xf0
C  [HIToolbox+0x30cf1]  ReceiveNextEventCommon+0x1b0
C  [HIToolbox+0x30b26]  _BlockUntilNextEventMatchingListInModeWithFilter+0x47
C  [AppKit+0x46a54]  _DPSNextEvent+0x460
C  [AppKit+0x7c27ee]  -[NSApplication(NSEvent) _nextEventMatchingEventMask:untilDate:inMode:dequeue:]+0xaec
C  [libosxapp.dylib+0x23aa]  -[NSApplicationAWT nextEventMatchingMask:untilDate:inMode:dequeue:]+0x7c
C  [AppKit+0x3b3db]  -[NSApplication run]+0x39e
C  [libosxapp.dylib+0x214d]  +[NSApplicationAWT runAWTLoopWithApp:]+0x9c
C  [libawt_lwawt.dylib+0x4455b]  -[AWTStarter starter:]+0x389
C  [Foundation+0x7152a]  __NSThreadPerformPerform+0x146
C  [CoreFoundation+0xa7321]  __CFRUNLOOP_IS_CALLING_OUT_TO_A_SOURCE0_PERFORM_FUNCTION__+0x11
C  [CoreFoundation+0x8821d]  __CFRunLoopDoSources0+0x22d
C  [CoreFoundation+0x87716]  __CFRunLoopRun+0x3a6
C  [CoreFoundation+0x87114]  CFRunLoopRunSpecific+0x1a4
C  [java+0x6463]  CreateExecutionEnvironment+0x367
C  [java+0x21ac]  JLI_Launch+0x7a0
C  [java+0x84c0]  main+0x65
C  [java+0x1a04]  start+0x34
C  0x0000000000000006


---------------  P R O C E S S  ---------------

Java Threads: ( => current thread )
  0x00007fc99a22e800 JavaThread "AWT-Shutdown" [_thread_blocked, id=29255, stack(0x000070000607f000,0x000070000617f000)]
=>0x00007fc99a985000 JavaThread "AppKit Thread" daemon [_thread_in_native, id=775, stack(0x00007fff51b28000,0x00007fff52328000)]
  0x00007fc99a034800 JavaThread "Service Thread" daemon [_thread_blocked, id=18691, stack(0x0000700005e79000,0x0000700005f79000)]
  0x00007fc99a812800 JavaThread "C1 CompilerThread2" daemon [_thread_blocked, id=18179, stack(0x0000700005d76000,0x0000700005e76000)]
  0x00007fc99a812000 JavaThread "C2 CompilerThread1" daemon [_thread_blocked, id=17667, stack(0x0000700005c73000,0x0000700005d73000)]
  0x00007fc99a805000 JavaThread "C2 CompilerThread0" daemon [_thread_blocked, id=17155, stack(0x0000700005b70000,0x0000700005c70000)]
  0x00007fc99b007000 JavaThread "Signal Dispatcher" daemon [_thread_blocked, id=16643, stack(0x0000700005a6d000,0x0000700005b6d000)]
  0x00007fc99a802800 JavaThread "Finalizer" daemon [_thread_blocked, id=12547, stack(0x000070000596a000,0x0000700005a6a000)]
  0x00007fc99a801800 JavaThread "Reference Handler" daemon [_thread_blocked, id=12035, stack(0x0000700005867000,0x0000700005967000)]
  0x00007fc99a003800 JavaThread "main" [_thread_in_native, id=7171, stack(0x0000700005255000,0x0000700005355000)]

Other Threads:
  0x00007fc999850800 VMThread [stack: 0x0000700005764000,0x0000700005864000] [id=11523]
  0x00007fc99a84b800 WatcherThread [stack: 0x0000700005f7c000,0x000070000607c000] [id=19203]

VM state:not at safepoint (normal execution)

VM Mutex/Monitor currently owned by a thread: None

Heap:
 PSYoungGen      total 18944K, used 14233K [0x00000007aab00000, 0x00000007ac000000, 0x00000007c0000000)
  eden space 16384K, 71% used [0x00000007aab00000,0x00000007ab66cd98,0x00000007abb00000)
  from space 2560K, 98% used [0x00000007abb00000,0x00000007abd79678,0x00000007abd80000)
  to   space 2560K, 0% used [0x00000007abd80000,0x00000007abd80000,0x00000007ac000000)
 ParOldGen       total 44032K, used 371K [0x0000000780000000, 0x0000000782b00000, 0x00000007aab00000)
  object space 44032K, 0% used [0x0000000780000000,0x000000078005cea8,0x0000000782b00000)
 Metaspace       used 8734K, capacity 8917K, committed 9216K, reserved 1056768K
  class space    used 869K, capacity 955K, committed 1024K, reserved 1048576K

Card table byte_map: [0x000000010f54f000,0x000000010f750000] byte_map_base: 0x000000010b94f000

Marking Bits: (ParMarkBitMap*) 0x000000010eae3ea0
 Begin Bits: [0x000000010f8a6000, 0x00000001108a6000)
 End Bits:   [0x00000001108a6000, 0x00000001118a6000)

Polling page: 0x000000010d998000

CodeCache: size=245760Kb used=4224Kb max_used=4230Kb free=241535Kb
 bounds [0x000000011b73a000, 0x000000011bb6a000, 0x000000012a73a000]
 total_blobs=1553 nmethods=1142 adapters=325
 compilation: enabled

Compilation events (10 events):
Event: 49.987 Thread 0x00007fc99a812800 1138       3       org.lwjgl.opengl.MacOSXNativeMouse::setCursorPos (55 bytes)
Event: 49.988 Thread 0x00007fc99a812800 nmethod 1138 0x000000011bb58b90 code [0x000000011bb58d20, 0x000000011bb590e8]
Event: 49.988 Thread 0x00007fc99a812800 1139       3       org.lwjgl.opengl.MacOSXNativeMouse::addDelta (22 bytes)
Event: 49.989 Thread 0x00007fc99a812800 nmethod 1139 0x000000011bb50590 code [0x000000011bb50700, 0x000000011bb50870]
Event: 51.520 Thread 0x00007fc99a805000 1140       4       java.util.HashMap$HashIterator::<init> (79 bytes)
Event: 51.528 Thread 0x00007fc99a805000 nmethod 1140 0x000000011bb5d990 code [0x000000011bb5dae0, 0x000000011bb5ddd8]
Event: 52.869 Thread 0x00007fc99a812000 1141       4       sun.misc.FloatingDecimal$BinaryToASCIIBuffer::estimateDecExp (182 bytes)
Event: 52.871 Thread 0x00007fc99a812000 nmethod 1141 0x000000011bb47e50 code [0x000000011bb47fc0, 0x000000011bb48158]
Event: 53.009 Thread 0x00007fc99a805000 1142       4       sun.misc.FloatingDecimal$BinaryToASCIIBuffer::dtoa (1509 bytes)
Event: 53.031 Thread 0x00007fc99a805000 nmethod 1142 0x000000011bb5df10 code [0x000000011bb5e140, 0x000000011bb5f178]

GC Heap History (2 events):
Event: 1.575 GC heap before
{Heap before GC invocations=1 (full 0):
 PSYoungGen      total 18944K, used 16384K [0x00000007aab00000, 0x00000007ac000000, 0x00000007c0000000)
  eden space 16384K, 100% used [0x00000007aab00000,0x00000007abb00000,0x00000007abb00000)
  from space 2560K, 0% used [0x00000007abd80000,0x00000007abd80000,0x00000007ac000000)
  to   space 2560K, 0% used [0x00000007abb00000,0x00000007abb00000,0x00000007abd80000)
 ParOldGen       total 44032K, used 0K [0x0000000780000000, 0x0000000782b00000, 0x00000007aab00000)
  object space 44032K, 0% used [0x0000000780000000,0x0000000780000000,0x0000000782b00000)
 Metaspace       used 8389K, capacity 8553K, committed 8704K, reserved 1056768K
  class space    used 858K, capacity 921K, committed 1024K, reserved 1048576K
Event: 1.583 GC heap after
Heap after GC invocations=1 (full 0):
 PSYoungGen      total 18944K, used 2533K [0x00000007aab00000, 0x00000007ac000000, 0x00000007c0000000)
  eden space 16384K, 0% used [0x00000007aab00000,0x00000007aab00000,0x00000007abb00000)
  from space 2560K, 98% used [0x00000007abb00000,0x00000007abd79678,0x00000007abd80000)
  to   space 2560K, 0% used [0x00000007abd80000,0x00000007abd80000,0x00000007ac000000)
 ParOldGen       total 44032K, used 371K [0x0000000780000000, 0x0000000782b00000, 0x00000007aab00000)
  object space 44032K, 0% used [0x0000000780000000,0x000000078005cea8,0x0000000782b00000)
 Metaspace       used 8389K, capacity 8553K, committed 8704K, reserved 1056768K
  class space    used 858K, capacity 921K, committed 1024K, reserved 1048576K
}

Deoptimization events (10 events):
Event: 13.153 Thread 0x00007fc99a003800 Uncommon trap: reason=class_check action=maybe_recompile pc=0x000000011bb1eb94 method=com.mason.states.GameState.isCollision()Z @ 116
Event: 13.169 Thread 0x00007fc99a003800 Uncommon trap: reason=class_check action=maybe_recompile pc=0x000000011bb1eb94 method=com.mason.states.GameState.isCollision()Z @ 116
Event: 13.186 Thread 0x00007fc99a003800 Uncommon trap: reason=class_check action=maybe_recompile pc=0x000000011bb1eb94 method=com.mason.states.GameState.isCollision()Z @ 116
Event: 13.204 Thread 0x00007fc99a003800 Uncommon trap: reason=class_check action=maybe_recompile pc=0x000000011bb1eb94 method=com.mason.states.GameState.isCollision()Z @ 116
Event: 35.270 Thread 0x00007fc99a003800 Uncommon trap: reason=unstable_if action=reinterpret pc=0x000000011bb29940 method=org.newdawn.slick.geom.Rectangle.intersects(Lorg/newdawn/slick/geom/Shape;)Z @ 62
Event: 35.286 Thread 0x00007fc99a003800 Uncommon trap: reason=unstable_if action=reinterpret pc=0x000000011bb02c60 method=org.newdawn.slick.geom.Rectangle.intersects(Lorg/newdawn/slick/geom/Shape;)Z @ 62
Event: 37.554 Thread 0x00007fc99a003800 Uncommon trap: reason=unstable_if action=reinterpret pc=0x000000011bb31ea4 method=sun.misc.FloatingDecimal$BinaryToASCIIBuffer.dtoa(IJIZ)V @ 522
Event: 43.176 Thread 0x00007fc99b0e1800 Uncommon trap: reason=unstable_if action=reinterpret pc=0x000000011bb2cf38 method=java.util.HashMap.keySet()Ljava/util/Set; @ 6
Event: 43.176 Thread 0x00007fc99b0e1800 Uncommon trap: reason=unstable_if action=reinterpret pc=0x000000011bb527c8 method=java.util.HashMap$HashIterator.<init>(Ljava/util/HashMap;)V @ 38
Event: 44.883 Thread 0x00007fc999a5d800 Uncommon trap: reason=unstable_if action=reinterpret pc=0x000000011bb01364 method=java.util.HashMap$HashIterator.<init>(Ljava/util/HashMap;)V @ 38

Internal exceptions (10 events):
Event: 0.171 Thread 0x00007fc99a003800 Exception <a 'java/security/PrivilegedActionException'> (0x00000007aad1f878) thrown at [/Users/java_re/workspace/8-2-build-macosx-x86_64/jdk8u71/5731/hotspot/src/share/vm/prims/jvm.cpp, line 1386]
Event: 0.172 Thread 0x00007fc99a003800 Exception <a 'java/security/PrivilegedActionException'> (0x00000007aad22d00) thrown at [/Users/java_re/workspace/8-2-build-macosx-x86_64/jdk8u71/5731/hotspot/src/share/vm/prims/jvm.cpp, line 1386]
Event: 0.172 Thread 0x00007fc99a003800 Exception <a 'java/security/PrivilegedActionException'> (0x00000007aad22f10) thrown at [/Users/java_re/workspace/8-2-build-macosx-x86_64/jdk8u71/5731/hotspot/src/share/vm/prims/jvm.cpp, line 1386]
Event: 0.235 Thread 0x00007fc99a003800 Exception <a 'java/lang/NoSuchFieldError': method resolution failed> (0x00000007aadf4780) thrown at [/Users/java_re/workspace/8-2-build-macosx-x86_64/jdk8u71/5731/hotspot/src/share/vm/prims/methodHandles.cpp, line 1146]
Event: 0.237 Thread 0x00007fc99a003800 Exception <a 'java/lang/NoSuchFieldError': method resolution failed> (0x00000007aae01ed0) thrown at [/Users/java_re/workspace/8-2-build-macosx-x86_64/jdk8u71/5731/hotspot/src/share/vm/prims/methodHandles.cpp, line 1146]
Event: 0.551 Thread 0x00007fc99a003800 Exception <a 'java/io/FileNotFoundException'> (0x00000007aae7d188) thrown at [/Users/java_re/workspace/8-2-build-macosx-x86_64/jdk8u71/5731/hotspot/src/share/vm/prims/jni.cpp, line 709]
Event: 0.551 Thread 0x00007fc99a003800 Exception <a 'java/io/FileNotFoundException'> (0x00000007aae7dcc8) thrown at [/Users/java_re/workspace/8-2-build-macosx-x86_64/jdk8u71/5731/hotspot/src/share/vm/prims/jni.cpp, line 709]
Event: 0.951 Thread 0x00007fc99a003800 Exception <a 'java/lang/NoClassDefFoundError': net/java/games/input/ControllerEnvironment> (0x00000007ab2f23e8) thrown at [/Users/java_re/workspace/8-2-build-macosx-x86_64/jdk8u71/5731/hotspot/src/share/vm/classfile/systemDictionary.cpp, line 199]
Event: 43.176 Thread 0x00007fc99b0e1800 Implicit null exception at 0x000000011bb5251f to 0x000000011bb527ad
Event: 44.883 Thread 0x00007fc999a5d800 Implicit null exception at 0x000000011bb01106 to 0x000000011bb0134d

Events (10 events):
Event: 44.883 Executing VM operation: RevokeBias
Event: 44.883 Executing VM operation: RevokeBias done
Event: 44.883 Thread 0x00007fc999a5d800 Thread exited: 0x00007fc999a5d800
Event: 45.350 Thread 0x00007fc99a22e800 Thread added: 0x00007fc99a22e800
Event: 51.677 Executing VM operation: RevokeBias
Event: 51.677 Executing VM operation: RevokeBias done
Event: 51.677 Thread 0x00007fc99a22e800 Thread exited: 0x00007fc99a22e800
Event: 53.246 Thread 0x00007fc99a22e800 Thread added: 0x00007fc99a22e800
Event: 53.962 loading class org/lwjgl/opengl/CallbackUtil
Event: 53.962 loading class org/lwjgl/opengl/CallbackUtil done


Dynamic libraries:
0x0000000005c57000 	/System/Library/Frameworks/Cocoa.framework/Versions/A/Cocoa
0x0000000005c57000 	/System/Library/Frameworks/Security.framework/Versions/A/Security
0x0000000005c57000 	/System/Library/Frameworks/ApplicationServices.framework/Versions/A/ApplicationServices
0x0000000005c57000 	/usr/lib/libz.1.dylib
0x0000000005c57000 	/usr/lib/libSystem.B.dylib
0x0000000005c57000 	/usr/lib/libobjc.A.dylib
0x0000000005c57000 	/System/Library/Frameworks/CoreFoundation.framework/Versions/A/CoreFoundation
0x0000000005c57000 	/System/Library/Frameworks/Foundation.framework/Versions/C/Foundation
0x0000000005c57000 	/System/Library/Frameworks/AppKit.framework/Versions/C/AppKit
0x0000000005c57000 	/System/Library/Frameworks/CoreData.framework/Versions/A/CoreData
0x0000000005c57000 	/System/Library/PrivateFrameworks/RemoteViewServices.framework/Versions/A/RemoteViewServices
0x0000000005c57000 	/System/Library/PrivateFrameworks/UIFoundation.framework/Versions/A/UIFoundation
0x0000000005c57000 	/System/Library/PrivateFrameworks/DFRFoundation.framework/Versions/A/DFRFoundation
0x0000000005c57000 	/usr/lib/libenergytrace.dylib
0x0000000005c57000 	/System/Library/PrivateFrameworks/SkyLight.framework/Versions/A/SkyLight
0x0000000005c57000 	/System/Library/Frameworks/CoreGraphics.framework/Versions/A/CoreGraphics
0x0000000005c57000 	/usr/lib/libScreenReader.dylib
0x0000000005c57000 	/System/Library/Frameworks/Accelerate.framework/Versions/A/Accelerate
0x0000000005c57000 	/System/Library/Frameworks/IOSurface.framework/Versions/A/IOSurface
0x0000000005c57000 	/System/Library/Frameworks/AudioToolbox.framework/Versions/A/AudioToolbox
0x0000000005c57000 	/System/Library/Frameworks/AudioUnit.framework/Versions/A/AudioUnit
0x0000000005c57000 	/System/Library/PrivateFrameworks/DataDetectorsCore.framework/Versions/A/DataDetectorsCore
0x0000000005c57000 	/System/Library/PrivateFrameworks/DesktopServicesPriv.framework/Versions/A/DesktopServicesPriv
0x0000000005c57000 	/System/Library/Frameworks/Carbon.framework/Versions/A/Frameworks/HIToolbox.framework/Versions/A/HIToolbox
0x0000000005c57000 	/usr/lib/libicucore.A.dylib
0x0000000005c57000 	/System/Library/Frameworks/QuartzCore.framework/Versions/A/QuartzCore
0x0000000005c57000 	/System/Library/Frameworks/Carbon.framework/Versions/A/Frameworks/SpeechRecognition.framework/Versions/A/SpeechRecognition
0x0000000005c57000 	/usr/lib/libauto.dylib
0x0000000005c57000 	/usr/lib/libxml2.2.dylib
0x0000000005c57000 	/System/Library/PrivateFrameworks/CoreUI.framework/Versions/A/CoreUI
0x0000000005c57000 	/System/Library/Frameworks/CoreAudio.framework/Versions/A/CoreAudio
0x0000000005c57000 	/System/Library/Frameworks/DiskArbitration.framework/Versions/A/DiskArbitration
0x0000000005c57000 	/usr/lib/liblangid.dylib
0x0000000005c57000 	/System/Library/PrivateFrameworks/MultitouchSupport.framework/Versions/A/MultitouchSupport
0x0000000005c57000 	/System/Library/Frameworks/IOKit.framework/Versions/A/IOKit
0x0000000005c57000 	/usr/lib/libDiagnosticMessagesClient.dylib
0x0000000005c57000 	/System/Library/Frameworks/CoreServices.framework/Versions/A/CoreServices
0x0000000005c57000 	/System/Library/PrivateFrameworks/PerformanceAnalysis.framework/Versions/A/PerformanceAnalysis
0x0000000005c57000 	/System/Library/PrivateFrameworks/GenerationalStorage.framework/Versions/A/GenerationalStorage
0x0000000005c57000 	/System/Library/Frameworks/OpenGL.framework/Versions/A/OpenGL
0x0000000005c57000 	/System/Library/Frameworks/CoreImage.framework/Versions/A/CoreImage
0x0000000005c57000 	/System/Library/Frameworks/CoreText.framework/Versions/A/CoreText
0x0000000005c57000 	/System/Library/Frameworks/ImageIO.framework/Versions/A/ImageIO
0x0000000005c57000 	/System/Library/PrivateFrameworks/Backup.framework/Versions/A/Backup
0x0000000005c57000 	/usr/lib/libarchive.2.dylib
0x0000000005c57000 	/System/Library/Frameworks/CFNetwork.framework/Versions/A/CFNetwork
0x0000000005c57000 	/System/Library/Frameworks/SystemConfiguration.framework/Versions/A/SystemConfiguration
0x0000000005c57000 	/usr/lib/libCRFSuite.dylib
0x0000000005c57000 	/usr/lib/libc++.1.dylib
0x0000000005c57000 	/usr/lib/libc++abi.dylib
0x0000000005c57000 	/usr/lib/system/libcache.dylib
0x0000000005c57000 	/usr/lib/system/libcommonCrypto.dylib
0x0000000005c57000 	/usr/lib/system/libcompiler_rt.dylib
0x0000000005c57000 	/usr/lib/system/libcopyfile.dylib
0x0000000005c57000 	/usr/lib/system/libcorecrypto.dylib
0x0000000005c57000 	/usr/lib/system/libdispatch.dylib
0x0000000005c57000 	/usr/lib/system/libdyld.dylib
0x0000000005c57000 	/usr/lib/system/libkeymgr.dylib
0x0000000005c57000 	/usr/lib/system/liblaunch.dylib
0x0000000005c57000 	/usr/lib/system/libmacho.dylib
0x0000000005c57000 	/usr/lib/system/libquarantine.dylib
0x0000000005c57000 	/usr/lib/system/libremovefile.dylib
0x0000000005c57000 	/usr/lib/system/libsystem_asl.dylib
0x0000000005c57000 	/usr/lib/system/libsystem_blocks.dylib
0x0000000005c57000 	/usr/lib/system/libsystem_c.dylib
0x0000000005c57000 	/usr/lib/system/libsystem_configuration.dylib
0x0000000005c57000 	/usr/lib/system/libsystem_coreservices.dylib
0x0000000005c57000 	/usr/lib/system/libsystem_coretls.dylib
0x0000000005c57000 	/usr/lib/system/libsystem_dnssd.dylib
0x0000000005c57000 	/usr/lib/system/libsystem_info.dylib
0x0000000005c57000 	/usr/lib/system/libsystem_kernel.dylib
0x0000000005c57000 	/usr/lib/system/libsystem_m.dylib
0x0000000005c57000 	/usr/lib/system/libsystem_malloc.dylib
0x0000000005c57000 	/usr/lib/system/libsystem_network.dylib
0x0000000005c57000 	/usr/lib/system/libsystem_networkextension.dylib
0x0000000005c57000 	/usr/lib/system/libsystem_notify.dylib
0x0000000005c57000 	/usr/lib/system/libsystem_platform.dylib
0x0000000005c57000 	/usr/lib/system/libsystem_pthread.dylib
0x0000000005c57000 	/usr/lib/system/libsystem_sandbox.dylib
0x0000000005c57000 	/usr/lib/system/libsystem_secinit.dylib
0x0000000005c57000 	/usr/lib/system/libsystem_symptoms.dylib
0x0000000005c57000 	/usr/lib/system/libsystem_trace.dylib
0x0000000005c57000 	/usr/lib/system/libunwind.dylib
0x0000000005c57000 	/usr/lib/system/libxpc.dylib
0x0000000005c57000 	/usr/lib/libbsm.0.dylib
0x0000000005c57000 	/usr/lib/system/libkxld.dylib
0x0000000005c57000 	/usr/lib/libcoretls.dylib
0x0000000005c57000 	/usr/lib/libcoretls_cfhelpers.dylib
0x0000000005c57000 	/usr/lib/libOpenScriptingUtil.dylib
0x0000000005c57000 	/usr/lib/libpam.2.dylib
0x0000000005c57000 	/usr/lib/libsqlite3.dylib
0x0000000005c57000 	/usr/lib/libxar.1.dylib
0x0000000005c57000 	/usr/lib/libbz2.1.0.dylib
0x0000000005c57000 	/usr/lib/liblzma.5.dylib
0x0000000005c57000 	/usr/lib/libnetwork.dylib
0x0000000005c57000 	/usr/lib/libpcap.A.dylib
0x0000000005c57000 	/System/Library/Frameworks/CoreServices.framework/Versions/A/Frameworks/FSEvents.framework/Versions/A/FSEvents
0x0000000005c57000 	/System/Library/Frameworks/CoreServices.framework/Versions/A/Frameworks/CarbonCore.framework/Versions/A/CarbonCore
0x0000000005c57000 	/System/Library/Frameworks/CoreServices.framework/Versions/A/Frameworks/Metadata.framework/Versions/A/Metadata
0x0000000005c57000 	/System/Library/Frameworks/CoreServices.framework/Versions/A/Frameworks/OSServices.framework/Versions/A/OSServices
0x0000000005c57000 	/System/Library/Frameworks/CoreServices.framework/Versions/A/Frameworks/SearchKit.framework/Versions/A/SearchKit
0x0000000005c57000 	/System/Library/Frameworks/CoreServices.framework/Versions/A/Frameworks/AE.framework/Versions/A/AE
0x0000000005c57000 	/System/Library/Frameworks/CoreServices.framework/Versions/A/Frameworks/LaunchServices.framework/Versions/A/LaunchServices
0x0000000005c57000 	/System/Library/Frameworks/CoreServices.framework/Versions/A/Frameworks/DictionaryServices.framework/Versions/A/DictionaryServices
0x0000000005c57000 	/System/Library/Frameworks/CoreServices.framework/Versions/A/Frameworks/SharedFileList.framework/Versions/A/SharedFileList
0x0000000005c57000 	/System/Library/Frameworks/NetFS.framework/Versions/A/NetFS
0x0000000005c57000 	/System/Library/PrivateFrameworks/NetAuth.framework/Versions/A/NetAuth
0x0000000005c57000 	/System/Library/PrivateFrameworks/login.framework/Versions/A/Frameworks/loginsupport.framework/Versions/A/loginsupport
0x0000000005c57000 	/System/Library/PrivateFrameworks/TCC.framework/Versions/A/TCC
0x0000000005c57000 	/usr/lib/libmecabra.dylib
0x0000000005c57000 	/System/Library/Frameworks/ApplicationServices.framework/Versions/A/Frameworks/ATS.framework/Versions/A/ATS
0x0000000005c57000 	/System/Library/Frameworks/ApplicationServices.framework/Versions/A/Frameworks/ColorSync.framework/Versions/A/ColorSync
0x0000000005c57000 	/System/Library/Frameworks/ApplicationServices.framework/Versions/A/Frameworks/HIServices.framework/Versions/A/HIServices
0x0000000005c57000 	/System/Library/Frameworks/ApplicationServices.framework/Versions/A/Frameworks/LangAnalysis.framework/Versions/A/LangAnalysis
0x0000000005c57000 	/System/Library/Frameworks/ApplicationServices.framework/Versions/A/Frameworks/PrintCore.framework/Versions/A/PrintCore
0x0000000005c57000 	/System/Library/Frameworks/ApplicationServices.framework/Versions/A/Frameworks/QD.framework/Versions/A/QD
0x0000000005c57000 	/System/Library/Frameworks/ApplicationServices.framework/Versions/A/Frameworks/SpeechSynthesis.framework/Versions/A/SpeechSynthesis
0x0000000005c57000 	/System/Library/Frameworks/Accelerate.framework/Versions/A/Frameworks/vImage.framework/Versions/A/vImage
0x0000000005c57000 	/System/Library/Frameworks/Accelerate.framework/Versions/A/Frameworks/vecLib.framework/Versions/A/vecLib
0x0000000005c57000 	/System/Library/Frameworks/Accelerate.framework/Versions/A/Frameworks/vecLib.framework/Versions/A/libvDSP.dylib
0x0000000005c57000 	/System/Library/Frameworks/Accelerate.framework/Versions/A/Frameworks/vecLib.framework/Versions/A/libBNNS.dylib
0x0000000005c57000 	/System/Library/Frameworks/Accelerate.framework/Versions/A/Frameworks/vecLib.framework/Versions/A/libQuadrature.dylib
0x0000000005c57000 	/System/Library/Frameworks/Accelerate.framework/Versions/A/Frameworks/vecLib.framework/Versions/A/libvMisc.dylib
0x0000000005c57000 	/System/Library/Frameworks/Accelerate.framework/Versions/A/Frameworks/vecLib.framework/Versions/A/libLAPACK.dylib
0x0000000005c57000 	/System/Library/Frameworks/Accelerate.framework/Versions/A/Frameworks/vecLib.framework/Versions/A/libBLAS.dylib
0x0000000005c57000 	/System/Library/Frameworks/Accelerate.framework/Versions/A/Frameworks/vecLib.framework/Versions/A/libLinearAlgebra.dylib
0x0000000005c57000 	/System/Library/Frameworks/Accelerate.framework/Versions/A/Frameworks/vecLib.framework/Versions/A/libSparseBLAS.dylib
0x0000000005c57000 	/System/Library/Frameworks/ApplicationServices.framework/Versions/A/Frameworks/ATS.framework/Versions/A/Resources/libFontParser.dylib
0x0000000005c57000 	/System/Library/Frameworks/ApplicationServices.framework/Versions/A/Frameworks/ATS.framework/Versions/A/Resources/libFontRegistry.dylib
0x0000000005c57000 	/System/Library/Frameworks/ImageIO.framework/Versions/A/Resources/libJPEG.dylib
0x0000000005c57000 	/System/Library/Frameworks/ImageIO.framework/Versions/A/Resources/libTIFF.dylib
0x0000000005c57000 	/System/Library/Frameworks/ImageIO.framework/Versions/A/Resources/libPng.dylib
0x0000000005c57000 	/System/Library/Frameworks/ImageIO.framework/Versions/A/Resources/libGIF.dylib
0x0000000005c57000 	/System/Library/Frameworks/ImageIO.framework/Versions/A/Resources/libJP2.dylib
0x0000000005c57000 	/System/Library/Frameworks/ImageIO.framework/Versions/A/Resources/libRadiance.dylib
0x0000000005c57000 	/usr/lib/libcompression.dylib
0x0000000005c57000 	/System/Library/PrivateFrameworks/AppleJPEG.framework/Versions/A/AppleJPEG
0x0000000005c57000 	/usr/lib/libcups.2.dylib
0x0000000005c57000 	/System/Library/Frameworks/Kerberos.framework/Versions/A/Kerberos
0x0000000005c57000 	/System/Library/Frameworks/GSS.framework/Versions/A/GSS
0x0000000005c57000 	/usr/lib/libresolv.9.dylib
0x0000000005c57000 	/usr/lib/libiconv.2.dylib
0x0000000005c57000 	/System/Library/PrivateFrameworks/Heimdal.framework/Versions/A/Heimdal
0x0000000005c57000 	/usr/lib/libheimdal-asn1.dylib
0x0000000005c57000 	/System/Library/Frameworks/OpenDirectory.framework/Versions/A/OpenDirectory
0x0000000005c57000 	/System/Library/PrivateFrameworks/CommonAuth.framework/Versions/A/CommonAuth
0x0000000005c57000 	/System/Library/Frameworks/OpenDirectory.framework/Versions/A/Frameworks/CFOpenDirectory.framework/Versions/A/CFOpenDirectory
0x0000000005c57000 	/System/Library/Frameworks/SecurityFoundation.framework/Versions/A/SecurityFoundation
0x0000000005c57000 	/System/Library/PrivateFrameworks/LanguageModeling.framework/Versions/A/LanguageModeling
0x0000000005c57000 	/usr/lib/libmarisa.dylib
0x0000000005c57000 	/usr/lib/libChineseTokenizer.dylib
0x0000000005c57000 	/usr/lib/libcmph.dylib
0x0000000005c57000 	/System/Library/PrivateFrameworks/CoreEmoji.framework/Versions/A/CoreEmoji
0x0000000005c57000 	/System/Library/Frameworks/ServiceManagement.framework/Versions/A/ServiceManagement
0x0000000005c57000 	/usr/lib/libxslt.1.dylib
0x0000000005c57000 	/System/Library/Frameworks/Carbon.framework/Versions/A/Frameworks/Ink.framework/Versions/A/Ink
0x0000000005c57000 	/System/Library/PrivateFrameworks/TextureIO.framework/Versions/A/TextureIO
0x0000000005c57000 	/System/Library/Frameworks/Metal.framework/Versions/A/Metal
0x0000000005c57000 	/usr/lib/libate.dylib
0x0000000005c57000 	/System/Library/PrivateFrameworks/GPUCompiler.framework/libmetal_timestamp.dylib
0x0000000005c57000 	/System/Library/Frameworks/OpenGL.framework/Versions/A/Libraries/libCoreFSCache.dylib
0x0000000005c57000 	/System/Library/PrivateFrameworks/IOAccelerator.framework/Versions/A/IOAccelerator
0x0000000005c57000 	/System/Library/Frameworks/CoreVideo.framework/Versions/A/CoreVideo
0x0000000005c57000 	/usr/lib/libFosl_dynamic.dylib
0x0000000005c57000 	/System/Library/PrivateFrameworks/MetalPerformanceShaders.framework/Versions/A/MetalPerformanceShaders
0x0000000005c57000 	/System/Library/PrivateFrameworks/FaceCore.framework/Versions/A/FaceCore
0x0000000005c57000 	/System/Library/Frameworks/OpenCL.framework/Versions/A/OpenCL
0x0000000005c57000 	/System/Library/Frameworks/OpenGL.framework/Versions/A/Libraries/libGLU.dylib
0x0000000005c57000 	/System/Library/Frameworks/OpenGL.framework/Versions/A/Libraries/libGFXShared.dylib
0x0000000005c57000 	/System/Library/Frameworks/OpenGL.framework/Versions/A/Libraries/libGL.dylib
0x0000000005c57000 	/System/Library/Frameworks/OpenGL.framework/Versions/A/Libraries/libGLImage.dylib
0x0000000005c57000 	/System/Library/Frameworks/OpenGL.framework/Versions/A/Libraries/libCVMSPluginSupport.dylib
0x0000000005c57000 	/System/Library/Frameworks/OpenGL.framework/Versions/A/Libraries/libCoreVMClient.dylib
0x0000000005c57000 	/System/Library/PrivateFrameworks/CrashReporterSupport.framework/Versions/A/CrashReporterSupport
0x0000000005c57000 	/System/Library/PrivateFrameworks/Sharing.framework/Versions/A/Sharing
0x0000000005c57000 	/System/Library/PrivateFrameworks/IconServices.framework/Versions/A/IconServices
0x0000000005c57000 	/System/Library/PrivateFrameworks/ProtocolBuffer.framework/Versions/A/ProtocolBuffer
0x0000000005c57000 	/System/Library/PrivateFrameworks/Apple80211.framework/Versions/A/Apple80211
0x0000000005c57000 	/System/Library/Frameworks/CoreWLAN.framework/Versions/A/CoreWLAN
0x0000000005c57000 	/System/Library/PrivateFrameworks/CoreUtils.framework/Versions/A/CoreUtils
0x0000000005c57000 	/System/Library/Frameworks/IOBluetooth.framework/Versions/A/IOBluetooth
0x0000000005c57000 	/System/Library/PrivateFrameworks/CoreWiFi.framework/Versions/A/CoreWiFi
0x0000000005c57000 	/System/Library/Frameworks/CoreBluetooth.framework/Versions/A/CoreBluetooth
0x0000000005c57000 	/System/Library/Frameworks/CoreDisplay.framework/Versions/A/CoreDisplay
0x0000000005c57000 	/System/Library/PrivateFrameworks/IOPresentment.framework/Versions/A/IOPresentment
0x0000000005c57000 	/System/Library/PrivateFrameworks/DSExternalDisplay.framework/Versions/A/DSExternalDisplay
0x0000000005c57000 	/System/Library/PrivateFrameworks/DebugSymbols.framework/Versions/A/DebugSymbols
0x0000000005c57000 	/System/Library/PrivateFrameworks/CoreSymbolication.framework/Versions/A/CoreSymbolication
0x0000000005c57000 	/System/Library/PrivateFrameworks/Symbolication.framework/Versions/A/Symbolication
0x0000000005c57000 	/System/Library/PrivateFrameworks/AppleFSCompression.framework/Versions/A/AppleFSCompression
0x0000000005c57000 	/System/Library/PrivateFrameworks/SpeechRecognitionCore.framework/Versions/A/SpeechRecognitionCore
0x0000000005c57000 	/System/Library/PrivateFrameworks/ChunkingLibrary.framework/Versions/A/ChunkingLibrary
0x000000010e200000 	/Library/Java/JavaVirtualMachines/jdk1.8.0_71.jdk/Contents/Home/jre/lib/server/libjvm.dylib
0x0000000005c57000 	/usr/lib/libstdc++.6.dylib
0x000000010d955000 	/Library/Java/JavaVirtualMachines/jdk1.8.0_71.jdk/Contents/Home/jre/lib/libverify.dylib
0x000000010d963000 	/Library/Java/JavaVirtualMachines/jdk1.8.0_71.jdk/Contents/Home/jre/lib/libjava.dylib
0x000000010d9a2000 	/Library/Java/JavaVirtualMachines/jdk1.8.0_71.jdk/Contents/Home/jre/lib/libzip.dylib
0x000000011354c000 	/System/Library/Frameworks/JavaVM.framework/Frameworks/JavaRuntimeSupport.framework/JavaRuntimeSupport
0x000000010d9e8000 	/System/Library/Frameworks/JavaVM.framework/Versions/A/Frameworks/JavaNativeFoundation.framework/Versions/A/JavaNativeFoundation
0x0000000113566000 	/System/Library/Frameworks/JavaVM.framework/Versions/A/JavaVM
0x0000000005c57000 	/System/Library/Frameworks/Carbon.framework/Versions/A/Carbon
0x0000000113573000 	/System/Library/PrivateFrameworks/JavaLaunching.framework/Versions/A/JavaLaunching
0x0000000005c57000 	/System/Library/Frameworks/Carbon.framework/Versions/A/Frameworks/CommonPanels.framework/Versions/A/CommonPanels
0x0000000005c57000 	/System/Library/Frameworks/Carbon.framework/Versions/A/Frameworks/Help.framework/Versions/A/Help
0x0000000005c57000 	/System/Library/Frameworks/Carbon.framework/Versions/A/Frameworks/ImageCapture.framework/Versions/A/ImageCapture
0x0000000005c57000 	/System/Library/Frameworks/Carbon.framework/Versions/A/Frameworks/OpenScripting.framework/Versions/A/OpenScripting
0x0000000005c57000 	/System/Library/Frameworks/Carbon.framework/Versions/A/Frameworks/Print.framework/Versions/A/Print
0x0000000005c57000 	/System/Library/Frameworks/Carbon.framework/Versions/A/Frameworks/SecurityHI.framework/Versions/A/SecurityHI
0x0000000114e9f000 	/Library/Java/JavaVirtualMachines/jdk1.8.0_71.jdk/Contents/Home/jre/lib/libawt.dylib
0x0000000114f47000 	/Library/Java/JavaVirtualMachines/jdk1.8.0_71.jdk/Contents/Home/jre/lib/./libmlib_image.dylib
0x0000000115013000 	/Library/Java/JavaVirtualMachines/jdk1.8.0_71.jdk/Contents/Home/jre/lib/libawt_lwawt.dylib
0x00000001150c8000 	/Library/Java/JavaVirtualMachines/jdk1.8.0_71.jdk/Contents/Home/jre/lib/./libosxapp.dylib
0x0000000005c57000 	/System/Library/Frameworks/ExceptionHandling.framework/Versions/A/ExceptionHandling
0x0000000005c57000 	/System/Library/PrivateFrameworks/CoreServicesInternal.framework/Versions/A/CoreServicesInternal
0x0000000005c57000 	/System/Library/CoreServices/RawCamera.bundle/Contents/MacOS/RawCamera
0x0000000115547000 	/System/Library/Frameworks/Accelerate.framework/Frameworks/vImage.framework/Versions/A/Libraries/libCGInterfaces.dylib
0x0000000005c57000 	/System/Library/Frameworks/ApplicationServices.framework/Versions/A/Frameworks/ATS.framework/Versions/A/Resources/libTrueTypeScaler.dylib
0x0000000116bfd000 	/System/Library/Frameworks/OpenGL.framework/Resources/GLEngine.bundle/GLEngine
0x0000000005c57000 	/System/Library/Frameworks/OpenGL.framework/Versions/A/Libraries/libGLProgrammability.dylib
0x0000000116de2000 	/System/Library/Extensions/AppleIntelBDWGraphicsGLDriver.bundle/Contents/MacOS/AppleIntelBDWGraphicsGLDriver
0x0000000005c57000 	/System/Library/PrivateFrameworks/GPUSupport.framework/Versions/A/Libraries/libGPUSupportMercury.dylib
0x000000011754f000 	/System/Library/Frameworks/OpenGL.framework/Resources//GLRendererFloat.bundle/GLRendererFloat
0x0000000005c57000 	/System/Library/Frameworks/OpenCL.framework/Versions/A/Libraries/libcldcpuengine.dylib
0x0000000005c57000 	/usr/lib/libcrypto.0.9.8.dylib
0x0000000005c57000 	/System/Library/PrivateFrameworks/TrustEvaluationAgent.framework/Versions/A/TrustEvaluationAgent
0x0000000117583000 	/System/Library/Extensions/AppleIntelBDWGraphicsMTLDriver.bundle/Contents/MacOS/AppleIntelBDWGraphicsMTLDriver
0x0000000005c57000 	/System/Library/PrivateFrameworks/FamilyControls.framework/Versions/A/FamilyControls
0x0000000005c57000 	/System/Library/PrivateFrameworks/CommerceKit.framework/Versions/A/Frameworks/CommerceCore.framework/Versions/A/CommerceCore
0x0000000005c57000 	/System/Library/PrivateFrameworks/SystemAdministration.framework/Versions/A/SystemAdministration
0x0000000005c57000 	/System/Library/PrivateFrameworks/AppContainer.framework/Versions/A/AppContainer
0x0000000005c57000 	/System/Library/PrivateFrameworks/SecCodeWrapper.framework/Versions/A/SecCodeWrapper
0x0000000005c57000 	/System/Library/Frameworks/DirectoryService.framework/Versions/A/DirectoryService
0x0000000005c57000 	/System/Library/PrivateFrameworks/DiskImages.framework/Versions/A/DiskImages
0x0000000005c57000 	/System/Library/PrivateFrameworks/LoginUIKit.framework/Versions/A/Frameworks/LoginUICore.framework/Versions/A/LoginUICore
0x0000000005c57000 	/usr/lib/libCoreStorage.dylib
0x0000000005c57000 	/usr/lib/libcsfde.dylib
0x0000000005c57000 	/usr/lib/libodfde.dylib
0x0000000005c57000 	/System/Library/Frameworks/DiscRecording.framework/Versions/A/DiscRecording
0x0000000005c57000 	/usr/lib/libcurl.4.dylib
0x0000000005c57000 	/System/Library/PrivateFrameworks/MediaKit.framework/Versions/A/MediaKit
0x0000000005c57000 	/System/Library/PrivateFrameworks/ProtectedCloudStorage.framework/Versions/A/ProtectedCloudStorage
0x0000000005c57000 	/System/Library/PrivateFrameworks/EFILogin.framework/Versions/A/EFILogin
0x0000000005c57000 	/usr/lib/libutil.dylib
0x0000000005c57000 	/System/Library/Frameworks/LDAP.framework/Versions/A/LDAP
0x0000000005c57000 	/usr/lib/libsasl2.2.dylib
0x0000000005c57000 	/System/Library/PrivateFrameworks/CoreDaemon.framework/Versions/B/CoreDaemon
0x0000000005c57000 	/System/Library/PrivateFrameworks/AppleSRP.framework/Versions/A/AppleSRP
0x0000000005c57000 	/System/Library/PrivateFrameworks/APFS.framework/Versions/A/APFS
0x0000000118c5c000 	/Library/Java/JavaVirtualMachines/jdk1.8.0_71.jdk/Contents/Home/jre/lib/libfontmanager.dylib
0x0000000118cc3000 	/Users/song/Code/Java_workspace/Adventures-of-Mason/lib/natives/liblwjgl.dylib
0x0000000116050000 	/Library/Java/JavaVirtualMachines/jdk1.8.0_71.jdk/Contents/Home/jre/lib/libjawt.dylib
0x0000000005c57000 	/System/Library/PrivateFrameworks/ViewBridge.framework/Versions/A/ViewBridge
0x0000000005c57000 	/System/Library/PrivateFrameworks/XPCService.framework/Versions/A/XPCService
0x0000000005c57000 	/System/Library/PrivateFrameworks/AppSandbox.framework/Versions/A/AppSandbox
0x0000000005c57000 	/usr/lib/libsandbox.1.dylib
0x0000000005c57000 	/usr/lib/libMatch.1.dylib

VM Arguments:
jvm_args: -Djava.library.path=/Users/song/Code/Java_workspace/Adventures-of-Mason/lib/natives -Dfile.encoding=UTF-8 
java_command: com.mason.main.Main
java_class_path (initial): /Users/song/Code/Java_workspace/Adventures-of-Mason/bin:/Users/song/Code/Java_workspace/Adventures-of-Mason/lib/jars/lwjgl.jar:/Users/song/Code/Java_workspace/Adventures-of-Mason/lib/jars/slick.jar
Launcher Type: SUN_STANDARD

Environment Variables:
PATH=/usr/bin:/bin:/usr/sbin:/sbin
SHELL=/bin/bash
DISPLAY=/private/tmp/com.apple.launchd.Awcooqj8Fp/org.macosforge.xquartz:0

Signal Handlers:
SIGSEGV: [libjvm.dylib+0x5a68c5], sa_mask[0]=11111111011111110111111111111111, sa_flags=SA_ONSTACK|SA_RESTART|SA_SIGINFO
SIGBUS: [libjvm.dylib+0x5a68c5], sa_mask[0]=11111111011111110111111111111111, sa_flags=SA_RESTART|SA_SIGINFO
SIGFPE: [libjvm.dylib+0x4805d4], sa_mask[0]=11111111011111110111111111111111, sa_flags=SA_RESTART|SA_SIGINFO
SIGPIPE: [libjvm.dylib+0x4805d4], sa_mask[0]=11111111011111110111111111111111, sa_flags=SA_RESTART|SA_SIGINFO
SIGXFSZ: [libjvm.dylib+0x4805d4], sa_mask[0]=11111111011111110111111111111111, sa_flags=SA_RESTART|SA_SIGINFO
SIGILL: [libjvm.dylib+0x4805d4], sa_mask[0]=11111111011111110111111111111111, sa_flags=SA_RESTART|SA_SIGINFO
SIGUSR1: SIG_DFL, sa_mask[0]=00000000000000000000000000000000, sa_flags=none
SIGUSR2: [libjvm.dylib+0x4800f2], sa_mask[0]=00100000000000000000000000000000, sa_flags=SA_RESTART|SA_SIGINFO
SIGHUP: [libjvm.dylib+0x47e6c9], sa_mask[0]=11111111011111110111111111111111, sa_flags=SA_RESTART|SA_SIGINFO
SIGINT: [libjvm.dylib+0x47e6c9], sa_mask[0]=11111111011111110111111111111111, sa_flags=SA_RESTART|SA_SIGINFO
SIGTERM: [libjvm.dylib+0x47e6c9], sa_mask[0]=11111111011111110111111111111111, sa_flags=SA_RESTART|SA_SIGINFO
SIGQUIT: [libjvm.dylib+0x47e6c9], sa_mask[0]=11111111011111110111111111111111, sa_flags=SA_RESTART|SA_SIGINFO


---------------  S Y S T E M  ---------------

OS:Bsduname:Darwin 16.7.0 Darwin Kernel Version 16.7.0: Thu Jun 15 17:36:27 PDT 2017; root:xnu-3789.70.16~2/RELEASE_X86_64 x86_64
rlimit: STACK 8192k, CORE 0k, NPROC 709, NOFILE 10240, AS infinity
load average:2.15 2.22 2.16

CPU:total 4 (2 cores per cpu, 2 threads per core) family 6 model 61 stepping 4, cmov, cx8, fxsr, mmx, sse, sse2, sse3, ssse3, sse4.1, sse4.2, popcnt, avx, avx2, aes, clmul, erms, 3dnowpref, lzcnt, ht, tsc, tscinvbit, bmi1, bmi2, adx

Memory: 4k page, physical 4194304k(176896k free)

/proc/meminfo:


vm_info: Java HotSpot(TM) 64-Bit Server VM (25.71-b15) for bsd-amd64 JRE (1.8.0_71-b15), built on Dec 22 2015 15:11:44 by "java_re" with gcc 4.2.1 (Based on Apple Inc. build 5658) (LLVM build 2336.11.00)

time: Fri Aug 18 19:40:42 2017
elapsed time: 54 seconds (0d 0h 0m 54s)

